<?xml version="1.0" encoding="UTF-8" ?>
<testsuites name="vitest tests" tests="68" failures="17" errors="0" time="151.965">
    <testsuite name="src/services/__tests__/adminApi.contract.test.ts" timestamp="2025-08-10T11:51:31.567Z" hostname="DESKTOP-CSMHNRS" tests="10" failures="0" errors="0" skipped="0" time="0.122">
        <testcase classname="src/services/__tests__/adminApi.contract.test.ts" name="AdminApi contracts &gt; getSystemStats GET /admin/stats" time="0.031">
        </testcase>
        <testcase classname="src/services/__tests__/adminApi.contract.test.ts" name="AdminApi contracts &gt; getUserActivity GET /admin/users/activity-list with params" time="0.005">
        </testcase>
        <testcase classname="src/services/__tests__/adminApi.contract.test.ts" name="AdminApi contracts &gt; getSecurityAudit maps from/to to from_ts/to_ts" time="0.007">
        </testcase>
        <testcase classname="src/services/__tests__/adminApi.contract.test.ts" name="AdminApi contracts &gt; getSystemLogs maps options and envelope default" time="0.007">
        </testcase>
        <testcase classname="src/services/__tests__/adminApi.contract.test.ts" name="AdminApi contracts &gt; getAuditLogs maps filters and envelope" time="0.007">
        </testcase>
        <testcase classname="src/services/__tests__/adminApi.contract.test.ts" name="AdminApi contracts &gt; cleanupFiles POST with dry_run param" time="0.007">
        </testcase>
        <testcase classname="src/services/__tests__/adminApi.contract.test.ts" name="AdminApi contracts &gt; clearRateLimits POST no body" time="0.002">
        </testcase>
        <testcase classname="src/services/__tests__/adminApi.contract.test.ts" name="AdminApi contracts &gt; listUsers GET with pagination and envelope" time="0.006">
        </testcase>
        <testcase classname="src/services/__tests__/adminApi.contract.test.ts" name="AdminApi contracts &gt; updateUser PUT with body" time="0.01">
        </testcase>
        <testcase classname="src/services/__tests__/adminApi.contract.test.ts" name="AdminApi contracts &gt; bulkUserAction POST with payload" time="0.008">
        </testcase>
    </testsuite>
    <testsuite name="src/services/__tests__/adminApi.responses.test.ts" timestamp="2025-08-10T11:51:31.602Z" hostname="DESKTOP-CSMHNRS" tests="8" failures="0" errors="0" skipped="0" time="0.13">
        <testcase classname="src/services/__tests__/adminApi.responses.test.ts" name="AdminApi response shapes &gt; returns SystemStats shape" time="0.047">
        </testcase>
        <testcase classname="src/services/__tests__/adminApi.responses.test.ts" name="AdminApi response shapes &gt; returns UserActivity array" time="0.002">
        </testcase>
        <testcase classname="src/services/__tests__/adminApi.responses.test.ts" name="AdminApi response shapes &gt; returns SystemMetrics" time="0.001">
        </testcase>
        <testcase classname="src/services/__tests__/adminApi.responses.test.ts" name="AdminApi response shapes &gt; returns SecurityAudit" time="0.008">
        </testcase>
        <testcase classname="src/services/__tests__/adminApi.responses.test.ts" name="AdminApi response shapes &gt; returns listUsers envelope and raw" time="0.019">
        </testcase>
        <testcase classname="src/services/__tests__/adminApi.responses.test.ts" name="AdminApi response shapes &gt; returns logs envelope and raw" time="0.006">
        </testcase>
        <testcase classname="src/services/__tests__/adminApi.responses.test.ts" name="AdminApi response shapes &gt; returns audit envelope variants" time="0.004">
        </testcase>
        <testcase classname="src/services/__tests__/adminApi.responses.test.ts" name="AdminApi response shapes &gt; returns health and maintenance schedules" time="0.018">
        </testcase>
    </testsuite>
    <testsuite name="src/services/__tests__/api.client.test.ts" timestamp="2025-08-10T11:51:31.621Z" hostname="DESKTOP-CSMHNRS" tests="3" failures="0" errors="0" skipped="0" time="0.132">
        <testcase classname="src/services/__tests__/api.client.test.ts" name="apiClient interceptors &gt; adds Authorization header when access_token is present" time="0.025">
        </testcase>
        <testcase classname="src/services/__tests__/api.client.test.ts" name="apiClient interceptors &gt; does not add Authorization when token missing" time="0.009">
        </testcase>
        <testcase classname="src/services/__tests__/api.client.test.ts" name="apiClient interceptors &gt; on 401 clears tokens" time="0.012">
        </testcase>
    </testsuite>
    <testsuite name="src/pages/__tests__/AdminDashboard.access-control.test.tsx" timestamp="2025-08-10T11:51:31.631Z" hostname="DESKTOP-CSMHNRS" tests="1" failures="0" errors="0" skipped="0" time="1.437">
        <testcase classname="src/pages/__tests__/AdminDashboard.access-control.test.tsx" name="AdminDashboard access control &gt; redirects to /login when unauthenticated (renders null)" time="1.395">
            <system-err>
Warning: `ReactDOMTestUtils.act` is deprecated in favor of `React.act`. Import `act` from `react` instead of `react-dom/test-utils`. See https://react.dev/warnings/react-dom-test-utils for more info.

            </system-err>
        </testcase>
    </testsuite>
    <testsuite name="src/pages/__tests__/AdminDashboard.audit-filters.test.tsx" timestamp="2025-08-10T11:51:31.638Z" hostname="DESKTOP-CSMHNRS" tests="1" failures="1" errors="0" skipped="0" time="0.644">
        <testcase classname="src/pages/__tests__/AdminDashboard.audit-filters.test.tsx" name="AdminDashboard Audit filters &gt; applies audit filters and calls service with correct params" time="0.586">
            <system-err>
Warning: `ReactDOMTestUtils.act` is deprecated in favor of `React.act`. Import `act` from `react` instead of `react-dom/test-utils`. See https://react.dev/warnings/react-dom-test-utils for more info.
Error: Uncaught [Error: [vitest] No &quot;ConfirmDialog&quot; export is defined on the &quot;@/components/ui/ConfirmDialog&quot; mock. Did you forget to return it from &quot;vi.mock&quot;?
If you need to partially mock a module, you can use &quot;vi.importActual&quot; inside:

[32mvi.mock(&quot;@/components/ui/ConfirmDialog&quot;, async () =&gt; {
  const actual = await vi.importActual(&quot;@/components/ui/ConfirmDialog&quot;)
  return {
    ...actual,
    // your mocked methods
  },
})[39m
]
    at reportException (/home/alex/projects/fin-model/frontend/node_modules/.pnpm/jsdom@22.1.0/node_modules/jsdom/lib/jsdom/living/helpers/runtime-script-errors.js:66:24)
    at innerInvokeEventListeners (/home/alex/projects/fin-model/frontend/node_modules/.pnpm/jsdom@22.1.0/node_modules/jsdom/lib/jsdom/living/events/EventTarget-impl.js:353:9)
    at invokeEventListeners (/home/alex/projects/fin-model/frontend/node_modules/.pnpm/jsdom@22.1.0/node_modules/jsdom/lib/jsdom/living/events/EventTarget-impl.js:286:3)
    at HTMLUnknownElementImpl._dispatch (/home/alex/projects/fin-model/frontend/node_modules/.pnpm/jsdom@22.1.0/node_modules/jsdom/lib/jsdom/living/events/EventTarget-impl.js:233:9)
    at HTMLUnknownElementImpl.dispatchEvent (/home/alex/projects/fin-model/frontend/node_modules/.pnpm/jsdom@22.1.0/node_modules/jsdom/lib/jsdom/living/events/EventTarget-impl.js:104:17)
    at HTMLUnknownElement.dispatchEvent (/home/alex/projects/fin-model/frontend/node_modules/.pnpm/jsdom@22.1.0/node_modules/jsdom/lib/jsdom/living/generated/EventTarget.js:241:34)
    at Object.invokeGuardedCallbackDev (/home/alex/projects/fin-model/frontend/node_modules/.pnpm/react-dom@18.3.1_react@18.3.1/node_modules/react-dom/cjs/react-dom.development.js:4213:16)
    at invokeGuardedCallback (/home/alex/projects/fin-model/frontend/node_modules/.pnpm/react-dom@18.3.1_react@18.3.1/node_modules/react-dom/cjs/react-dom.development.js:4277:31)
    at beginWork$1 (/home/alex/projects/fin-model/frontend/node_modules/.pnpm/react-dom@18.3.1_react@18.3.1/node_modules/react-dom/cjs/react-dom.development.js:27490:7)
    at performUnitOfWork (/home/alex/projects/fin-model/frontend/node_modules/.pnpm/react-dom@18.3.1_react@18.3.1/node_modules/react-dom/cjs/react-dom.development.js:26599:12) Error: [vitest] No &quot;ConfirmDialog&quot; export is defined on the &quot;@/components/ui/ConfirmDialog&quot; mock. Did you forget to return it from &quot;vi.mock&quot;?
If you need to partially mock a module, you can use &quot;vi.importActual&quot; inside:

[32mvi.mock(&quot;@/components/ui/ConfirmDialog&quot;, async () =&gt; {
  const actual = await vi.importActual(&quot;@/components/ui/ConfirmDialog&quot;)
  return {
    ...actual,
    // your mocked methods
  },
})[39m

    at VitestMocker.createError [90m(file:///home/alex/projects/fin-model/frontend/[39mnode_modules/[4m.pnpm[24m/vitest@0.34.6_jsdom@22.1.0_playwright@1.54.2/node_modules/[4mvitest[24m/dist/vendor-execute.07d1a420.js:80:12[90m)[39m
    at Object.ConfirmDialog [as get] [90m(file:///home/alex/projects/fin-model/frontend/[39mnode_modules/[4m.pnpm[24m/vitest@0.34.6_jsdom@22.1.0_playwright@1.54.2/node_modules/[4mvitest[24m/dist/vendor-execute.07d1a420.js:153:22[90m)[39m
    at AdminDashboard [90m(/home/alex/projects/fin-model/frontend/[39msrc/pages/AdminDashboard.tsx:1101:8[90m)[39m
    at renderWithHooks [90m(/home/alex/projects/fin-model/frontend/[39mnode_modules/[4m.pnpm[24m/react-dom@18.3.1_react@18.3.1/node_modules/[4mreact-dom[24m/cjs/react-dom.development.js:15486:18[90m)[39m
    at mountIndeterminateComponent [90m(/home/alex/projects/fin-model/frontend/[39mnode_modules/[4m.pnpm[24m/react-dom@18.3.1_react@18.3.1/node_modules/[4mreact-dom[24m/cjs/react-dom.development.js:20103:13[90m)[39m
    at beginWork [90m(/home/alex/projects/fin-model/frontend/[39mnode_modules/[4m.pnpm[24m/react-dom@18.3.1_react@18.3.1/node_modules/[4mreact-dom[24m/cjs/react-dom.development.js:21626:16[90m)[39m
    at HTMLUnknownElement.callCallback [90m(/home/alex/projects/fin-model/frontend/[39mnode_modules/[4m.pnpm[24m/react-dom@18.3.1_react@18.3.1/node_modules/[4mreact-dom[24m/cjs/react-dom.development.js:4164:14[90m)[39m
    at HTMLUnknownElement.callTheUserObjectsOperation [90m(/home/alex/projects/fin-model/frontend/[39mnode_modules/[4m.pnpm[24m/jsdom@22.1.0/node_modules/[4mjsdom[24m/lib/jsdom/living/generated/EventListener.js:26:30[90m)[39m
    at innerInvokeEventListeners [90m(/home/alex/projects/fin-model/frontend/[39mnode_modules/[4m.pnpm[24m/jsdom@22.1.0/node_modules/[4mjsdom[24m/lib/jsdom/living/events/EventTarget-impl.js:350:25[90m)[39m
    at invokeEventListeners [90m(/home/alex/projects/fin-model/frontend/[39mnode_modules/[4m.pnpm[24m/jsdom@22.1.0/node_modules/[4mjsdom[24m/lib/jsdom/living/events/EventTarget-impl.js:286:3[90m)[39m
Error: Uncaught [Error: [vitest] No &quot;ConfirmDialog&quot; export is defined on the &quot;@/components/ui/ConfirmDialog&quot; mock. Did you forget to return it from &quot;vi.mock&quot;?
If you need to partially mock a module, you can use &quot;vi.importActual&quot; inside:

[32mvi.mock(&quot;@/components/ui/ConfirmDialog&quot;, async () =&gt; {
  const actual = await vi.importActual(&quot;@/components/ui/ConfirmDialog&quot;)
  return {
    ...actual,
    // your mocked methods
  },
})[39m
]
    at reportException (/home/alex/projects/fin-model/frontend/node_modules/.pnpm/jsdom@22.1.0/node_modules/jsdom/lib/jsdom/living/helpers/runtime-script-errors.js:66:24)
    at innerInvokeEventListeners (/home/alex/projects/fin-model/frontend/node_modules/.pnpm/jsdom@22.1.0/node_modules/jsdom/lib/jsdom/living/events/EventTarget-impl.js:353:9)
    at invokeEventListeners (/home/alex/projects/fin-model/frontend/node_modules/.pnpm/jsdom@22.1.0/node_modules/jsdom/lib/jsdom/living/events/EventTarget-impl.js:286:3)
    at HTMLUnknownElementImpl._dispatch (/home/alex/projects/fin-model/frontend/node_modules/.pnpm/jsdom@22.1.0/node_modules/jsdom/lib/jsdom/living/events/EventTarget-impl.js:233:9)
    at HTMLUnknownElementImpl.dispatchEvent (/home/alex/projects/fin-model/frontend/node_modules/.pnpm/jsdom@22.1.0/node_modules/jsdom/lib/jsdom/living/events/EventTarget-impl.js:104:17)
    at HTMLUnknownElement.dispatchEvent (/home/alex/projects/fin-model/frontend/node_modules/.pnpm/jsdom@22.1.0/node_modules/jsdom/lib/jsdom/living/generated/EventTarget.js:241:34)
    at Object.invokeGuardedCallbackDev (/home/alex/projects/fin-model/frontend/node_modules/.pnpm/react-dom@18.3.1_react@18.3.1/node_modules/react-dom/cjs/react-dom.development.js:4213:16)
    at invokeGuardedCallback (/home/alex/projects/fin-model/frontend/node_modules/.pnpm/react-dom@18.3.1_react@18.3.1/node_modules/react-dom/cjs/react-dom.development.js:4277:31)
    at beginWork$1 (/home/alex/projects/fin-model/frontend/node_modules/.pnpm/react-dom@18.3.1_react@18.3.1/node_modules/react-dom/cjs/react-dom.development.js:27490:7)
    at performUnitOfWork (/home/alex/projects/fin-model/frontend/node_modules/.pnpm/react-dom@18.3.1_react@18.3.1/node_modules/react-dom/cjs/react-dom.development.js:26599:12) Error: [vitest] No &quot;ConfirmDialog&quot; export is defined on the &quot;@/components/ui/ConfirmDialog&quot; mock. Did you forget to return it from &quot;vi.mock&quot;?
If you need to partially mock a module, you can use &quot;vi.importActual&quot; inside:

[32mvi.mock(&quot;@/components/ui/ConfirmDialog&quot;, async () =&gt; {
  const actual = await vi.importActual(&quot;@/components/ui/ConfirmDialog&quot;)
  return {
    ...actual,
    // your mocked methods
  },
})[39m

    at VitestMocker.createError [90m(file:///home/alex/projects/fin-model/frontend/[39mnode_modules/[4m.pnpm[24m/vitest@0.34.6_jsdom@22.1.0_playwright@1.54.2/node_modules/[4mvitest[24m/dist/vendor-execute.07d1a420.js:80:12[90m)[39m
    at Object.ConfirmDialog [as get] [90m(file:///home/alex/projects/fin-model/frontend/[39mnode_modules/[4m.pnpm[24m/vitest@0.34.6_jsdom@22.1.0_playwright@1.54.2/node_modules/[4mvitest[24m/dist/vendor-execute.07d1a420.js:153:22[90m)[39m
    at AdminDashboard [90m(/home/alex/projects/fin-model/frontend/[39msrc/pages/AdminDashboard.tsx:1101:8[90m)[39m
    at renderWithHooks [90m(/home/alex/projects/fin-model/frontend/[39mnode_modules/[4m.pnpm[24m/react-dom@18.3.1_react@18.3.1/node_modules/[4mreact-dom[24m/cjs/react-dom.development.js:15486:18[90m)[39m
    at mountIndeterminateComponent [90m(/home/alex/projects/fin-model/frontend/[39mnode_modules/[4m.pnpm[24m/react-dom@18.3.1_react@18.3.1/node_modules/[4mreact-dom[24m/cjs/react-dom.development.js:20103:13[90m)[39m
    at beginWork [90m(/home/alex/projects/fin-model/frontend/[39mnode_modules/[4m.pnpm[24m/react-dom@18.3.1_react@18.3.1/node_modules/[4mreact-dom[24m/cjs/react-dom.development.js:21626:16[90m)[39m
    at HTMLUnknownElement.callCallback [90m(/home/alex/projects/fin-model/frontend/[39mnode_modules/[4m.pnpm[24m/react-dom@18.3.1_react@18.3.1/node_modules/[4mreact-dom[24m/cjs/react-dom.development.js:4164:14[90m)[39m
    at HTMLUnknownElement.callTheUserObjectsOperation [90m(/home/alex/projects/fin-model/frontend/[39mnode_modules/[4m.pnpm[24m/jsdom@22.1.0/node_modules/[4mjsdom[24m/lib/jsdom/living/generated/EventListener.js:26:30[90m)[39m
    at innerInvokeEventListeners [90m(/home/alex/projects/fin-model/frontend/[39mnode_modules/[4m.pnpm[24m/jsdom@22.1.0/node_modules/[4mjsdom[24m/lib/jsdom/living/events/EventTarget-impl.js:350:25[90m)[39m
    at invokeEventListeners [90m(/home/alex/projects/fin-model/frontend/[39mnode_modules/[4m.pnpm[24m/jsdom@22.1.0/node_modules/[4mjsdom[24m/lib/jsdom/living/events/EventTarget-impl.js:286:3[90m)[39m
The above error occurred in the &lt;AdminDashboard&gt; component:

    at AdminDashboard (/home/alex/projects/fin-model/frontend/src/pages/AdminDashboard.tsx:46:79)

Consider adding an error boundary to your tree to customize error handling behavior.
Visit https://reactjs.org/link/error-boundaries to learn more about error boundaries.

            </system-err>
            <failure message="[vitest] No &quot;ConfirmDialog&quot; export is defined on the &quot;@/components/ui/ConfirmDialog&quot; mock. Did you forget to return it from &quot;vi.mock&quot;?
If you need to partially mock a module, you can use &quot;vi.importActual&quot; inside:

[32mvi.mock(&quot;@/components/ui/ConfirmDialog&quot;, async () =&gt; {
  const actual = await vi.importActual(&quot;@/components/ui/ConfirmDialog&quot;)
  return {
    ...actual,
    // your mocked methods
  },
})[39m
" type="Error">
Error: [vitest] No &quot;ConfirmDialog&quot; export is defined on the &quot;@/components/ui/ConfirmDialog&quot; mock. Did you forget to return it from &quot;vi.mock&quot;?
If you need to partially mock a module, you can use &quot;vi.importActual&quot; inside:

[32mvi.mock(&quot;@/components/ui/ConfirmDialog&quot;, async () =&gt; {
  const actual = await vi.importActual(&quot;@/components/ui/ConfirmDialog&quot;)
  return {
    ...actual,
    // your mocked methods
  },
})[39m

 ❯ AdminDashboard src/pages/AdminDashboard.tsx:1101:8
 ❯ renderWithHooks node_modules/.pnpm/react-dom@18.3.1_react@18.3.1/node_modules/react-dom/cjs/react-dom.development.js:15486:18
 ❯ mountIndeterminateComponent node_modules/.pnpm/react-dom@18.3.1_react@18.3.1/node_modules/react-dom/cjs/react-dom.development.js:20103:13
 ❯ beginWork node_modules/.pnpm/react-dom@18.3.1_react@18.3.1/node_modules/react-dom/cjs/react-dom.development.js:21626:16
 ❯ beginWork$1 node_modules/.pnpm/react-dom@18.3.1_react@18.3.1/node_modules/react-dom/cjs/react-dom.development.js:27465:14
 ❯ performUnitOfWork node_modules/.pnpm/react-dom@18.3.1_react@18.3.1/node_modules/react-dom/cjs/react-dom.development.js:26599:12
 ❯ workLoopSync node_modules/.pnpm/react-dom@18.3.1_react@18.3.1/node_modules/react-dom/cjs/react-dom.development.js:26505:5
 ❯ renderRootSync node_modules/.pnpm/react-dom@18.3.1_react@18.3.1/node_modules/react-dom/cjs/react-dom.development.js:26473:7
            </failure>
        </testcase>
    </testsuite>
    <testsuite name="src/pages/__tests__/AdminDashboard.audit-permissions.test.tsx" timestamp="2025-08-10T11:51:31.679Z" hostname="DESKTOP-CSMHNRS" tests="2" failures="2" errors="0" skipped="0" time="1.015">
        <testcase classname="src/pages/__tests__/AdminDashboard.audit-permissions.test.tsx" name="AdminDashboard Audit and Permissions &gt; displays permissions information" time="0.823">
            <system-err>
Warning: `ReactDOMTestUtils.act` is deprecated in favor of `React.act`. Import `act` from `react` instead of `react-dom/test-utils`. See https://react.dev/warnings/react-dom-test-utils for more info.
Error: Uncaught [Error: [vitest] No &quot;ConfirmDialog&quot; export is defined on the &quot;@/components/ui/ConfirmDialog&quot; mock. Did you forget to return it from &quot;vi.mock&quot;?
If you need to partially mock a module, you can use &quot;vi.importActual&quot; inside:

[32mvi.mock(&quot;@/components/ui/ConfirmDialog&quot;, async () =&gt; {
  const actual = await vi.importActual(&quot;@/components/ui/ConfirmDialog&quot;)
  return {
    ...actual,
    // your mocked methods
  },
})[39m
]
    at reportException (/home/alex/projects/fin-model/frontend/node_modules/.pnpm/jsdom@22.1.0/node_modules/jsdom/lib/jsdom/living/helpers/runtime-script-errors.js:66:24)
    at innerInvokeEventListeners (/home/alex/projects/fin-model/frontend/node_modules/.pnpm/jsdom@22.1.0/node_modules/jsdom/lib/jsdom/living/events/EventTarget-impl.js:353:9)
    at invokeEventListeners (/home/alex/projects/fin-model/frontend/node_modules/.pnpm/jsdom@22.1.0/node_modules/jsdom/lib/jsdom/living/events/EventTarget-impl.js:286:3)
    at HTMLUnknownElementImpl._dispatch (/home/alex/projects/fin-model/frontend/node_modules/.pnpm/jsdom@22.1.0/node_modules/jsdom/lib/jsdom/living/events/EventTarget-impl.js:233:9)
    at HTMLUnknownElementImpl.dispatchEvent (/home/alex/projects/fin-model/frontend/node_modules/.pnpm/jsdom@22.1.0/node_modules/jsdom/lib/jsdom/living/events/EventTarget-impl.js:104:17)
    at HTMLUnknownElement.dispatchEvent (/home/alex/projects/fin-model/frontend/node_modules/.pnpm/jsdom@22.1.0/node_modules/jsdom/lib/jsdom/living/generated/EventTarget.js:241:34)
    at Object.invokeGuardedCallbackDev (/home/alex/projects/fin-model/frontend/node_modules/.pnpm/react-dom@18.3.1_react@18.3.1/node_modules/react-dom/cjs/react-dom.development.js:4213:16)
    at invokeGuardedCallback (/home/alex/projects/fin-model/frontend/node_modules/.pnpm/react-dom@18.3.1_react@18.3.1/node_modules/react-dom/cjs/react-dom.development.js:4277:31)
    at beginWork$1 (/home/alex/projects/fin-model/frontend/node_modules/.pnpm/react-dom@18.3.1_react@18.3.1/node_modules/react-dom/cjs/react-dom.development.js:27490:7)
    at performUnitOfWork (/home/alex/projects/fin-model/frontend/node_modules/.pnpm/react-dom@18.3.1_react@18.3.1/node_modules/react-dom/cjs/react-dom.development.js:26599:12) Error: [vitest] No &quot;ConfirmDialog&quot; export is defined on the &quot;@/components/ui/ConfirmDialog&quot; mock. Did you forget to return it from &quot;vi.mock&quot;?
If you need to partially mock a module, you can use &quot;vi.importActual&quot; inside:

[32mvi.mock(&quot;@/components/ui/ConfirmDialog&quot;, async () =&gt; {
  const actual = await vi.importActual(&quot;@/components/ui/ConfirmDialog&quot;)
  return {
    ...actual,
    // your mocked methods
  },
})[39m

    at VitestMocker.createError [90m(file:///home/alex/projects/fin-model/frontend/[39mnode_modules/[4m.pnpm[24m/vitest@0.34.6_jsdom@22.1.0_playwright@1.54.2/node_modules/[4mvitest[24m/dist/vendor-execute.07d1a420.js:80:12[90m)[39m
    at Object.ConfirmDialog [as get] [90m(file:///home/alex/projects/fin-model/frontend/[39mnode_modules/[4m.pnpm[24m/vitest@0.34.6_jsdom@22.1.0_playwright@1.54.2/node_modules/[4mvitest[24m/dist/vendor-execute.07d1a420.js:153:22[90m)[39m
    at AdminDashboard [90m(/home/alex/projects/fin-model/frontend/[39msrc/pages/AdminDashboard.tsx:1101:8[90m)[39m
    at renderWithHooks [90m(/home/alex/projects/fin-model/frontend/[39mnode_modules/[4m.pnpm[24m/react-dom@18.3.1_react@18.3.1/node_modules/[4mreact-dom[24m/cjs/react-dom.development.js:15486:18[90m)[39m
    at mountIndeterminateComponent [90m(/home/alex/projects/fin-model/frontend/[39mnode_modules/[4m.pnpm[24m/react-dom@18.3.1_react@18.3.1/node_modules/[4mreact-dom[24m/cjs/react-dom.development.js:20103:13[90m)[39m
    at beginWork [90m(/home/alex/projects/fin-model/frontend/[39mnode_modules/[4m.pnpm[24m/react-dom@18.3.1_react@18.3.1/node_modules/[4mreact-dom[24m/cjs/react-dom.development.js:21626:16[90m)[39m
    at HTMLUnknownElement.callCallback [90m(/home/alex/projects/fin-model/frontend/[39mnode_modules/[4m.pnpm[24m/react-dom@18.3.1_react@18.3.1/node_modules/[4mreact-dom[24m/cjs/react-dom.development.js:4164:14[90m)[39m
    at HTMLUnknownElement.callTheUserObjectsOperation [90m(/home/alex/projects/fin-model/frontend/[39mnode_modules/[4m.pnpm[24m/jsdom@22.1.0/node_modules/[4mjsdom[24m/lib/jsdom/living/generated/EventListener.js:26:30[90m)[39m
    at innerInvokeEventListeners [90m(/home/alex/projects/fin-model/frontend/[39mnode_modules/[4m.pnpm[24m/jsdom@22.1.0/node_modules/[4mjsdom[24m/lib/jsdom/living/events/EventTarget-impl.js:350:25[90m)[39m
    at invokeEventListeners [90m(/home/alex/projects/fin-model/frontend/[39mnode_modules/[4m.pnpm[24m/jsdom@22.1.0/node_modules/[4mjsdom[24m/lib/jsdom/living/events/EventTarget-impl.js:286:3[90m)[39m
Error: Uncaught [Error: [vitest] No &quot;ConfirmDialog&quot; export is defined on the &quot;@/components/ui/ConfirmDialog&quot; mock. Did you forget to return it from &quot;vi.mock&quot;?
If you need to partially mock a module, you can use &quot;vi.importActual&quot; inside:

[32mvi.mock(&quot;@/components/ui/ConfirmDialog&quot;, async () =&gt; {
  const actual = await vi.importActual(&quot;@/components/ui/ConfirmDialog&quot;)
  return {
    ...actual,
    // your mocked methods
  },
})[39m
]
    at reportException (/home/alex/projects/fin-model/frontend/node_modules/.pnpm/jsdom@22.1.0/node_modules/jsdom/lib/jsdom/living/helpers/runtime-script-errors.js:66:24)
    at innerInvokeEventListeners (/home/alex/projects/fin-model/frontend/node_modules/.pnpm/jsdom@22.1.0/node_modules/jsdom/lib/jsdom/living/events/EventTarget-impl.js:353:9)
    at invokeEventListeners (/home/alex/projects/fin-model/frontend/node_modules/.pnpm/jsdom@22.1.0/node_modules/jsdom/lib/jsdom/living/events/EventTarget-impl.js:286:3)
    at HTMLUnknownElementImpl._dispatch (/home/alex/projects/fin-model/frontend/node_modules/.pnpm/jsdom@22.1.0/node_modules/jsdom/lib/jsdom/living/events/EventTarget-impl.js:233:9)
    at HTMLUnknownElementImpl.dispatchEvent (/home/alex/projects/fin-model/frontend/node_modules/.pnpm/jsdom@22.1.0/node_modules/jsdom/lib/jsdom/living/events/EventTarget-impl.js:104:17)
    at HTMLUnknownElement.dispatchEvent (/home/alex/projects/fin-model/frontend/node_modules/.pnpm/jsdom@22.1.0/node_modules/jsdom/lib/jsdom/living/generated/EventTarget.js:241:34)
    at Object.invokeGuardedCallbackDev (/home/alex/projects/fin-model/frontend/node_modules/.pnpm/react-dom@18.3.1_react@18.3.1/node_modules/react-dom/cjs/react-dom.development.js:4213:16)
    at invokeGuardedCallback (/home/alex/projects/fin-model/frontend/node_modules/.pnpm/react-dom@18.3.1_react@18.3.1/node_modules/react-dom/cjs/react-dom.development.js:4277:31)
    at beginWork$1 (/home/alex/projects/fin-model/frontend/node_modules/.pnpm/react-dom@18.3.1_react@18.3.1/node_modules/react-dom/cjs/react-dom.development.js:27490:7)
    at performUnitOfWork (/home/alex/projects/fin-model/frontend/node_modules/.pnpm/react-dom@18.3.1_react@18.3.1/node_modules/react-dom/cjs/react-dom.development.js:26599:12) Error: [vitest] No &quot;ConfirmDialog&quot; export is defined on the &quot;@/components/ui/ConfirmDialog&quot; mock. Did you forget to return it from &quot;vi.mock&quot;?
If you need to partially mock a module, you can use &quot;vi.importActual&quot; inside:

[32mvi.mock(&quot;@/components/ui/ConfirmDialog&quot;, async () =&gt; {
  const actual = await vi.importActual(&quot;@/components/ui/ConfirmDialog&quot;)
  return {
    ...actual,
    // your mocked methods
  },
})[39m

    at VitestMocker.createError [90m(file:///home/alex/projects/fin-model/frontend/[39mnode_modules/[4m.pnpm[24m/vitest@0.34.6_jsdom@22.1.0_playwright@1.54.2/node_modules/[4mvitest[24m/dist/vendor-execute.07d1a420.js:80:12[90m)[39m
    at Object.ConfirmDialog [as get] [90m(file:///home/alex/projects/fin-model/frontend/[39mnode_modules/[4m.pnpm[24m/vitest@0.34.6_jsdom@22.1.0_playwright@1.54.2/node_modules/[4mvitest[24m/dist/vendor-execute.07d1a420.js:153:22[90m)[39m
    at AdminDashboard [90m(/home/alex/projects/fin-model/frontend/[39msrc/pages/AdminDashboard.tsx:1101:8[90m)[39m
    at renderWithHooks [90m(/home/alex/projects/fin-model/frontend/[39mnode_modules/[4m.pnpm[24m/react-dom@18.3.1_react@18.3.1/node_modules/[4mreact-dom[24m/cjs/react-dom.development.js:15486:18[90m)[39m
    at mountIndeterminateComponent [90m(/home/alex/projects/fin-model/frontend/[39mnode_modules/[4m.pnpm[24m/react-dom@18.3.1_react@18.3.1/node_modules/[4mreact-dom[24m/cjs/react-dom.development.js:20103:13[90m)[39m
    at beginWork [90m(/home/alex/projects/fin-model/frontend/[39mnode_modules/[4m.pnpm[24m/react-dom@18.3.1_react@18.3.1/node_modules/[4mreact-dom[24m/cjs/react-dom.development.js:21626:16[90m)[39m
    at HTMLUnknownElement.callCallback [90m(/home/alex/projects/fin-model/frontend/[39mnode_modules/[4m.pnpm[24m/react-dom@18.3.1_react@18.3.1/node_modules/[4mreact-dom[24m/cjs/react-dom.development.js:4164:14[90m)[39m
    at HTMLUnknownElement.callTheUserObjectsOperation [90m(/home/alex/projects/fin-model/frontend/[39mnode_modules/[4m.pnpm[24m/jsdom@22.1.0/node_modules/[4mjsdom[24m/lib/jsdom/living/generated/EventListener.js:26:30[90m)[39m
    at innerInvokeEventListeners [90m(/home/alex/projects/fin-model/frontend/[39mnode_modules/[4m.pnpm[24m/jsdom@22.1.0/node_modules/[4mjsdom[24m/lib/jsdom/living/events/EventTarget-impl.js:350:25[90m)[39m
    at invokeEventListeners [90m(/home/alex/projects/fin-model/frontend/[39mnode_modules/[4m.pnpm[24m/jsdom@22.1.0/node_modules/[4mjsdom[24m/lib/jsdom/living/events/EventTarget-impl.js:286:3[90m)[39m
The above error occurred in the &lt;AdminDashboard&gt; component:

    at AdminDashboard (/home/alex/projects/fin-model/frontend/src/pages/AdminDashboard.tsx:46:79)

Consider adding an error boundary to your tree to customize error handling behavior.
Visit https://reactjs.org/link/error-boundaries to learn more about error boundaries.

            </system-err>
            <failure message="[vitest] No &quot;ConfirmDialog&quot; export is defined on the &quot;@/components/ui/ConfirmDialog&quot; mock. Did you forget to return it from &quot;vi.mock&quot;?
If you need to partially mock a module, you can use &quot;vi.importActual&quot; inside:

[32mvi.mock(&quot;@/components/ui/ConfirmDialog&quot;, async () =&gt; {
  const actual = await vi.importActual(&quot;@/components/ui/ConfirmDialog&quot;)
  return {
    ...actual,
    // your mocked methods
  },
})[39m
" type="Error">
Error: [vitest] No &quot;ConfirmDialog&quot; export is defined on the &quot;@/components/ui/ConfirmDialog&quot; mock. Did you forget to return it from &quot;vi.mock&quot;?
If you need to partially mock a module, you can use &quot;vi.importActual&quot; inside:

[32mvi.mock(&quot;@/components/ui/ConfirmDialog&quot;, async () =&gt; {
  const actual = await vi.importActual(&quot;@/components/ui/ConfirmDialog&quot;)
  return {
    ...actual,
    // your mocked methods
  },
})[39m

 ❯ AdminDashboard src/pages/AdminDashboard.tsx:1101:8
 ❯ renderWithHooks node_modules/.pnpm/react-dom@18.3.1_react@18.3.1/node_modules/react-dom/cjs/react-dom.development.js:15486:18
 ❯ mountIndeterminateComponent node_modules/.pnpm/react-dom@18.3.1_react@18.3.1/node_modules/react-dom/cjs/react-dom.development.js:20103:13
 ❯ beginWork node_modules/.pnpm/react-dom@18.3.1_react@18.3.1/node_modules/react-dom/cjs/react-dom.development.js:21626:16
 ❯ beginWork$1 node_modules/.pnpm/react-dom@18.3.1_react@18.3.1/node_modules/react-dom/cjs/react-dom.development.js:27465:14
 ❯ performUnitOfWork node_modules/.pnpm/react-dom@18.3.1_react@18.3.1/node_modules/react-dom/cjs/react-dom.development.js:26599:12
 ❯ workLoopSync node_modules/.pnpm/react-dom@18.3.1_react@18.3.1/node_modules/react-dom/cjs/react-dom.development.js:26505:5
 ❯ renderRootSync node_modules/.pnpm/react-dom@18.3.1_react@18.3.1/node_modules/react-dom/cjs/react-dom.development.js:26473:7
            </failure>
        </testcase>
        <testcase classname="src/pages/__tests__/AdminDashboard.audit-permissions.test.tsx" name="AdminDashboard Audit and Permissions &gt; paginates audit logs via Next/Prev controls" time="0.166">
            <system-err>
Error: Uncaught [Error: [vitest] No &quot;ConfirmDialog&quot; export is defined on the &quot;@/components/ui/ConfirmDialog&quot; mock. Did you forget to return it from &quot;vi.mock&quot;?
If you need to partially mock a module, you can use &quot;vi.importActual&quot; inside:

[32mvi.mock(&quot;@/components/ui/ConfirmDialog&quot;, async () =&gt; {
  const actual = await vi.importActual(&quot;@/components/ui/ConfirmDialog&quot;)
  return {
    ...actual,
    // your mocked methods
  },
})[39m
]
    at reportException (/home/alex/projects/fin-model/frontend/node_modules/.pnpm/jsdom@22.1.0/node_modules/jsdom/lib/jsdom/living/helpers/runtime-script-errors.js:66:24)
    at innerInvokeEventListeners (/home/alex/projects/fin-model/frontend/node_modules/.pnpm/jsdom@22.1.0/node_modules/jsdom/lib/jsdom/living/events/EventTarget-impl.js:353:9)
    at invokeEventListeners (/home/alex/projects/fin-model/frontend/node_modules/.pnpm/jsdom@22.1.0/node_modules/jsdom/lib/jsdom/living/events/EventTarget-impl.js:286:3)
    at HTMLUnknownElementImpl._dispatch (/home/alex/projects/fin-model/frontend/node_modules/.pnpm/jsdom@22.1.0/node_modules/jsdom/lib/jsdom/living/events/EventTarget-impl.js:233:9)
    at HTMLUnknownElementImpl.dispatchEvent (/home/alex/projects/fin-model/frontend/node_modules/.pnpm/jsdom@22.1.0/node_modules/jsdom/lib/jsdom/living/events/EventTarget-impl.js:104:17)
    at HTMLUnknownElement.dispatchEvent (/home/alex/projects/fin-model/frontend/node_modules/.pnpm/jsdom@22.1.0/node_modules/jsdom/lib/jsdom/living/generated/EventTarget.js:241:34)
    at Object.invokeGuardedCallbackDev (/home/alex/projects/fin-model/frontend/node_modules/.pnpm/react-dom@18.3.1_react@18.3.1/node_modules/react-dom/cjs/react-dom.development.js:4213:16)
    at invokeGuardedCallback (/home/alex/projects/fin-model/frontend/node_modules/.pnpm/react-dom@18.3.1_react@18.3.1/node_modules/react-dom/cjs/react-dom.development.js:4277:31)
    at beginWork$1 (/home/alex/projects/fin-model/frontend/node_modules/.pnpm/react-dom@18.3.1_react@18.3.1/node_modules/react-dom/cjs/react-dom.development.js:27490:7)
    at performUnitOfWork (/home/alex/projects/fin-model/frontend/node_modules/.pnpm/react-dom@18.3.1_react@18.3.1/node_modules/react-dom/cjs/react-dom.development.js:26599:12) Error: [vitest] No &quot;ConfirmDialog&quot; export is defined on the &quot;@/components/ui/ConfirmDialog&quot; mock. Did you forget to return it from &quot;vi.mock&quot;?
If you need to partially mock a module, you can use &quot;vi.importActual&quot; inside:

[32mvi.mock(&quot;@/components/ui/ConfirmDialog&quot;, async () =&gt; {
  const actual = await vi.importActual(&quot;@/components/ui/ConfirmDialog&quot;)
  return {
    ...actual,
    // your mocked methods
  },
})[39m

    at VitestMocker.createError [90m(file:///home/alex/projects/fin-model/frontend/[39mnode_modules/[4m.pnpm[24m/vitest@0.34.6_jsdom@22.1.0_playwright@1.54.2/node_modules/[4mvitest[24m/dist/vendor-execute.07d1a420.js:80:12[90m)[39m
    at Object.ConfirmDialog [as get] [90m(file:///home/alex/projects/fin-model/frontend/[39mnode_modules/[4m.pnpm[24m/vitest@0.34.6_jsdom@22.1.0_playwright@1.54.2/node_modules/[4mvitest[24m/dist/vendor-execute.07d1a420.js:153:22[90m)[39m
    at AdminDashboard [90m(/home/alex/projects/fin-model/frontend/[39msrc/pages/AdminDashboard.tsx:1101:8[90m)[39m
    at renderWithHooks [90m(/home/alex/projects/fin-model/frontend/[39mnode_modules/[4m.pnpm[24m/react-dom@18.3.1_react@18.3.1/node_modules/[4mreact-dom[24m/cjs/react-dom.development.js:15486:18[90m)[39m
    at mountIndeterminateComponent [90m(/home/alex/projects/fin-model/frontend/[39mnode_modules/[4m.pnpm[24m/react-dom@18.3.1_react@18.3.1/node_modules/[4mreact-dom[24m/cjs/react-dom.development.js:20103:13[90m)[39m
    at beginWork [90m(/home/alex/projects/fin-model/frontend/[39mnode_modules/[4m.pnpm[24m/react-dom@18.3.1_react@18.3.1/node_modules/[4mreact-dom[24m/cjs/react-dom.development.js:21626:16[90m)[39m
    at HTMLUnknownElement.callCallback [90m(/home/alex/projects/fin-model/frontend/[39mnode_modules/[4m.pnpm[24m/react-dom@18.3.1_react@18.3.1/node_modules/[4mreact-dom[24m/cjs/react-dom.development.js:4164:14[90m)[39m
    at HTMLUnknownElement.callTheUserObjectsOperation [90m(/home/alex/projects/fin-model/frontend/[39mnode_modules/[4m.pnpm[24m/jsdom@22.1.0/node_modules/[4mjsdom[24m/lib/jsdom/living/generated/EventListener.js:26:30[90m)[39m
    at innerInvokeEventListeners [90m(/home/alex/projects/fin-model/frontend/[39mnode_modules/[4m.pnpm[24m/jsdom@22.1.0/node_modules/[4mjsdom[24m/lib/jsdom/living/events/EventTarget-impl.js:350:25[90m)[39m
    at invokeEventListeners [90m(/home/alex/projects/fin-model/frontend/[39mnode_modules/[4m.pnpm[24m/jsdom@22.1.0/node_modules/[4mjsdom[24m/lib/jsdom/living/events/EventTarget-impl.js:286:3[90m)[39m
Error: Uncaught [Error: [vitest] No &quot;ConfirmDialog&quot; export is defined on the &quot;@/components/ui/ConfirmDialog&quot; mock. Did you forget to return it from &quot;vi.mock&quot;?
If you need to partially mock a module, you can use &quot;vi.importActual&quot; inside:

[32mvi.mock(&quot;@/components/ui/ConfirmDialog&quot;, async () =&gt; {
  const actual = await vi.importActual(&quot;@/components/ui/ConfirmDialog&quot;)
  return {
    ...actual,
    // your mocked methods
  },
})[39m
]
    at reportException (/home/alex/projects/fin-model/frontend/node_modules/.pnpm/jsdom@22.1.0/node_modules/jsdom/lib/jsdom/living/helpers/runtime-script-errors.js:66:24)
    at innerInvokeEventListeners (/home/alex/projects/fin-model/frontend/node_modules/.pnpm/jsdom@22.1.0/node_modules/jsdom/lib/jsdom/living/events/EventTarget-impl.js:353:9)
    at invokeEventListeners (/home/alex/projects/fin-model/frontend/node_modules/.pnpm/jsdom@22.1.0/node_modules/jsdom/lib/jsdom/living/events/EventTarget-impl.js:286:3)
    at HTMLUnknownElementImpl._dispatch (/home/alex/projects/fin-model/frontend/node_modules/.pnpm/jsdom@22.1.0/node_modules/jsdom/lib/jsdom/living/events/EventTarget-impl.js:233:9)
    at HTMLUnknownElementImpl.dispatchEvent (/home/alex/projects/fin-model/frontend/node_modules/.pnpm/jsdom@22.1.0/node_modules/jsdom/lib/jsdom/living/events/EventTarget-impl.js:104:17)
    at HTMLUnknownElement.dispatchEvent (/home/alex/projects/fin-model/frontend/node_modules/.pnpm/jsdom@22.1.0/node_modules/jsdom/lib/jsdom/living/generated/EventTarget.js:241:34)
    at Object.invokeGuardedCallbackDev (/home/alex/projects/fin-model/frontend/node_modules/.pnpm/react-dom@18.3.1_react@18.3.1/node_modules/react-dom/cjs/react-dom.development.js:4213:16)
    at invokeGuardedCallback (/home/alex/projects/fin-model/frontend/node_modules/.pnpm/react-dom@18.3.1_react@18.3.1/node_modules/react-dom/cjs/react-dom.development.js:4277:31)
    at beginWork$1 (/home/alex/projects/fin-model/frontend/node_modules/.pnpm/react-dom@18.3.1_react@18.3.1/node_modules/react-dom/cjs/react-dom.development.js:27490:7)
    at performUnitOfWork (/home/alex/projects/fin-model/frontend/node_modules/.pnpm/react-dom@18.3.1_react@18.3.1/node_modules/react-dom/cjs/react-dom.development.js:26599:12) Error: [vitest] No &quot;ConfirmDialog&quot; export is defined on the &quot;@/components/ui/ConfirmDialog&quot; mock. Did you forget to return it from &quot;vi.mock&quot;?
If you need to partially mock a module, you can use &quot;vi.importActual&quot; inside:

[32mvi.mock(&quot;@/components/ui/ConfirmDialog&quot;, async () =&gt; {
  const actual = await vi.importActual(&quot;@/components/ui/ConfirmDialog&quot;)
  return {
    ...actual,
    // your mocked methods
  },
})[39m

    at VitestMocker.createError [90m(file:///home/alex/projects/fin-model/frontend/[39mnode_modules/[4m.pnpm[24m/vitest@0.34.6_jsdom@22.1.0_playwright@1.54.2/node_modules/[4mvitest[24m/dist/vendor-execute.07d1a420.js:80:12[90m)[39m
    at Object.ConfirmDialog [as get] [90m(file:///home/alex/projects/fin-model/frontend/[39mnode_modules/[4m.pnpm[24m/vitest@0.34.6_jsdom@22.1.0_playwright@1.54.2/node_modules/[4mvitest[24m/dist/vendor-execute.07d1a420.js:153:22[90m)[39m
    at AdminDashboard [90m(/home/alex/projects/fin-model/frontend/[39msrc/pages/AdminDashboard.tsx:1101:8[90m)[39m
    at renderWithHooks [90m(/home/alex/projects/fin-model/frontend/[39mnode_modules/[4m.pnpm[24m/react-dom@18.3.1_react@18.3.1/node_modules/[4mreact-dom[24m/cjs/react-dom.development.js:15486:18[90m)[39m
    at mountIndeterminateComponent [90m(/home/alex/projects/fin-model/frontend/[39mnode_modules/[4m.pnpm[24m/react-dom@18.3.1_react@18.3.1/node_modules/[4mreact-dom[24m/cjs/react-dom.development.js:20103:13[90m)[39m
    at beginWork [90m(/home/alex/projects/fin-model/frontend/[39mnode_modules/[4m.pnpm[24m/react-dom@18.3.1_react@18.3.1/node_modules/[4mreact-dom[24m/cjs/react-dom.development.js:21626:16[90m)[39m
    at HTMLUnknownElement.callCallback [90m(/home/alex/projects/fin-model/frontend/[39mnode_modules/[4m.pnpm[24m/react-dom@18.3.1_react@18.3.1/node_modules/[4mreact-dom[24m/cjs/react-dom.development.js:4164:14[90m)[39m
    at HTMLUnknownElement.callTheUserObjectsOperation [90m(/home/alex/projects/fin-model/frontend/[39mnode_modules/[4m.pnpm[24m/jsdom@22.1.0/node_modules/[4mjsdom[24m/lib/jsdom/living/generated/EventListener.js:26:30[90m)[39m
    at innerInvokeEventListeners [90m(/home/alex/projects/fin-model/frontend/[39mnode_modules/[4m.pnpm[24m/jsdom@22.1.0/node_modules/[4mjsdom[24m/lib/jsdom/living/events/EventTarget-impl.js:350:25[90m)[39m
    at invokeEventListeners [90m(/home/alex/projects/fin-model/frontend/[39mnode_modules/[4m.pnpm[24m/jsdom@22.1.0/node_modules/[4mjsdom[24m/lib/jsdom/living/events/EventTarget-impl.js:286:3[90m)[39m
The above error occurred in the &lt;AdminDashboard&gt; component:

    at AdminDashboard (/home/alex/projects/fin-model/frontend/src/pages/AdminDashboard.tsx:46:79)

Consider adding an error boundary to your tree to customize error handling behavior.
Visit https://reactjs.org/link/error-boundaries to learn more about error boundaries.

            </system-err>
            <failure message="[vitest] No &quot;ConfirmDialog&quot; export is defined on the &quot;@/components/ui/ConfirmDialog&quot; mock. Did you forget to return it from &quot;vi.mock&quot;?
If you need to partially mock a module, you can use &quot;vi.importActual&quot; inside:

[32mvi.mock(&quot;@/components/ui/ConfirmDialog&quot;, async () =&gt; {
  const actual = await vi.importActual(&quot;@/components/ui/ConfirmDialog&quot;)
  return {
    ...actual,
    // your mocked methods
  },
})[39m
" type="Error">
Error: [vitest] No &quot;ConfirmDialog&quot; export is defined on the &quot;@/components/ui/ConfirmDialog&quot; mock. Did you forget to return it from &quot;vi.mock&quot;?
If you need to partially mock a module, you can use &quot;vi.importActual&quot; inside:

[32mvi.mock(&quot;@/components/ui/ConfirmDialog&quot;, async () =&gt; {
  const actual = await vi.importActual(&quot;@/components/ui/ConfirmDialog&quot;)
  return {
    ...actual,
    // your mocked methods
  },
})[39m

 ❯ AdminDashboard src/pages/AdminDashboard.tsx:1101:8
 ❯ renderWithHooks node_modules/.pnpm/react-dom@18.3.1_react@18.3.1/node_modules/react-dom/cjs/react-dom.development.js:15486:18
 ❯ mountIndeterminateComponent node_modules/.pnpm/react-dom@18.3.1_react@18.3.1/node_modules/react-dom/cjs/react-dom.development.js:20103:13
 ❯ beginWork node_modules/.pnpm/react-dom@18.3.1_react@18.3.1/node_modules/react-dom/cjs/react-dom.development.js:21626:16
 ❯ beginWork$1 node_modules/.pnpm/react-dom@18.3.1_react@18.3.1/node_modules/react-dom/cjs/react-dom.development.js:27465:14
 ❯ performUnitOfWork node_modules/.pnpm/react-dom@18.3.1_react@18.3.1/node_modules/react-dom/cjs/react-dom.development.js:26599:12
 ❯ workLoopSync node_modules/.pnpm/react-dom@18.3.1_react@18.3.1/node_modules/react-dom/cjs/react-dom.development.js:26505:5
 ❯ renderRootSync node_modules/.pnpm/react-dom@18.3.1_react@18.3.1/node_modules/react-dom/cjs/react-dom.development.js:26473:7
            </failure>
        </testcase>
    </testsuite>
    <testsuite name="src/pages/__tests__/AdminDashboard.auto-refresh.test.tsx" timestamp="2025-08-10T11:51:31.719Z" hostname="DESKTOP-CSMHNRS" tests="1" failures="1" errors="0" skipped="0" time="0.484">
        <testcase classname="src/pages/__tests__/AdminDashboard.auto-refresh.test.tsx" name="AdminDashboard Auto-refresh toggle &gt; clears interval when toggled off" time="0.463">
            <system-err>
Warning: `ReactDOMTestUtils.act` is deprecated in favor of `React.act`. Import `act` from `react` instead of `react-dom/test-utils`. See https://react.dev/warnings/react-dom-test-utils for more info.
Error: Uncaught [Error: [vitest] No &quot;ConfirmDialog&quot; export is defined on the &quot;@/components/ui/ConfirmDialog&quot; mock. Did you forget to return it from &quot;vi.mock&quot;?
If you need to partially mock a module, you can use &quot;vi.importActual&quot; inside:

[32mvi.mock(&quot;@/components/ui/ConfirmDialog&quot;, async () =&gt; {
  const actual = await vi.importActual(&quot;@/components/ui/ConfirmDialog&quot;)
  return {
    ...actual,
    // your mocked methods
  },
})[39m
]
    at reportException (/home/alex/projects/fin-model/frontend/node_modules/.pnpm/jsdom@22.1.0/node_modules/jsdom/lib/jsdom/living/helpers/runtime-script-errors.js:66:24)
    at innerInvokeEventListeners (/home/alex/projects/fin-model/frontend/node_modules/.pnpm/jsdom@22.1.0/node_modules/jsdom/lib/jsdom/living/events/EventTarget-impl.js:353:9)
    at invokeEventListeners (/home/alex/projects/fin-model/frontend/node_modules/.pnpm/jsdom@22.1.0/node_modules/jsdom/lib/jsdom/living/events/EventTarget-impl.js:286:3)
    at HTMLUnknownElementImpl._dispatch (/home/alex/projects/fin-model/frontend/node_modules/.pnpm/jsdom@22.1.0/node_modules/jsdom/lib/jsdom/living/events/EventTarget-impl.js:233:9)
    at HTMLUnknownElementImpl.dispatchEvent (/home/alex/projects/fin-model/frontend/node_modules/.pnpm/jsdom@22.1.0/node_modules/jsdom/lib/jsdom/living/events/EventTarget-impl.js:104:17)
    at HTMLUnknownElement.dispatchEvent (/home/alex/projects/fin-model/frontend/node_modules/.pnpm/jsdom@22.1.0/node_modules/jsdom/lib/jsdom/living/generated/EventTarget.js:241:34)
    at Object.invokeGuardedCallbackDev (/home/alex/projects/fin-model/frontend/node_modules/.pnpm/react-dom@18.3.1_react@18.3.1/node_modules/react-dom/cjs/react-dom.development.js:4213:16)
    at invokeGuardedCallback (/home/alex/projects/fin-model/frontend/node_modules/.pnpm/react-dom@18.3.1_react@18.3.1/node_modules/react-dom/cjs/react-dom.development.js:4277:31)
    at beginWork$1 (/home/alex/projects/fin-model/frontend/node_modules/.pnpm/react-dom@18.3.1_react@18.3.1/node_modules/react-dom/cjs/react-dom.development.js:27490:7)
    at performUnitOfWork (/home/alex/projects/fin-model/frontend/node_modules/.pnpm/react-dom@18.3.1_react@18.3.1/node_modules/react-dom/cjs/react-dom.development.js:26599:12) Error: [vitest] No &quot;ConfirmDialog&quot; export is defined on the &quot;@/components/ui/ConfirmDialog&quot; mock. Did you forget to return it from &quot;vi.mock&quot;?
If you need to partially mock a module, you can use &quot;vi.importActual&quot; inside:

[32mvi.mock(&quot;@/components/ui/ConfirmDialog&quot;, async () =&gt; {
  const actual = await vi.importActual(&quot;@/components/ui/ConfirmDialog&quot;)
  return {
    ...actual,
    // your mocked methods
  },
})[39m

    at VitestMocker.createError [90m(file:///home/alex/projects/fin-model/frontend/[39mnode_modules/[4m.pnpm[24m/vitest@0.34.6_jsdom@22.1.0_playwright@1.54.2/node_modules/[4mvitest[24m/dist/vendor-execute.07d1a420.js:80:12[90m)[39m
    at Object.ConfirmDialog [as get] [90m(file:///home/alex/projects/fin-model/frontend/[39mnode_modules/[4m.pnpm[24m/vitest@0.34.6_jsdom@22.1.0_playwright@1.54.2/node_modules/[4mvitest[24m/dist/vendor-execute.07d1a420.js:153:22[90m)[39m
    at AdminDashboard [90m(/home/alex/projects/fin-model/frontend/[39msrc/pages/AdminDashboard.tsx:1101:8[90m)[39m
    at renderWithHooks [90m(/home/alex/projects/fin-model/frontend/[39mnode_modules/[4m.pnpm[24m/react-dom@18.3.1_react@18.3.1/node_modules/[4mreact-dom[24m/cjs/react-dom.development.js:15486:18[90m)[39m
    at mountIndeterminateComponent [90m(/home/alex/projects/fin-model/frontend/[39mnode_modules/[4m.pnpm[24m/react-dom@18.3.1_react@18.3.1/node_modules/[4mreact-dom[24m/cjs/react-dom.development.js:20103:13[90m)[39m
    at beginWork [90m(/home/alex/projects/fin-model/frontend/[39mnode_modules/[4m.pnpm[24m/react-dom@18.3.1_react@18.3.1/node_modules/[4mreact-dom[24m/cjs/react-dom.development.js:21626:16[90m)[39m
    at HTMLUnknownElement.callCallback [90m(/home/alex/projects/fin-model/frontend/[39mnode_modules/[4m.pnpm[24m/react-dom@18.3.1_react@18.3.1/node_modules/[4mreact-dom[24m/cjs/react-dom.development.js:4164:14[90m)[39m
    at HTMLUnknownElement.callTheUserObjectsOperation [90m(/home/alex/projects/fin-model/frontend/[39mnode_modules/[4m.pnpm[24m/jsdom@22.1.0/node_modules/[4mjsdom[24m/lib/jsdom/living/generated/EventListener.js:26:30[90m)[39m
    at innerInvokeEventListeners [90m(/home/alex/projects/fin-model/frontend/[39mnode_modules/[4m.pnpm[24m/jsdom@22.1.0/node_modules/[4mjsdom[24m/lib/jsdom/living/events/EventTarget-impl.js:350:25[90m)[39m
    at invokeEventListeners [90m(/home/alex/projects/fin-model/frontend/[39mnode_modules/[4m.pnpm[24m/jsdom@22.1.0/node_modules/[4mjsdom[24m/lib/jsdom/living/events/EventTarget-impl.js:286:3[90m)[39m
Error: Uncaught [Error: [vitest] No &quot;ConfirmDialog&quot; export is defined on the &quot;@/components/ui/ConfirmDialog&quot; mock. Did you forget to return it from &quot;vi.mock&quot;?
If you need to partially mock a module, you can use &quot;vi.importActual&quot; inside:

[32mvi.mock(&quot;@/components/ui/ConfirmDialog&quot;, async () =&gt; {
  const actual = await vi.importActual(&quot;@/components/ui/ConfirmDialog&quot;)
  return {
    ...actual,
    // your mocked methods
  },
})[39m
]
    at reportException (/home/alex/projects/fin-model/frontend/node_modules/.pnpm/jsdom@22.1.0/node_modules/jsdom/lib/jsdom/living/helpers/runtime-script-errors.js:66:24)
    at innerInvokeEventListeners (/home/alex/projects/fin-model/frontend/node_modules/.pnpm/jsdom@22.1.0/node_modules/jsdom/lib/jsdom/living/events/EventTarget-impl.js:353:9)
    at invokeEventListeners (/home/alex/projects/fin-model/frontend/node_modules/.pnpm/jsdom@22.1.0/node_modules/jsdom/lib/jsdom/living/events/EventTarget-impl.js:286:3)
    at HTMLUnknownElementImpl._dispatch (/home/alex/projects/fin-model/frontend/node_modules/.pnpm/jsdom@22.1.0/node_modules/jsdom/lib/jsdom/living/events/EventTarget-impl.js:233:9)
    at HTMLUnknownElementImpl.dispatchEvent (/home/alex/projects/fin-model/frontend/node_modules/.pnpm/jsdom@22.1.0/node_modules/jsdom/lib/jsdom/living/events/EventTarget-impl.js:104:17)
    at HTMLUnknownElement.dispatchEvent (/home/alex/projects/fin-model/frontend/node_modules/.pnpm/jsdom@22.1.0/node_modules/jsdom/lib/jsdom/living/generated/EventTarget.js:241:34)
    at Object.invokeGuardedCallbackDev (/home/alex/projects/fin-model/frontend/node_modules/.pnpm/react-dom@18.3.1_react@18.3.1/node_modules/react-dom/cjs/react-dom.development.js:4213:16)
    at invokeGuardedCallback (/home/alex/projects/fin-model/frontend/node_modules/.pnpm/react-dom@18.3.1_react@18.3.1/node_modules/react-dom/cjs/react-dom.development.js:4277:31)
    at beginWork$1 (/home/alex/projects/fin-model/frontend/node_modules/.pnpm/react-dom@18.3.1_react@18.3.1/node_modules/react-dom/cjs/react-dom.development.js:27490:7)
    at performUnitOfWork (/home/alex/projects/fin-model/frontend/node_modules/.pnpm/react-dom@18.3.1_react@18.3.1/node_modules/react-dom/cjs/react-dom.development.js:26599:12) Error: [vitest] No &quot;ConfirmDialog&quot; export is defined on the &quot;@/components/ui/ConfirmDialog&quot; mock. Did you forget to return it from &quot;vi.mock&quot;?
If you need to partially mock a module, you can use &quot;vi.importActual&quot; inside:

[32mvi.mock(&quot;@/components/ui/ConfirmDialog&quot;, async () =&gt; {
  const actual = await vi.importActual(&quot;@/components/ui/ConfirmDialog&quot;)
  return {
    ...actual,
    // your mocked methods
  },
})[39m

    at VitestMocker.createError [90m(file:///home/alex/projects/fin-model/frontend/[39mnode_modules/[4m.pnpm[24m/vitest@0.34.6_jsdom@22.1.0_playwright@1.54.2/node_modules/[4mvitest[24m/dist/vendor-execute.07d1a420.js:80:12[90m)[39m
    at Object.ConfirmDialog [as get] [90m(file:///home/alex/projects/fin-model/frontend/[39mnode_modules/[4m.pnpm[24m/vitest@0.34.6_jsdom@22.1.0_playwright@1.54.2/node_modules/[4mvitest[24m/dist/vendor-execute.07d1a420.js:153:22[90m)[39m
    at AdminDashboard [90m(/home/alex/projects/fin-model/frontend/[39msrc/pages/AdminDashboard.tsx:1101:8[90m)[39m
    at renderWithHooks [90m(/home/alex/projects/fin-model/frontend/[39mnode_modules/[4m.pnpm[24m/react-dom@18.3.1_react@18.3.1/node_modules/[4mreact-dom[24m/cjs/react-dom.development.js:15486:18[90m)[39m
    at mountIndeterminateComponent [90m(/home/alex/projects/fin-model/frontend/[39mnode_modules/[4m.pnpm[24m/react-dom@18.3.1_react@18.3.1/node_modules/[4mreact-dom[24m/cjs/react-dom.development.js:20103:13[90m)[39m
    at beginWork [90m(/home/alex/projects/fin-model/frontend/[39mnode_modules/[4m.pnpm[24m/react-dom@18.3.1_react@18.3.1/node_modules/[4mreact-dom[24m/cjs/react-dom.development.js:21626:16[90m)[39m
    at HTMLUnknownElement.callCallback [90m(/home/alex/projects/fin-model/frontend/[39mnode_modules/[4m.pnpm[24m/react-dom@18.3.1_react@18.3.1/node_modules/[4mreact-dom[24m/cjs/react-dom.development.js:4164:14[90m)[39m
    at HTMLUnknownElement.callTheUserObjectsOperation [90m(/home/alex/projects/fin-model/frontend/[39mnode_modules/[4m.pnpm[24m/jsdom@22.1.0/node_modules/[4mjsdom[24m/lib/jsdom/living/generated/EventListener.js:26:30[90m)[39m
    at innerInvokeEventListeners [90m(/home/alex/projects/fin-model/frontend/[39mnode_modules/[4m.pnpm[24m/jsdom@22.1.0/node_modules/[4mjsdom[24m/lib/jsdom/living/events/EventTarget-impl.js:350:25[90m)[39m
    at invokeEventListeners [90m(/home/alex/projects/fin-model/frontend/[39mnode_modules/[4m.pnpm[24m/jsdom@22.1.0/node_modules/[4mjsdom[24m/lib/jsdom/living/events/EventTarget-impl.js:286:3[90m)[39m
The above error occurred in the &lt;AdminDashboard&gt; component:

    at AdminDashboard (/home/alex/projects/fin-model/frontend/src/pages/AdminDashboard.tsx:46:79)

Consider adding an error boundary to your tree to customize error handling behavior.
Visit https://reactjs.org/link/error-boundaries to learn more about error boundaries.

            </system-err>
            <failure message="[vitest] No &quot;ConfirmDialog&quot; export is defined on the &quot;@/components/ui/ConfirmDialog&quot; mock. Did you forget to return it from &quot;vi.mock&quot;?
If you need to partially mock a module, you can use &quot;vi.importActual&quot; inside:

[32mvi.mock(&quot;@/components/ui/ConfirmDialog&quot;, async () =&gt; {
  const actual = await vi.importActual(&quot;@/components/ui/ConfirmDialog&quot;)
  return {
    ...actual,
    // your mocked methods
  },
})[39m
" type="Error">
Error: [vitest] No &quot;ConfirmDialog&quot; export is defined on the &quot;@/components/ui/ConfirmDialog&quot; mock. Did you forget to return it from &quot;vi.mock&quot;?
If you need to partially mock a module, you can use &quot;vi.importActual&quot; inside:

[32mvi.mock(&quot;@/components/ui/ConfirmDialog&quot;, async () =&gt; {
  const actual = await vi.importActual(&quot;@/components/ui/ConfirmDialog&quot;)
  return {
    ...actual,
    // your mocked methods
  },
})[39m

 ❯ AdminDashboard src/pages/AdminDashboard.tsx:1101:8
 ❯ renderWithHooks node_modules/.pnpm/react-dom@18.3.1_react@18.3.1/node_modules/react-dom/cjs/react-dom.development.js:15486:18
 ❯ mountIndeterminateComponent node_modules/.pnpm/react-dom@18.3.1_react@18.3.1/node_modules/react-dom/cjs/react-dom.development.js:20103:13
 ❯ beginWork node_modules/.pnpm/react-dom@18.3.1_react@18.3.1/node_modules/react-dom/cjs/react-dom.development.js:21626:16
 ❯ beginWork$1 node_modules/.pnpm/react-dom@18.3.1_react@18.3.1/node_modules/react-dom/cjs/react-dom.development.js:27465:14
 ❯ performUnitOfWork node_modules/.pnpm/react-dom@18.3.1_react@18.3.1/node_modules/react-dom/cjs/react-dom.development.js:26599:12
 ❯ workLoopSync node_modules/.pnpm/react-dom@18.3.1_react@18.3.1/node_modules/react-dom/cjs/react-dom.development.js:26505:5
 ❯ renderRootSync node_modules/.pnpm/react-dom@18.3.1_react@18.3.1/node_modules/react-dom/cjs/react-dom.development.js:26473:7
            </failure>
        </testcase>
    </testsuite>
    <testsuite name="src/pages/__tests__/AdminDashboard.health-tab.test.tsx" timestamp="2025-08-10T11:51:31.732Z" hostname="DESKTOP-CSMHNRS" tests="2" failures="2" errors="0" skipped="0" time="0.885">
        <testcase classname="src/pages/__tests__/AdminDashboard.health-tab.test.tsx" name="AdminDashboard Health tab states &gt; shows system and database health when present" time="0.669">
            <system-err>
Warning: `ReactDOMTestUtils.act` is deprecated in favor of `React.act`. Import `act` from `react` instead of `react-dom/test-utils`. See https://react.dev/warnings/react-dom-test-utils for more info.
Error: Uncaught [Error: [vitest] No &quot;ConfirmDialog&quot; export is defined on the &quot;@/components/ui/ConfirmDialog&quot; mock. Did you forget to return it from &quot;vi.mock&quot;?
If you need to partially mock a module, you can use &quot;vi.importActual&quot; inside:

[32mvi.mock(&quot;@/components/ui/ConfirmDialog&quot;, async () =&gt; {
  const actual = await vi.importActual(&quot;@/components/ui/ConfirmDialog&quot;)
  return {
    ...actual,
    // your mocked methods
  },
})[39m
]
    at reportException (/home/alex/projects/fin-model/frontend/node_modules/.pnpm/jsdom@22.1.0/node_modules/jsdom/lib/jsdom/living/helpers/runtime-script-errors.js:66:24)
    at innerInvokeEventListeners (/home/alex/projects/fin-model/frontend/node_modules/.pnpm/jsdom@22.1.0/node_modules/jsdom/lib/jsdom/living/events/EventTarget-impl.js:353:9)
    at invokeEventListeners (/home/alex/projects/fin-model/frontend/node_modules/.pnpm/jsdom@22.1.0/node_modules/jsdom/lib/jsdom/living/events/EventTarget-impl.js:286:3)
    at HTMLUnknownElementImpl._dispatch (/home/alex/projects/fin-model/frontend/node_modules/.pnpm/jsdom@22.1.0/node_modules/jsdom/lib/jsdom/living/events/EventTarget-impl.js:233:9)
    at HTMLUnknownElementImpl.dispatchEvent (/home/alex/projects/fin-model/frontend/node_modules/.pnpm/jsdom@22.1.0/node_modules/jsdom/lib/jsdom/living/events/EventTarget-impl.js:104:17)
    at HTMLUnknownElement.dispatchEvent (/home/alex/projects/fin-model/frontend/node_modules/.pnpm/jsdom@22.1.0/node_modules/jsdom/lib/jsdom/living/generated/EventTarget.js:241:34)
    at Object.invokeGuardedCallbackDev (/home/alex/projects/fin-model/frontend/node_modules/.pnpm/react-dom@18.3.1_react@18.3.1/node_modules/react-dom/cjs/react-dom.development.js:4213:16)
    at invokeGuardedCallback (/home/alex/projects/fin-model/frontend/node_modules/.pnpm/react-dom@18.3.1_react@18.3.1/node_modules/react-dom/cjs/react-dom.development.js:4277:31)
    at beginWork$1 (/home/alex/projects/fin-model/frontend/node_modules/.pnpm/react-dom@18.3.1_react@18.3.1/node_modules/react-dom/cjs/react-dom.development.js:27490:7)
    at performUnitOfWork (/home/alex/projects/fin-model/frontend/node_modules/.pnpm/react-dom@18.3.1_react@18.3.1/node_modules/react-dom/cjs/react-dom.development.js:26599:12) Error: [vitest] No &quot;ConfirmDialog&quot; export is defined on the &quot;@/components/ui/ConfirmDialog&quot; mock. Did you forget to return it from &quot;vi.mock&quot;?
If you need to partially mock a module, you can use &quot;vi.importActual&quot; inside:

[32mvi.mock(&quot;@/components/ui/ConfirmDialog&quot;, async () =&gt; {
  const actual = await vi.importActual(&quot;@/components/ui/ConfirmDialog&quot;)
  return {
    ...actual,
    // your mocked methods
  },
})[39m

    at VitestMocker.createError [90m(file:///home/alex/projects/fin-model/frontend/[39mnode_modules/[4m.pnpm[24m/vitest@0.34.6_jsdom@22.1.0_playwright@1.54.2/node_modules/[4mvitest[24m/dist/vendor-execute.07d1a420.js:80:12[90m)[39m
    at Object.ConfirmDialog [as get] [90m(file:///home/alex/projects/fin-model/frontend/[39mnode_modules/[4m.pnpm[24m/vitest@0.34.6_jsdom@22.1.0_playwright@1.54.2/node_modules/[4mvitest[24m/dist/vendor-execute.07d1a420.js:153:22[90m)[39m
    at AdminDashboard [90m(/home/alex/projects/fin-model/frontend/[39msrc/pages/AdminDashboard.tsx:1101:8[90m)[39m
    at renderWithHooks [90m(/home/alex/projects/fin-model/frontend/[39mnode_modules/[4m.pnpm[24m/react-dom@18.3.1_react@18.3.1/node_modules/[4mreact-dom[24m/cjs/react-dom.development.js:15486:18[90m)[39m
    at mountIndeterminateComponent [90m(/home/alex/projects/fin-model/frontend/[39mnode_modules/[4m.pnpm[24m/react-dom@18.3.1_react@18.3.1/node_modules/[4mreact-dom[24m/cjs/react-dom.development.js:20103:13[90m)[39m
    at beginWork [90m(/home/alex/projects/fin-model/frontend/[39mnode_modules/[4m.pnpm[24m/react-dom@18.3.1_react@18.3.1/node_modules/[4mreact-dom[24m/cjs/react-dom.development.js:21626:16[90m)[39m
    at HTMLUnknownElement.callCallback [90m(/home/alex/projects/fin-model/frontend/[39mnode_modules/[4m.pnpm[24m/react-dom@18.3.1_react@18.3.1/node_modules/[4mreact-dom[24m/cjs/react-dom.development.js:4164:14[90m)[39m
    at HTMLUnknownElement.callTheUserObjectsOperation [90m(/home/alex/projects/fin-model/frontend/[39mnode_modules/[4m.pnpm[24m/jsdom@22.1.0/node_modules/[4mjsdom[24m/lib/jsdom/living/generated/EventListener.js:26:30[90m)[39m
    at innerInvokeEventListeners [90m(/home/alex/projects/fin-model/frontend/[39mnode_modules/[4m.pnpm[24m/jsdom@22.1.0/node_modules/[4mjsdom[24m/lib/jsdom/living/events/EventTarget-impl.js:350:25[90m)[39m
    at invokeEventListeners [90m(/home/alex/projects/fin-model/frontend/[39mnode_modules/[4m.pnpm[24m/jsdom@22.1.0/node_modules/[4mjsdom[24m/lib/jsdom/living/events/EventTarget-impl.js:286:3[90m)[39m
Error: Uncaught [Error: [vitest] No &quot;ConfirmDialog&quot; export is defined on the &quot;@/components/ui/ConfirmDialog&quot; mock. Did you forget to return it from &quot;vi.mock&quot;?
If you need to partially mock a module, you can use &quot;vi.importActual&quot; inside:

[32mvi.mock(&quot;@/components/ui/ConfirmDialog&quot;, async () =&gt; {
  const actual = await vi.importActual(&quot;@/components/ui/ConfirmDialog&quot;)
  return {
    ...actual,
    // your mocked methods
  },
})[39m
]
    at reportException (/home/alex/projects/fin-model/frontend/node_modules/.pnpm/jsdom@22.1.0/node_modules/jsdom/lib/jsdom/living/helpers/runtime-script-errors.js:66:24)
    at innerInvokeEventListeners (/home/alex/projects/fin-model/frontend/node_modules/.pnpm/jsdom@22.1.0/node_modules/jsdom/lib/jsdom/living/events/EventTarget-impl.js:353:9)
    at invokeEventListeners (/home/alex/projects/fin-model/frontend/node_modules/.pnpm/jsdom@22.1.0/node_modules/jsdom/lib/jsdom/living/events/EventTarget-impl.js:286:3)
    at HTMLUnknownElementImpl._dispatch (/home/alex/projects/fin-model/frontend/node_modules/.pnpm/jsdom@22.1.0/node_modules/jsdom/lib/jsdom/living/events/EventTarget-impl.js:233:9)
    at HTMLUnknownElementImpl.dispatchEvent (/home/alex/projects/fin-model/frontend/node_modules/.pnpm/jsdom@22.1.0/node_modules/jsdom/lib/jsdom/living/events/EventTarget-impl.js:104:17)
    at HTMLUnknownElement.dispatchEvent (/home/alex/projects/fin-model/frontend/node_modules/.pnpm/jsdom@22.1.0/node_modules/jsdom/lib/jsdom/living/generated/EventTarget.js:241:34)
    at Object.invokeGuardedCallbackDev (/home/alex/projects/fin-model/frontend/node_modules/.pnpm/react-dom@18.3.1_react@18.3.1/node_modules/react-dom/cjs/react-dom.development.js:4213:16)
    at invokeGuardedCallback (/home/alex/projects/fin-model/frontend/node_modules/.pnpm/react-dom@18.3.1_react@18.3.1/node_modules/react-dom/cjs/react-dom.development.js:4277:31)
    at beginWork$1 (/home/alex/projects/fin-model/frontend/node_modules/.pnpm/react-dom@18.3.1_react@18.3.1/node_modules/react-dom/cjs/react-dom.development.js:27490:7)
    at performUnitOfWork (/home/alex/projects/fin-model/frontend/node_modules/.pnpm/react-dom@18.3.1_react@18.3.1/node_modules/react-dom/cjs/react-dom.development.js:26599:12) Error: [vitest] No &quot;ConfirmDialog&quot; export is defined on the &quot;@/components/ui/ConfirmDialog&quot; mock. Did you forget to return it from &quot;vi.mock&quot;?
If you need to partially mock a module, you can use &quot;vi.importActual&quot; inside:

[32mvi.mock(&quot;@/components/ui/ConfirmDialog&quot;, async () =&gt; {
  const actual = await vi.importActual(&quot;@/components/ui/ConfirmDialog&quot;)
  return {
    ...actual,
    // your mocked methods
  },
})[39m

    at VitestMocker.createError [90m(file:///home/alex/projects/fin-model/frontend/[39mnode_modules/[4m.pnpm[24m/vitest@0.34.6_jsdom@22.1.0_playwright@1.54.2/node_modules/[4mvitest[24m/dist/vendor-execute.07d1a420.js:80:12[90m)[39m
    at Object.ConfirmDialog [as get] [90m(file:///home/alex/projects/fin-model/frontend/[39mnode_modules/[4m.pnpm[24m/vitest@0.34.6_jsdom@22.1.0_playwright@1.54.2/node_modules/[4mvitest[24m/dist/vendor-execute.07d1a420.js:153:22[90m)[39m
    at AdminDashboard [90m(/home/alex/projects/fin-model/frontend/[39msrc/pages/AdminDashboard.tsx:1101:8[90m)[39m
    at renderWithHooks [90m(/home/alex/projects/fin-model/frontend/[39mnode_modules/[4m.pnpm[24m/react-dom@18.3.1_react@18.3.1/node_modules/[4mreact-dom[24m/cjs/react-dom.development.js:15486:18[90m)[39m
    at mountIndeterminateComponent [90m(/home/alex/projects/fin-model/frontend/[39mnode_modules/[4m.pnpm[24m/react-dom@18.3.1_react@18.3.1/node_modules/[4mreact-dom[24m/cjs/react-dom.development.js:20103:13[90m)[39m
    at beginWork [90m(/home/alex/projects/fin-model/frontend/[39mnode_modules/[4m.pnpm[24m/react-dom@18.3.1_react@18.3.1/node_modules/[4mreact-dom[24m/cjs/react-dom.development.js:21626:16[90m)[39m
    at HTMLUnknownElement.callCallback [90m(/home/alex/projects/fin-model/frontend/[39mnode_modules/[4m.pnpm[24m/react-dom@18.3.1_react@18.3.1/node_modules/[4mreact-dom[24m/cjs/react-dom.development.js:4164:14[90m)[39m
    at HTMLUnknownElement.callTheUserObjectsOperation [90m(/home/alex/projects/fin-model/frontend/[39mnode_modules/[4m.pnpm[24m/jsdom@22.1.0/node_modules/[4mjsdom[24m/lib/jsdom/living/generated/EventListener.js:26:30[90m)[39m
    at innerInvokeEventListeners [90m(/home/alex/projects/fin-model/frontend/[39mnode_modules/[4m.pnpm[24m/jsdom@22.1.0/node_modules/[4mjsdom[24m/lib/jsdom/living/events/EventTarget-impl.js:350:25[90m)[39m
    at invokeEventListeners [90m(/home/alex/projects/fin-model/frontend/[39mnode_modules/[4m.pnpm[24m/jsdom@22.1.0/node_modules/[4mjsdom[24m/lib/jsdom/living/events/EventTarget-impl.js:286:3[90m)[39m
The above error occurred in the &lt;AdminDashboard&gt; component:

    at AdminDashboard (/home/alex/projects/fin-model/frontend/src/pages/AdminDashboard.tsx:46:79)

Consider adding an error boundary to your tree to customize error handling behavior.
Visit https://reactjs.org/link/error-boundaries to learn more about error boundaries.

            </system-err>
            <failure message="[vitest] No &quot;ConfirmDialog&quot; export is defined on the &quot;@/components/ui/ConfirmDialog&quot; mock. Did you forget to return it from &quot;vi.mock&quot;?
If you need to partially mock a module, you can use &quot;vi.importActual&quot; inside:

[32mvi.mock(&quot;@/components/ui/ConfirmDialog&quot;, async () =&gt; {
  const actual = await vi.importActual(&quot;@/components/ui/ConfirmDialog&quot;)
  return {
    ...actual,
    // your mocked methods
  },
})[39m
" type="Error">
Error: [vitest] No &quot;ConfirmDialog&quot; export is defined on the &quot;@/components/ui/ConfirmDialog&quot; mock. Did you forget to return it from &quot;vi.mock&quot;?
If you need to partially mock a module, you can use &quot;vi.importActual&quot; inside:

[32mvi.mock(&quot;@/components/ui/ConfirmDialog&quot;, async () =&gt; {
  const actual = await vi.importActual(&quot;@/components/ui/ConfirmDialog&quot;)
  return {
    ...actual,
    // your mocked methods
  },
})[39m

 ❯ AdminDashboard src/pages/AdminDashboard.tsx:1101:8
 ❯ renderWithHooks node_modules/.pnpm/react-dom@18.3.1_react@18.3.1/node_modules/react-dom/cjs/react-dom.development.js:15486:18
 ❯ mountIndeterminateComponent node_modules/.pnpm/react-dom@18.3.1_react@18.3.1/node_modules/react-dom/cjs/react-dom.development.js:20103:13
 ❯ beginWork node_modules/.pnpm/react-dom@18.3.1_react@18.3.1/node_modules/react-dom/cjs/react-dom.development.js:21626:16
 ❯ beginWork$1 node_modules/.pnpm/react-dom@18.3.1_react@18.3.1/node_modules/react-dom/cjs/react-dom.development.js:27465:14
 ❯ performUnitOfWork node_modules/.pnpm/react-dom@18.3.1_react@18.3.1/node_modules/react-dom/cjs/react-dom.development.js:26599:12
 ❯ workLoopSync node_modules/.pnpm/react-dom@18.3.1_react@18.3.1/node_modules/react-dom/cjs/react-dom.development.js:26505:5
 ❯ renderRootSync node_modules/.pnpm/react-dom@18.3.1_react@18.3.1/node_modules/react-dom/cjs/react-dom.development.js:26473:7
            </failure>
        </testcase>
        <testcase classname="src/pages/__tests__/AdminDashboard.health-tab.test.tsx" name="AdminDashboard Health tab states &gt; shows absent messages when health not available" time="0.19">
            <system-err>
Error: Uncaught [Error: [vitest] No &quot;ConfirmDialog&quot; export is defined on the &quot;@/components/ui/ConfirmDialog&quot; mock. Did you forget to return it from &quot;vi.mock&quot;?
If you need to partially mock a module, you can use &quot;vi.importActual&quot; inside:

[32mvi.mock(&quot;@/components/ui/ConfirmDialog&quot;, async () =&gt; {
  const actual = await vi.importActual(&quot;@/components/ui/ConfirmDialog&quot;)
  return {
    ...actual,
    // your mocked methods
  },
})[39m
]
    at reportException (/home/alex/projects/fin-model/frontend/node_modules/.pnpm/jsdom@22.1.0/node_modules/jsdom/lib/jsdom/living/helpers/runtime-script-errors.js:66:24)
    at innerInvokeEventListeners (/home/alex/projects/fin-model/frontend/node_modules/.pnpm/jsdom@22.1.0/node_modules/jsdom/lib/jsdom/living/events/EventTarget-impl.js:353:9)
    at invokeEventListeners (/home/alex/projects/fin-model/frontend/node_modules/.pnpm/jsdom@22.1.0/node_modules/jsdom/lib/jsdom/living/events/EventTarget-impl.js:286:3)
    at HTMLUnknownElementImpl._dispatch (/home/alex/projects/fin-model/frontend/node_modules/.pnpm/jsdom@22.1.0/node_modules/jsdom/lib/jsdom/living/events/EventTarget-impl.js:233:9)
    at HTMLUnknownElementImpl.dispatchEvent (/home/alex/projects/fin-model/frontend/node_modules/.pnpm/jsdom@22.1.0/node_modules/jsdom/lib/jsdom/living/events/EventTarget-impl.js:104:17)
    at HTMLUnknownElement.dispatchEvent (/home/alex/projects/fin-model/frontend/node_modules/.pnpm/jsdom@22.1.0/node_modules/jsdom/lib/jsdom/living/generated/EventTarget.js:241:34)
    at Object.invokeGuardedCallbackDev (/home/alex/projects/fin-model/frontend/node_modules/.pnpm/react-dom@18.3.1_react@18.3.1/node_modules/react-dom/cjs/react-dom.development.js:4213:16)
    at invokeGuardedCallback (/home/alex/projects/fin-model/frontend/node_modules/.pnpm/react-dom@18.3.1_react@18.3.1/node_modules/react-dom/cjs/react-dom.development.js:4277:31)
    at beginWork$1 (/home/alex/projects/fin-model/frontend/node_modules/.pnpm/react-dom@18.3.1_react@18.3.1/node_modules/react-dom/cjs/react-dom.development.js:27490:7)
    at performUnitOfWork (/home/alex/projects/fin-model/frontend/node_modules/.pnpm/react-dom@18.3.1_react@18.3.1/node_modules/react-dom/cjs/react-dom.development.js:26599:12) Error: [vitest] No &quot;ConfirmDialog&quot; export is defined on the &quot;@/components/ui/ConfirmDialog&quot; mock. Did you forget to return it from &quot;vi.mock&quot;?
If you need to partially mock a module, you can use &quot;vi.importActual&quot; inside:

[32mvi.mock(&quot;@/components/ui/ConfirmDialog&quot;, async () =&gt; {
  const actual = await vi.importActual(&quot;@/components/ui/ConfirmDialog&quot;)
  return {
    ...actual,
    // your mocked methods
  },
})[39m

    at VitestMocker.createError [90m(file:///home/alex/projects/fin-model/frontend/[39mnode_modules/[4m.pnpm[24m/vitest@0.34.6_jsdom@22.1.0_playwright@1.54.2/node_modules/[4mvitest[24m/dist/vendor-execute.07d1a420.js:80:12[90m)[39m
    at Object.ConfirmDialog [as get] [90m(file:///home/alex/projects/fin-model/frontend/[39mnode_modules/[4m.pnpm[24m/vitest@0.34.6_jsdom@22.1.0_playwright@1.54.2/node_modules/[4mvitest[24m/dist/vendor-execute.07d1a420.js:153:22[90m)[39m
    at AdminDashboard [90m(/home/alex/projects/fin-model/frontend/[39msrc/pages/AdminDashboard.tsx:1101:8[90m)[39m
    at renderWithHooks [90m(/home/alex/projects/fin-model/frontend/[39mnode_modules/[4m.pnpm[24m/react-dom@18.3.1_react@18.3.1/node_modules/[4mreact-dom[24m/cjs/react-dom.development.js:15486:18[90m)[39m
    at mountIndeterminateComponent [90m(/home/alex/projects/fin-model/frontend/[39mnode_modules/[4m.pnpm[24m/react-dom@18.3.1_react@18.3.1/node_modules/[4mreact-dom[24m/cjs/react-dom.development.js:20103:13[90m)[39m
    at beginWork [90m(/home/alex/projects/fin-model/frontend/[39mnode_modules/[4m.pnpm[24m/react-dom@18.3.1_react@18.3.1/node_modules/[4mreact-dom[24m/cjs/react-dom.development.js:21626:16[90m)[39m
    at HTMLUnknownElement.callCallback [90m(/home/alex/projects/fin-model/frontend/[39mnode_modules/[4m.pnpm[24m/react-dom@18.3.1_react@18.3.1/node_modules/[4mreact-dom[24m/cjs/react-dom.development.js:4164:14[90m)[39m
    at HTMLUnknownElement.callTheUserObjectsOperation [90m(/home/alex/projects/fin-model/frontend/[39mnode_modules/[4m.pnpm[24m/jsdom@22.1.0/node_modules/[4mjsdom[24m/lib/jsdom/living/generated/EventListener.js:26:30[90m)[39m
    at innerInvokeEventListeners [90m(/home/alex/projects/fin-model/frontend/[39mnode_modules/[4m.pnpm[24m/jsdom@22.1.0/node_modules/[4mjsdom[24m/lib/jsdom/living/events/EventTarget-impl.js:350:25[90m)[39m
    at invokeEventListeners [90m(/home/alex/projects/fin-model/frontend/[39mnode_modules/[4m.pnpm[24m/jsdom@22.1.0/node_modules/[4mjsdom[24m/lib/jsdom/living/events/EventTarget-impl.js:286:3[90m)[39m
Error: Uncaught [Error: [vitest] No &quot;ConfirmDialog&quot; export is defined on the &quot;@/components/ui/ConfirmDialog&quot; mock. Did you forget to return it from &quot;vi.mock&quot;?
If you need to partially mock a module, you can use &quot;vi.importActual&quot; inside:

[32mvi.mock(&quot;@/components/ui/ConfirmDialog&quot;, async () =&gt; {
  const actual = await vi.importActual(&quot;@/components/ui/ConfirmDialog&quot;)
  return {
    ...actual,
    // your mocked methods
  },
})[39m
]
    at reportException (/home/alex/projects/fin-model/frontend/node_modules/.pnpm/jsdom@22.1.0/node_modules/jsdom/lib/jsdom/living/helpers/runtime-script-errors.js:66:24)
    at innerInvokeEventListeners (/home/alex/projects/fin-model/frontend/node_modules/.pnpm/jsdom@22.1.0/node_modules/jsdom/lib/jsdom/living/events/EventTarget-impl.js:353:9)
    at invokeEventListeners (/home/alex/projects/fin-model/frontend/node_modules/.pnpm/jsdom@22.1.0/node_modules/jsdom/lib/jsdom/living/events/EventTarget-impl.js:286:3)
    at HTMLUnknownElementImpl._dispatch (/home/alex/projects/fin-model/frontend/node_modules/.pnpm/jsdom@22.1.0/node_modules/jsdom/lib/jsdom/living/events/EventTarget-impl.js:233:9)
    at HTMLUnknownElementImpl.dispatchEvent (/home/alex/projects/fin-model/frontend/node_modules/.pnpm/jsdom@22.1.0/node_modules/jsdom/lib/jsdom/living/events/EventTarget-impl.js:104:17)
    at HTMLUnknownElement.dispatchEvent (/home/alex/projects/fin-model/frontend/node_modules/.pnpm/jsdom@22.1.0/node_modules/jsdom/lib/jsdom/living/generated/EventTarget.js:241:34)
    at Object.invokeGuardedCallbackDev (/home/alex/projects/fin-model/frontend/node_modules/.pnpm/react-dom@18.3.1_react@18.3.1/node_modules/react-dom/cjs/react-dom.development.js:4213:16)
    at invokeGuardedCallback (/home/alex/projects/fin-model/frontend/node_modules/.pnpm/react-dom@18.3.1_react@18.3.1/node_modules/react-dom/cjs/react-dom.development.js:4277:31)
    at beginWork$1 (/home/alex/projects/fin-model/frontend/node_modules/.pnpm/react-dom@18.3.1_react@18.3.1/node_modules/react-dom/cjs/react-dom.development.js:27490:7)
    at performUnitOfWork (/home/alex/projects/fin-model/frontend/node_modules/.pnpm/react-dom@18.3.1_react@18.3.1/node_modules/react-dom/cjs/react-dom.development.js:26599:12) Error: [vitest] No &quot;ConfirmDialog&quot; export is defined on the &quot;@/components/ui/ConfirmDialog&quot; mock. Did you forget to return it from &quot;vi.mock&quot;?
If you need to partially mock a module, you can use &quot;vi.importActual&quot; inside:

[32mvi.mock(&quot;@/components/ui/ConfirmDialog&quot;, async () =&gt; {
  const actual = await vi.importActual(&quot;@/components/ui/ConfirmDialog&quot;)
  return {
    ...actual,
    // your mocked methods
  },
})[39m

    at VitestMocker.createError [90m(file:///home/alex/projects/fin-model/frontend/[39mnode_modules/[4m.pnpm[24m/vitest@0.34.6_jsdom@22.1.0_playwright@1.54.2/node_modules/[4mvitest[24m/dist/vendor-execute.07d1a420.js:80:12[90m)[39m
    at Object.ConfirmDialog [as get] [90m(file:///home/alex/projects/fin-model/frontend/[39mnode_modules/[4m.pnpm[24m/vitest@0.34.6_jsdom@22.1.0_playwright@1.54.2/node_modules/[4mvitest[24m/dist/vendor-execute.07d1a420.js:153:22[90m)[39m
    at AdminDashboard [90m(/home/alex/projects/fin-model/frontend/[39msrc/pages/AdminDashboard.tsx:1101:8[90m)[39m
    at renderWithHooks [90m(/home/alex/projects/fin-model/frontend/[39mnode_modules/[4m.pnpm[24m/react-dom@18.3.1_react@18.3.1/node_modules/[4mreact-dom[24m/cjs/react-dom.development.js:15486:18[90m)[39m
    at mountIndeterminateComponent [90m(/home/alex/projects/fin-model/frontend/[39mnode_modules/[4m.pnpm[24m/react-dom@18.3.1_react@18.3.1/node_modules/[4mreact-dom[24m/cjs/react-dom.development.js:20103:13[90m)[39m
    at beginWork [90m(/home/alex/projects/fin-model/frontend/[39mnode_modules/[4m.pnpm[24m/react-dom@18.3.1_react@18.3.1/node_modules/[4mreact-dom[24m/cjs/react-dom.development.js:21626:16[90m)[39m
    at HTMLUnknownElement.callCallback [90m(/home/alex/projects/fin-model/frontend/[39mnode_modules/[4m.pnpm[24m/react-dom@18.3.1_react@18.3.1/node_modules/[4mreact-dom[24m/cjs/react-dom.development.js:4164:14[90m)[39m
    at HTMLUnknownElement.callTheUserObjectsOperation [90m(/home/alex/projects/fin-model/frontend/[39mnode_modules/[4m.pnpm[24m/jsdom@22.1.0/node_modules/[4mjsdom[24m/lib/jsdom/living/generated/EventListener.js:26:30[90m)[39m
    at innerInvokeEventListeners [90m(/home/alex/projects/fin-model/frontend/[39mnode_modules/[4m.pnpm[24m/jsdom@22.1.0/node_modules/[4mjsdom[24m/lib/jsdom/living/events/EventTarget-impl.js:350:25[90m)[39m
    at invokeEventListeners [90m(/home/alex/projects/fin-model/frontend/[39mnode_modules/[4m.pnpm[24m/jsdom@22.1.0/node_modules/[4mjsdom[24m/lib/jsdom/living/events/EventTarget-impl.js:286:3[90m)[39m
The above error occurred in the &lt;AdminDashboard&gt; component:

    at AdminDashboard (/home/alex/projects/fin-model/frontend/src/pages/AdminDashboard.tsx:46:79)

Consider adding an error boundary to your tree to customize error handling behavior.
Visit https://reactjs.org/link/error-boundaries to learn more about error boundaries.

            </system-err>
            <failure message="[vitest] No &quot;ConfirmDialog&quot; export is defined on the &quot;@/components/ui/ConfirmDialog&quot; mock. Did you forget to return it from &quot;vi.mock&quot;?
If you need to partially mock a module, you can use &quot;vi.importActual&quot; inside:

[32mvi.mock(&quot;@/components/ui/ConfirmDialog&quot;, async () =&gt; {
  const actual = await vi.importActual(&quot;@/components/ui/ConfirmDialog&quot;)
  return {
    ...actual,
    // your mocked methods
  },
})[39m
" type="Error">
Error: [vitest] No &quot;ConfirmDialog&quot; export is defined on the &quot;@/components/ui/ConfirmDialog&quot; mock. Did you forget to return it from &quot;vi.mock&quot;?
If you need to partially mock a module, you can use &quot;vi.importActual&quot; inside:

[32mvi.mock(&quot;@/components/ui/ConfirmDialog&quot;, async () =&gt; {
  const actual = await vi.importActual(&quot;@/components/ui/ConfirmDialog&quot;)
  return {
    ...actual,
    // your mocked methods
  },
})[39m

 ❯ AdminDashboard src/pages/AdminDashboard.tsx:1101:8
 ❯ renderWithHooks node_modules/.pnpm/react-dom@18.3.1_react@18.3.1/node_modules/react-dom/cjs/react-dom.development.js:15486:18
 ❯ mountIndeterminateComponent node_modules/.pnpm/react-dom@18.3.1_react@18.3.1/node_modules/react-dom/cjs/react-dom.development.js:20103:13
 ❯ beginWork node_modules/.pnpm/react-dom@18.3.1_react@18.3.1/node_modules/react-dom/cjs/react-dom.development.js:21626:16
 ❯ beginWork$1 node_modules/.pnpm/react-dom@18.3.1_react@18.3.1/node_modules/react-dom/cjs/react-dom.development.js:27465:14
 ❯ performUnitOfWork node_modules/.pnpm/react-dom@18.3.1_react@18.3.1/node_modules/react-dom/cjs/react-dom.development.js:26599:12
 ❯ workLoopSync node_modules/.pnpm/react-dom@18.3.1_react@18.3.1/node_modules/react-dom/cjs/react-dom.development.js:26505:5
 ❯ renderRootSync node_modules/.pnpm/react-dom@18.3.1_react@18.3.1/node_modules/react-dom/cjs/react-dom.development.js:26473:7
            </failure>
        </testcase>
    </testsuite>
    <testsuite name="src/pages/__tests__/AdminDashboard.logs-filters.test.tsx" timestamp="2025-08-10T11:51:31.769Z" hostname="DESKTOP-CSMHNRS" tests="1" failures="1" errors="0" skipped="0" time="0.873">
        <testcase classname="src/pages/__tests__/AdminDashboard.logs-filters.test.tsx" name="AdminDashboard Logs filters &gt; applies level/limit/date/search and calls service with correct params" time="0.846">
            <system-err>
Warning: `ReactDOMTestUtils.act` is deprecated in favor of `React.act`. Import `act` from `react` instead of `react-dom/test-utils`. See https://react.dev/warnings/react-dom-test-utils for more info.
Error: Uncaught [Error: [vitest] No &quot;ConfirmDialog&quot; export is defined on the &quot;@/components/ui/ConfirmDialog&quot; mock. Did you forget to return it from &quot;vi.mock&quot;?
If you need to partially mock a module, you can use &quot;vi.importActual&quot; inside:

[32mvi.mock(&quot;@/components/ui/ConfirmDialog&quot;, async () =&gt; {
  const actual = await vi.importActual(&quot;@/components/ui/ConfirmDialog&quot;)
  return {
    ...actual,
    // your mocked methods
  },
})[39m
]
    at reportException (/home/alex/projects/fin-model/frontend/node_modules/.pnpm/jsdom@22.1.0/node_modules/jsdom/lib/jsdom/living/helpers/runtime-script-errors.js:66:24)
    at innerInvokeEventListeners (/home/alex/projects/fin-model/frontend/node_modules/.pnpm/jsdom@22.1.0/node_modules/jsdom/lib/jsdom/living/events/EventTarget-impl.js:353:9)
    at invokeEventListeners (/home/alex/projects/fin-model/frontend/node_modules/.pnpm/jsdom@22.1.0/node_modules/jsdom/lib/jsdom/living/events/EventTarget-impl.js:286:3)
    at HTMLUnknownElementImpl._dispatch (/home/alex/projects/fin-model/frontend/node_modules/.pnpm/jsdom@22.1.0/node_modules/jsdom/lib/jsdom/living/events/EventTarget-impl.js:233:9)
    at HTMLUnknownElementImpl.dispatchEvent (/home/alex/projects/fin-model/frontend/node_modules/.pnpm/jsdom@22.1.0/node_modules/jsdom/lib/jsdom/living/events/EventTarget-impl.js:104:17)
    at HTMLUnknownElement.dispatchEvent (/home/alex/projects/fin-model/frontend/node_modules/.pnpm/jsdom@22.1.0/node_modules/jsdom/lib/jsdom/living/generated/EventTarget.js:241:34)
    at Object.invokeGuardedCallbackDev (/home/alex/projects/fin-model/frontend/node_modules/.pnpm/react-dom@18.3.1_react@18.3.1/node_modules/react-dom/cjs/react-dom.development.js:4213:16)
    at invokeGuardedCallback (/home/alex/projects/fin-model/frontend/node_modules/.pnpm/react-dom@18.3.1_react@18.3.1/node_modules/react-dom/cjs/react-dom.development.js:4277:31)
    at beginWork$1 (/home/alex/projects/fin-model/frontend/node_modules/.pnpm/react-dom@18.3.1_react@18.3.1/node_modules/react-dom/cjs/react-dom.development.js:27490:7)
    at performUnitOfWork (/home/alex/projects/fin-model/frontend/node_modules/.pnpm/react-dom@18.3.1_react@18.3.1/node_modules/react-dom/cjs/react-dom.development.js:26599:12) Error: [vitest] No &quot;ConfirmDialog&quot; export is defined on the &quot;@/components/ui/ConfirmDialog&quot; mock. Did you forget to return it from &quot;vi.mock&quot;?
If you need to partially mock a module, you can use &quot;vi.importActual&quot; inside:

[32mvi.mock(&quot;@/components/ui/ConfirmDialog&quot;, async () =&gt; {
  const actual = await vi.importActual(&quot;@/components/ui/ConfirmDialog&quot;)
  return {
    ...actual,
    // your mocked methods
  },
})[39m

    at VitestMocker.createError [90m(file:///home/alex/projects/fin-model/frontend/[39mnode_modules/[4m.pnpm[24m/vitest@0.34.6_jsdom@22.1.0_playwright@1.54.2/node_modules/[4mvitest[24m/dist/vendor-execute.07d1a420.js:80:12[90m)[39m
    at Object.ConfirmDialog [as get] [90m(file:///home/alex/projects/fin-model/frontend/[39mnode_modules/[4m.pnpm[24m/vitest@0.34.6_jsdom@22.1.0_playwright@1.54.2/node_modules/[4mvitest[24m/dist/vendor-execute.07d1a420.js:153:22[90m)[39m
    at AdminDashboard [90m(/home/alex/projects/fin-model/frontend/[39msrc/pages/AdminDashboard.tsx:1101:8[90m)[39m
    at renderWithHooks [90m(/home/alex/projects/fin-model/frontend/[39mnode_modules/[4m.pnpm[24m/react-dom@18.3.1_react@18.3.1/node_modules/[4mreact-dom[24m/cjs/react-dom.development.js:15486:18[90m)[39m
    at mountIndeterminateComponent [90m(/home/alex/projects/fin-model/frontend/[39mnode_modules/[4m.pnpm[24m/react-dom@18.3.1_react@18.3.1/node_modules/[4mreact-dom[24m/cjs/react-dom.development.js:20103:13[90m)[39m
    at beginWork [90m(/home/alex/projects/fin-model/frontend/[39mnode_modules/[4m.pnpm[24m/react-dom@18.3.1_react@18.3.1/node_modules/[4mreact-dom[24m/cjs/react-dom.development.js:21626:16[90m)[39m
    at HTMLUnknownElement.callCallback [90m(/home/alex/projects/fin-model/frontend/[39mnode_modules/[4m.pnpm[24m/react-dom@18.3.1_react@18.3.1/node_modules/[4mreact-dom[24m/cjs/react-dom.development.js:4164:14[90m)[39m
    at HTMLUnknownElement.callTheUserObjectsOperation [90m(/home/alex/projects/fin-model/frontend/[39mnode_modules/[4m.pnpm[24m/jsdom@22.1.0/node_modules/[4mjsdom[24m/lib/jsdom/living/generated/EventListener.js:26:30[90m)[39m
    at innerInvokeEventListeners [90m(/home/alex/projects/fin-model/frontend/[39mnode_modules/[4m.pnpm[24m/jsdom@22.1.0/node_modules/[4mjsdom[24m/lib/jsdom/living/events/EventTarget-impl.js:350:25[90m)[39m
    at invokeEventListeners [90m(/home/alex/projects/fin-model/frontend/[39mnode_modules/[4m.pnpm[24m/jsdom@22.1.0/node_modules/[4mjsdom[24m/lib/jsdom/living/events/EventTarget-impl.js:286:3[90m)[39m
Error: Uncaught [Error: [vitest] No &quot;ConfirmDialog&quot; export is defined on the &quot;@/components/ui/ConfirmDialog&quot; mock. Did you forget to return it from &quot;vi.mock&quot;?
If you need to partially mock a module, you can use &quot;vi.importActual&quot; inside:

[32mvi.mock(&quot;@/components/ui/ConfirmDialog&quot;, async () =&gt; {
  const actual = await vi.importActual(&quot;@/components/ui/ConfirmDialog&quot;)
  return {
    ...actual,
    // your mocked methods
  },
})[39m
]
    at reportException (/home/alex/projects/fin-model/frontend/node_modules/.pnpm/jsdom@22.1.0/node_modules/jsdom/lib/jsdom/living/helpers/runtime-script-errors.js:66:24)
    at innerInvokeEventListeners (/home/alex/projects/fin-model/frontend/node_modules/.pnpm/jsdom@22.1.0/node_modules/jsdom/lib/jsdom/living/events/EventTarget-impl.js:353:9)
    at invokeEventListeners (/home/alex/projects/fin-model/frontend/node_modules/.pnpm/jsdom@22.1.0/node_modules/jsdom/lib/jsdom/living/events/EventTarget-impl.js:286:3)
    at HTMLUnknownElementImpl._dispatch (/home/alex/projects/fin-model/frontend/node_modules/.pnpm/jsdom@22.1.0/node_modules/jsdom/lib/jsdom/living/events/EventTarget-impl.js:233:9)
    at HTMLUnknownElementImpl.dispatchEvent (/home/alex/projects/fin-model/frontend/node_modules/.pnpm/jsdom@22.1.0/node_modules/jsdom/lib/jsdom/living/events/EventTarget-impl.js:104:17)
    at HTMLUnknownElement.dispatchEvent (/home/alex/projects/fin-model/frontend/node_modules/.pnpm/jsdom@22.1.0/node_modules/jsdom/lib/jsdom/living/generated/EventTarget.js:241:34)
    at Object.invokeGuardedCallbackDev (/home/alex/projects/fin-model/frontend/node_modules/.pnpm/react-dom@18.3.1_react@18.3.1/node_modules/react-dom/cjs/react-dom.development.js:4213:16)
    at invokeGuardedCallback (/home/alex/projects/fin-model/frontend/node_modules/.pnpm/react-dom@18.3.1_react@18.3.1/node_modules/react-dom/cjs/react-dom.development.js:4277:31)
    at beginWork$1 (/home/alex/projects/fin-model/frontend/node_modules/.pnpm/react-dom@18.3.1_react@18.3.1/node_modules/react-dom/cjs/react-dom.development.js:27490:7)
    at performUnitOfWork (/home/alex/projects/fin-model/frontend/node_modules/.pnpm/react-dom@18.3.1_react@18.3.1/node_modules/react-dom/cjs/react-dom.development.js:26599:12) Error: [vitest] No &quot;ConfirmDialog&quot; export is defined on the &quot;@/components/ui/ConfirmDialog&quot; mock. Did you forget to return it from &quot;vi.mock&quot;?
If you need to partially mock a module, you can use &quot;vi.importActual&quot; inside:

[32mvi.mock(&quot;@/components/ui/ConfirmDialog&quot;, async () =&gt; {
  const actual = await vi.importActual(&quot;@/components/ui/ConfirmDialog&quot;)
  return {
    ...actual,
    // your mocked methods
  },
})[39m

    at VitestMocker.createError [90m(file:///home/alex/projects/fin-model/frontend/[39mnode_modules/[4m.pnpm[24m/vitest@0.34.6_jsdom@22.1.0_playwright@1.54.2/node_modules/[4mvitest[24m/dist/vendor-execute.07d1a420.js:80:12[90m)[39m
    at Object.ConfirmDialog [as get] [90m(file:///home/alex/projects/fin-model/frontend/[39mnode_modules/[4m.pnpm[24m/vitest@0.34.6_jsdom@22.1.0_playwright@1.54.2/node_modules/[4mvitest[24m/dist/vendor-execute.07d1a420.js:153:22[90m)[39m
    at AdminDashboard [90m(/home/alex/projects/fin-model/frontend/[39msrc/pages/AdminDashboard.tsx:1101:8[90m)[39m
    at renderWithHooks [90m(/home/alex/projects/fin-model/frontend/[39mnode_modules/[4m.pnpm[24m/react-dom@18.3.1_react@18.3.1/node_modules/[4mreact-dom[24m/cjs/react-dom.development.js:15486:18[90m)[39m
    at mountIndeterminateComponent [90m(/home/alex/projects/fin-model/frontend/[39mnode_modules/[4m.pnpm[24m/react-dom@18.3.1_react@18.3.1/node_modules/[4mreact-dom[24m/cjs/react-dom.development.js:20103:13[90m)[39m
    at beginWork [90m(/home/alex/projects/fin-model/frontend/[39mnode_modules/[4m.pnpm[24m/react-dom@18.3.1_react@18.3.1/node_modules/[4mreact-dom[24m/cjs/react-dom.development.js:21626:16[90m)[39m
    at HTMLUnknownElement.callCallback [90m(/home/alex/projects/fin-model/frontend/[39mnode_modules/[4m.pnpm[24m/react-dom@18.3.1_react@18.3.1/node_modules/[4mreact-dom[24m/cjs/react-dom.development.js:4164:14[90m)[39m
    at HTMLUnknownElement.callTheUserObjectsOperation [90m(/home/alex/projects/fin-model/frontend/[39mnode_modules/[4m.pnpm[24m/jsdom@22.1.0/node_modules/[4mjsdom[24m/lib/jsdom/living/generated/EventListener.js:26:30[90m)[39m
    at innerInvokeEventListeners [90m(/home/alex/projects/fin-model/frontend/[39mnode_modules/[4m.pnpm[24m/jsdom@22.1.0/node_modules/[4mjsdom[24m/lib/jsdom/living/events/EventTarget-impl.js:350:25[90m)[39m
    at invokeEventListeners [90m(/home/alex/projects/fin-model/frontend/[39mnode_modules/[4m.pnpm[24m/jsdom@22.1.0/node_modules/[4mjsdom[24m/lib/jsdom/living/events/EventTarget-impl.js:286:3[90m)[39m
The above error occurred in the &lt;AdminDashboard&gt; component:

    at AdminDashboard (/home/alex/projects/fin-model/frontend/src/pages/AdminDashboard.tsx:46:79)

Consider adding an error boundary to your tree to customize error handling behavior.
Visit https://reactjs.org/link/error-boundaries to learn more about error boundaries.

            </system-err>
            <failure message="[vitest] No &quot;ConfirmDialog&quot; export is defined on the &quot;@/components/ui/ConfirmDialog&quot; mock. Did you forget to return it from &quot;vi.mock&quot;?
If you need to partially mock a module, you can use &quot;vi.importActual&quot; inside:

[32mvi.mock(&quot;@/components/ui/ConfirmDialog&quot;, async () =&gt; {
  const actual = await vi.importActual(&quot;@/components/ui/ConfirmDialog&quot;)
  return {
    ...actual,
    // your mocked methods
  },
})[39m
" type="Error">
Error: [vitest] No &quot;ConfirmDialog&quot; export is defined on the &quot;@/components/ui/ConfirmDialog&quot; mock. Did you forget to return it from &quot;vi.mock&quot;?
If you need to partially mock a module, you can use &quot;vi.importActual&quot; inside:

[32mvi.mock(&quot;@/components/ui/ConfirmDialog&quot;, async () =&gt; {
  const actual = await vi.importActual(&quot;@/components/ui/ConfirmDialog&quot;)
  return {
    ...actual,
    // your mocked methods
  },
})[39m

 ❯ AdminDashboard src/pages/AdminDashboard.tsx:1101:8
 ❯ renderWithHooks node_modules/.pnpm/react-dom@18.3.1_react@18.3.1/node_modules/react-dom/cjs/react-dom.development.js:15486:18
 ❯ mountIndeterminateComponent node_modules/.pnpm/react-dom@18.3.1_react@18.3.1/node_modules/react-dom/cjs/react-dom.development.js:20103:13
 ❯ beginWork node_modules/.pnpm/react-dom@18.3.1_react@18.3.1/node_modules/react-dom/cjs/react-dom.development.js:21626:16
 ❯ beginWork$1 node_modules/.pnpm/react-dom@18.3.1_react@18.3.1/node_modules/react-dom/cjs/react-dom.development.js:27465:14
 ❯ performUnitOfWork node_modules/.pnpm/react-dom@18.3.1_react@18.3.1/node_modules/react-dom/cjs/react-dom.development.js:26599:12
 ❯ workLoopSync node_modules/.pnpm/react-dom@18.3.1_react@18.3.1/node_modules/react-dom/cjs/react-dom.development.js:26505:5
 ❯ renderRootSync node_modules/.pnpm/react-dom@18.3.1_react@18.3.1/node_modules/react-dom/cjs/react-dom.development.js:26473:7
            </failure>
        </testcase>
    </testsuite>
    <testsuite name="src/pages/__tests__/AdminDashboard.logs.test.tsx" timestamp="2025-08-10T11:51:31.788Z" hostname="DESKTOP-CSMHNRS" tests="1" failures="1" errors="0" skipped="0" time="0.755">
        <testcase classname="src/pages/__tests__/AdminDashboard.logs.test.tsx" name="AdminDashboard Logs pagination &gt; renders logs list and paging controls" time="0.726">
            <system-err>
Warning: `ReactDOMTestUtils.act` is deprecated in favor of `React.act`. Import `act` from `react` instead of `react-dom/test-utils`. See https://react.dev/warnings/react-dom-test-utils for more info.
Error: Uncaught [Error: [vitest] No &quot;ConfirmDialog&quot; export is defined on the &quot;@/components/ui/ConfirmDialog&quot; mock. Did you forget to return it from &quot;vi.mock&quot;?
If you need to partially mock a module, you can use &quot;vi.importActual&quot; inside:

[32mvi.mock(&quot;@/components/ui/ConfirmDialog&quot;, async () =&gt; {
  const actual = await vi.importActual(&quot;@/components/ui/ConfirmDialog&quot;)
  return {
    ...actual,
    // your mocked methods
  },
})[39m
]
    at reportException (/home/alex/projects/fin-model/frontend/node_modules/.pnpm/jsdom@22.1.0/node_modules/jsdom/lib/jsdom/living/helpers/runtime-script-errors.js:66:24)
    at innerInvokeEventListeners (/home/alex/projects/fin-model/frontend/node_modules/.pnpm/jsdom@22.1.0/node_modules/jsdom/lib/jsdom/living/events/EventTarget-impl.js:353:9)
    at invokeEventListeners (/home/alex/projects/fin-model/frontend/node_modules/.pnpm/jsdom@22.1.0/node_modules/jsdom/lib/jsdom/living/events/EventTarget-impl.js:286:3)
    at HTMLUnknownElementImpl._dispatch (/home/alex/projects/fin-model/frontend/node_modules/.pnpm/jsdom@22.1.0/node_modules/jsdom/lib/jsdom/living/events/EventTarget-impl.js:233:9)
    at HTMLUnknownElementImpl.dispatchEvent (/home/alex/projects/fin-model/frontend/node_modules/.pnpm/jsdom@22.1.0/node_modules/jsdom/lib/jsdom/living/events/EventTarget-impl.js:104:17)
    at HTMLUnknownElement.dispatchEvent (/home/alex/projects/fin-model/frontend/node_modules/.pnpm/jsdom@22.1.0/node_modules/jsdom/lib/jsdom/living/generated/EventTarget.js:241:34)
    at Object.invokeGuardedCallbackDev (/home/alex/projects/fin-model/frontend/node_modules/.pnpm/react-dom@18.3.1_react@18.3.1/node_modules/react-dom/cjs/react-dom.development.js:4213:16)
    at invokeGuardedCallback (/home/alex/projects/fin-model/frontend/node_modules/.pnpm/react-dom@18.3.1_react@18.3.1/node_modules/react-dom/cjs/react-dom.development.js:4277:31)
    at beginWork$1 (/home/alex/projects/fin-model/frontend/node_modules/.pnpm/react-dom@18.3.1_react@18.3.1/node_modules/react-dom/cjs/react-dom.development.js:27490:7)
    at performUnitOfWork (/home/alex/projects/fin-model/frontend/node_modules/.pnpm/react-dom@18.3.1_react@18.3.1/node_modules/react-dom/cjs/react-dom.development.js:26599:12) Error: [vitest] No &quot;ConfirmDialog&quot; export is defined on the &quot;@/components/ui/ConfirmDialog&quot; mock. Did you forget to return it from &quot;vi.mock&quot;?
If you need to partially mock a module, you can use &quot;vi.importActual&quot; inside:

[32mvi.mock(&quot;@/components/ui/ConfirmDialog&quot;, async () =&gt; {
  const actual = await vi.importActual(&quot;@/components/ui/ConfirmDialog&quot;)
  return {
    ...actual,
    // your mocked methods
  },
})[39m

    at VitestMocker.createError [90m(file:///home/alex/projects/fin-model/frontend/[39mnode_modules/[4m.pnpm[24m/vitest@0.34.6_jsdom@22.1.0_playwright@1.54.2/node_modules/[4mvitest[24m/dist/vendor-execute.07d1a420.js:80:12[90m)[39m
    at Object.ConfirmDialog [as get] [90m(file:///home/alex/projects/fin-model/frontend/[39mnode_modules/[4m.pnpm[24m/vitest@0.34.6_jsdom@22.1.0_playwright@1.54.2/node_modules/[4mvitest[24m/dist/vendor-execute.07d1a420.js:153:22[90m)[39m
    at AdminDashboard [90m(/home/alex/projects/fin-model/frontend/[39msrc/pages/AdminDashboard.tsx:1101:8[90m)[39m
    at renderWithHooks [90m(/home/alex/projects/fin-model/frontend/[39mnode_modules/[4m.pnpm[24m/react-dom@18.3.1_react@18.3.1/node_modules/[4mreact-dom[24m/cjs/react-dom.development.js:15486:18[90m)[39m
    at mountIndeterminateComponent [90m(/home/alex/projects/fin-model/frontend/[39mnode_modules/[4m.pnpm[24m/react-dom@18.3.1_react@18.3.1/node_modules/[4mreact-dom[24m/cjs/react-dom.development.js:20103:13[90m)[39m
    at beginWork [90m(/home/alex/projects/fin-model/frontend/[39mnode_modules/[4m.pnpm[24m/react-dom@18.3.1_react@18.3.1/node_modules/[4mreact-dom[24m/cjs/react-dom.development.js:21626:16[90m)[39m
    at HTMLUnknownElement.callCallback [90m(/home/alex/projects/fin-model/frontend/[39mnode_modules/[4m.pnpm[24m/react-dom@18.3.1_react@18.3.1/node_modules/[4mreact-dom[24m/cjs/react-dom.development.js:4164:14[90m)[39m
    at HTMLUnknownElement.callTheUserObjectsOperation [90m(/home/alex/projects/fin-model/frontend/[39mnode_modules/[4m.pnpm[24m/jsdom@22.1.0/node_modules/[4mjsdom[24m/lib/jsdom/living/generated/EventListener.js:26:30[90m)[39m
    at innerInvokeEventListeners [90m(/home/alex/projects/fin-model/frontend/[39mnode_modules/[4m.pnpm[24m/jsdom@22.1.0/node_modules/[4mjsdom[24m/lib/jsdom/living/events/EventTarget-impl.js:350:25[90m)[39m
    at invokeEventListeners [90m(/home/alex/projects/fin-model/frontend/[39mnode_modules/[4m.pnpm[24m/jsdom@22.1.0/node_modules/[4mjsdom[24m/lib/jsdom/living/events/EventTarget-impl.js:286:3[90m)[39m
Error: Uncaught [Error: [vitest] No &quot;ConfirmDialog&quot; export is defined on the &quot;@/components/ui/ConfirmDialog&quot; mock. Did you forget to return it from &quot;vi.mock&quot;?
If you need to partially mock a module, you can use &quot;vi.importActual&quot; inside:

[32mvi.mock(&quot;@/components/ui/ConfirmDialog&quot;, async () =&gt; {
  const actual = await vi.importActual(&quot;@/components/ui/ConfirmDialog&quot;)
  return {
    ...actual,
    // your mocked methods
  },
})[39m
]
    at reportException (/home/alex/projects/fin-model/frontend/node_modules/.pnpm/jsdom@22.1.0/node_modules/jsdom/lib/jsdom/living/helpers/runtime-script-errors.js:66:24)
    at innerInvokeEventListeners (/home/alex/projects/fin-model/frontend/node_modules/.pnpm/jsdom@22.1.0/node_modules/jsdom/lib/jsdom/living/events/EventTarget-impl.js:353:9)
    at invokeEventListeners (/home/alex/projects/fin-model/frontend/node_modules/.pnpm/jsdom@22.1.0/node_modules/jsdom/lib/jsdom/living/events/EventTarget-impl.js:286:3)
    at HTMLUnknownElementImpl._dispatch (/home/alex/projects/fin-model/frontend/node_modules/.pnpm/jsdom@22.1.0/node_modules/jsdom/lib/jsdom/living/events/EventTarget-impl.js:233:9)
    at HTMLUnknownElementImpl.dispatchEvent (/home/alex/projects/fin-model/frontend/node_modules/.pnpm/jsdom@22.1.0/node_modules/jsdom/lib/jsdom/living/events/EventTarget-impl.js:104:17)
    at HTMLUnknownElement.dispatchEvent (/home/alex/projects/fin-model/frontend/node_modules/.pnpm/jsdom@22.1.0/node_modules/jsdom/lib/jsdom/living/generated/EventTarget.js:241:34)
    at Object.invokeGuardedCallbackDev (/home/alex/projects/fin-model/frontend/node_modules/.pnpm/react-dom@18.3.1_react@18.3.1/node_modules/react-dom/cjs/react-dom.development.js:4213:16)
    at invokeGuardedCallback (/home/alex/projects/fin-model/frontend/node_modules/.pnpm/react-dom@18.3.1_react@18.3.1/node_modules/react-dom/cjs/react-dom.development.js:4277:31)
    at beginWork$1 (/home/alex/projects/fin-model/frontend/node_modules/.pnpm/react-dom@18.3.1_react@18.3.1/node_modules/react-dom/cjs/react-dom.development.js:27490:7)
    at performUnitOfWork (/home/alex/projects/fin-model/frontend/node_modules/.pnpm/react-dom@18.3.1_react@18.3.1/node_modules/react-dom/cjs/react-dom.development.js:26599:12) Error: [vitest] No &quot;ConfirmDialog&quot; export is defined on the &quot;@/components/ui/ConfirmDialog&quot; mock. Did you forget to return it from &quot;vi.mock&quot;?
If you need to partially mock a module, you can use &quot;vi.importActual&quot; inside:

[32mvi.mock(&quot;@/components/ui/ConfirmDialog&quot;, async () =&gt; {
  const actual = await vi.importActual(&quot;@/components/ui/ConfirmDialog&quot;)
  return {
    ...actual,
    // your mocked methods
  },
})[39m

    at VitestMocker.createError [90m(file:///home/alex/projects/fin-model/frontend/[39mnode_modules/[4m.pnpm[24m/vitest@0.34.6_jsdom@22.1.0_playwright@1.54.2/node_modules/[4mvitest[24m/dist/vendor-execute.07d1a420.js:80:12[90m)[39m
    at Object.ConfirmDialog [as get] [90m(file:///home/alex/projects/fin-model/frontend/[39mnode_modules/[4m.pnpm[24m/vitest@0.34.6_jsdom@22.1.0_playwright@1.54.2/node_modules/[4mvitest[24m/dist/vendor-execute.07d1a420.js:153:22[90m)[39m
    at AdminDashboard [90m(/home/alex/projects/fin-model/frontend/[39msrc/pages/AdminDashboard.tsx:1101:8[90m)[39m
    at renderWithHooks [90m(/home/alex/projects/fin-model/frontend/[39mnode_modules/[4m.pnpm[24m/react-dom@18.3.1_react@18.3.1/node_modules/[4mreact-dom[24m/cjs/react-dom.development.js:15486:18[90m)[39m
    at mountIndeterminateComponent [90m(/home/alex/projects/fin-model/frontend/[39mnode_modules/[4m.pnpm[24m/react-dom@18.3.1_react@18.3.1/node_modules/[4mreact-dom[24m/cjs/react-dom.development.js:20103:13[90m)[39m
    at beginWork [90m(/home/alex/projects/fin-model/frontend/[39mnode_modules/[4m.pnpm[24m/react-dom@18.3.1_react@18.3.1/node_modules/[4mreact-dom[24m/cjs/react-dom.development.js:21626:16[90m)[39m
    at HTMLUnknownElement.callCallback [90m(/home/alex/projects/fin-model/frontend/[39mnode_modules/[4m.pnpm[24m/react-dom@18.3.1_react@18.3.1/node_modules/[4mreact-dom[24m/cjs/react-dom.development.js:4164:14[90m)[39m
    at HTMLUnknownElement.callTheUserObjectsOperation [90m(/home/alex/projects/fin-model/frontend/[39mnode_modules/[4m.pnpm[24m/jsdom@22.1.0/node_modules/[4mjsdom[24m/lib/jsdom/living/generated/EventListener.js:26:30[90m)[39m
    at innerInvokeEventListeners [90m(/home/alex/projects/fin-model/frontend/[39mnode_modules/[4m.pnpm[24m/jsdom@22.1.0/node_modules/[4mjsdom[24m/lib/jsdom/living/events/EventTarget-impl.js:350:25[90m)[39m
    at invokeEventListeners [90m(/home/alex/projects/fin-model/frontend/[39mnode_modules/[4m.pnpm[24m/jsdom@22.1.0/node_modules/[4mjsdom[24m/lib/jsdom/living/events/EventTarget-impl.js:286:3[90m)[39m
The above error occurred in the &lt;AdminDashboard&gt; component:

    at AdminDashboard (/home/alex/projects/fin-model/frontend/src/pages/AdminDashboard.tsx:46:79)

Consider adding an error boundary to your tree to customize error handling behavior.
Visit https://reactjs.org/link/error-boundaries to learn more about error boundaries.

            </system-err>
            <failure message="[vitest] No &quot;ConfirmDialog&quot; export is defined on the &quot;@/components/ui/ConfirmDialog&quot; mock. Did you forget to return it from &quot;vi.mock&quot;?
If you need to partially mock a module, you can use &quot;vi.importActual&quot; inside:

[32mvi.mock(&quot;@/components/ui/ConfirmDialog&quot;, async () =&gt; {
  const actual = await vi.importActual(&quot;@/components/ui/ConfirmDialog&quot;)
  return {
    ...actual,
    // your mocked methods
  },
})[39m
" type="Error">
Error: [vitest] No &quot;ConfirmDialog&quot; export is defined on the &quot;@/components/ui/ConfirmDialog&quot; mock. Did you forget to return it from &quot;vi.mock&quot;?
If you need to partially mock a module, you can use &quot;vi.importActual&quot; inside:

[32mvi.mock(&quot;@/components/ui/ConfirmDialog&quot;, async () =&gt; {
  const actual = await vi.importActual(&quot;@/components/ui/ConfirmDialog&quot;)
  return {
    ...actual,
    // your mocked methods
  },
})[39m

 ❯ AdminDashboard src/pages/AdminDashboard.tsx:1101:8
 ❯ renderWithHooks node_modules/.pnpm/react-dom@18.3.1_react@18.3.1/node_modules/react-dom/cjs/react-dom.development.js:15486:18
 ❯ mountIndeterminateComponent node_modules/.pnpm/react-dom@18.3.1_react@18.3.1/node_modules/react-dom/cjs/react-dom.development.js:20103:13
 ❯ beginWork node_modules/.pnpm/react-dom@18.3.1_react@18.3.1/node_modules/react-dom/cjs/react-dom.development.js:21626:16
 ❯ beginWork$1 node_modules/.pnpm/react-dom@18.3.1_react@18.3.1/node_modules/react-dom/cjs/react-dom.development.js:27465:14
 ❯ performUnitOfWork node_modules/.pnpm/react-dom@18.3.1_react@18.3.1/node_modules/react-dom/cjs/react-dom.development.js:26599:12
 ❯ workLoopSync node_modules/.pnpm/react-dom@18.3.1_react@18.3.1/node_modules/react-dom/cjs/react-dom.development.js:26505:5
 ❯ renderRootSync node_modules/.pnpm/react-dom@18.3.1_react@18.3.1/node_modules/react-dom/cjs/react-dom.development.js:26473:7
            </failure>
        </testcase>
    </testsuite>
    <testsuite name="src/pages/__tests__/AdminDashboard.maintenance.test.tsx" timestamp="2025-08-10T11:51:31.806Z" hostname="DESKTOP-CSMHNRS" tests="1" failures="1" errors="0" skipped="0" time="0.696">
        <testcase classname="src/pages/__tests__/AdminDashboard.maintenance.test.tsx" name="AdminDashboard Maintenance schedules &gt; clears rate limits via Maintenance &gt; Security action" time="0.673">
            <system-err>
Warning: `ReactDOMTestUtils.act` is deprecated in favor of `React.act`. Import `act` from `react` instead of `react-dom/test-utils`. See https://react.dev/warnings/react-dom-test-utils for more info.
Error: Uncaught [Error: [vitest] No &quot;ConfirmDialog&quot; export is defined on the &quot;@/components/ui/ConfirmDialog&quot; mock. Did you forget to return it from &quot;vi.mock&quot;?
If you need to partially mock a module, you can use &quot;vi.importActual&quot; inside:

[32mvi.mock(&quot;@/components/ui/ConfirmDialog&quot;, async () =&gt; {
  const actual = await vi.importActual(&quot;@/components/ui/ConfirmDialog&quot;)
  return {
    ...actual,
    // your mocked methods
  },
})[39m
]
    at reportException (/home/alex/projects/fin-model/frontend/node_modules/.pnpm/jsdom@22.1.0/node_modules/jsdom/lib/jsdom/living/helpers/runtime-script-errors.js:66:24)
    at innerInvokeEventListeners (/home/alex/projects/fin-model/frontend/node_modules/.pnpm/jsdom@22.1.0/node_modules/jsdom/lib/jsdom/living/events/EventTarget-impl.js:353:9)
    at invokeEventListeners (/home/alex/projects/fin-model/frontend/node_modules/.pnpm/jsdom@22.1.0/node_modules/jsdom/lib/jsdom/living/events/EventTarget-impl.js:286:3)
    at HTMLUnknownElementImpl._dispatch (/home/alex/projects/fin-model/frontend/node_modules/.pnpm/jsdom@22.1.0/node_modules/jsdom/lib/jsdom/living/events/EventTarget-impl.js:233:9)
    at HTMLUnknownElementImpl.dispatchEvent (/home/alex/projects/fin-model/frontend/node_modules/.pnpm/jsdom@22.1.0/node_modules/jsdom/lib/jsdom/living/events/EventTarget-impl.js:104:17)
    at HTMLUnknownElement.dispatchEvent (/home/alex/projects/fin-model/frontend/node_modules/.pnpm/jsdom@22.1.0/node_modules/jsdom/lib/jsdom/living/generated/EventTarget.js:241:34)
    at Object.invokeGuardedCallbackDev (/home/alex/projects/fin-model/frontend/node_modules/.pnpm/react-dom@18.3.1_react@18.3.1/node_modules/react-dom/cjs/react-dom.development.js:4213:16)
    at invokeGuardedCallback (/home/alex/projects/fin-model/frontend/node_modules/.pnpm/react-dom@18.3.1_react@18.3.1/node_modules/react-dom/cjs/react-dom.development.js:4277:31)
    at beginWork$1 (/home/alex/projects/fin-model/frontend/node_modules/.pnpm/react-dom@18.3.1_react@18.3.1/node_modules/react-dom/cjs/react-dom.development.js:27490:7)
    at performUnitOfWork (/home/alex/projects/fin-model/frontend/node_modules/.pnpm/react-dom@18.3.1_react@18.3.1/node_modules/react-dom/cjs/react-dom.development.js:26599:12) Error: [vitest] No &quot;ConfirmDialog&quot; export is defined on the &quot;@/components/ui/ConfirmDialog&quot; mock. Did you forget to return it from &quot;vi.mock&quot;?
If you need to partially mock a module, you can use &quot;vi.importActual&quot; inside:

[32mvi.mock(&quot;@/components/ui/ConfirmDialog&quot;, async () =&gt; {
  const actual = await vi.importActual(&quot;@/components/ui/ConfirmDialog&quot;)
  return {
    ...actual,
    // your mocked methods
  },
})[39m

    at VitestMocker.createError [90m(file:///home/alex/projects/fin-model/frontend/[39mnode_modules/[4m.pnpm[24m/vitest@0.34.6_jsdom@22.1.0_playwright@1.54.2/node_modules/[4mvitest[24m/dist/vendor-execute.07d1a420.js:80:12[90m)[39m
    at Object.ConfirmDialog [as get] [90m(file:///home/alex/projects/fin-model/frontend/[39mnode_modules/[4m.pnpm[24m/vitest@0.34.6_jsdom@22.1.0_playwright@1.54.2/node_modules/[4mvitest[24m/dist/vendor-execute.07d1a420.js:153:22[90m)[39m
    at AdminDashboard [90m(/home/alex/projects/fin-model/frontend/[39msrc/pages/AdminDashboard.tsx:1101:8[90m)[39m
    at renderWithHooks [90m(/home/alex/projects/fin-model/frontend/[39mnode_modules/[4m.pnpm[24m/react-dom@18.3.1_react@18.3.1/node_modules/[4mreact-dom[24m/cjs/react-dom.development.js:15486:18[90m)[39m
    at mountIndeterminateComponent [90m(/home/alex/projects/fin-model/frontend/[39mnode_modules/[4m.pnpm[24m/react-dom@18.3.1_react@18.3.1/node_modules/[4mreact-dom[24m/cjs/react-dom.development.js:20103:13[90m)[39m
    at beginWork [90m(/home/alex/projects/fin-model/frontend/[39mnode_modules/[4m.pnpm[24m/react-dom@18.3.1_react@18.3.1/node_modules/[4mreact-dom[24m/cjs/react-dom.development.js:21626:16[90m)[39m
    at HTMLUnknownElement.callCallback [90m(/home/alex/projects/fin-model/frontend/[39mnode_modules/[4m.pnpm[24m/react-dom@18.3.1_react@18.3.1/node_modules/[4mreact-dom[24m/cjs/react-dom.development.js:4164:14[90m)[39m
    at HTMLUnknownElement.callTheUserObjectsOperation [90m(/home/alex/projects/fin-model/frontend/[39mnode_modules/[4m.pnpm[24m/jsdom@22.1.0/node_modules/[4mjsdom[24m/lib/jsdom/living/generated/EventListener.js:26:30[90m)[39m
    at innerInvokeEventListeners [90m(/home/alex/projects/fin-model/frontend/[39mnode_modules/[4m.pnpm[24m/jsdom@22.1.0/node_modules/[4mjsdom[24m/lib/jsdom/living/events/EventTarget-impl.js:350:25[90m)[39m
    at invokeEventListeners [90m(/home/alex/projects/fin-model/frontend/[39mnode_modules/[4m.pnpm[24m/jsdom@22.1.0/node_modules/[4mjsdom[24m/lib/jsdom/living/events/EventTarget-impl.js:286:3[90m)[39m
Error: Uncaught [Error: [vitest] No &quot;ConfirmDialog&quot; export is defined on the &quot;@/components/ui/ConfirmDialog&quot; mock. Did you forget to return it from &quot;vi.mock&quot;?
If you need to partially mock a module, you can use &quot;vi.importActual&quot; inside:

[32mvi.mock(&quot;@/components/ui/ConfirmDialog&quot;, async () =&gt; {
  const actual = await vi.importActual(&quot;@/components/ui/ConfirmDialog&quot;)
  return {
    ...actual,
    // your mocked methods
  },
})[39m
]
    at reportException (/home/alex/projects/fin-model/frontend/node_modules/.pnpm/jsdom@22.1.0/node_modules/jsdom/lib/jsdom/living/helpers/runtime-script-errors.js:66:24)
    at innerInvokeEventListeners (/home/alex/projects/fin-model/frontend/node_modules/.pnpm/jsdom@22.1.0/node_modules/jsdom/lib/jsdom/living/events/EventTarget-impl.js:353:9)
    at invokeEventListeners (/home/alex/projects/fin-model/frontend/node_modules/.pnpm/jsdom@22.1.0/node_modules/jsdom/lib/jsdom/living/events/EventTarget-impl.js:286:3)
    at HTMLUnknownElementImpl._dispatch (/home/alex/projects/fin-model/frontend/node_modules/.pnpm/jsdom@22.1.0/node_modules/jsdom/lib/jsdom/living/events/EventTarget-impl.js:233:9)
    at HTMLUnknownElementImpl.dispatchEvent (/home/alex/projects/fin-model/frontend/node_modules/.pnpm/jsdom@22.1.0/node_modules/jsdom/lib/jsdom/living/events/EventTarget-impl.js:104:17)
    at HTMLUnknownElement.dispatchEvent (/home/alex/projects/fin-model/frontend/node_modules/.pnpm/jsdom@22.1.0/node_modules/jsdom/lib/jsdom/living/generated/EventTarget.js:241:34)
    at Object.invokeGuardedCallbackDev (/home/alex/projects/fin-model/frontend/node_modules/.pnpm/react-dom@18.3.1_react@18.3.1/node_modules/react-dom/cjs/react-dom.development.js:4213:16)
    at invokeGuardedCallback (/home/alex/projects/fin-model/frontend/node_modules/.pnpm/react-dom@18.3.1_react@18.3.1/node_modules/react-dom/cjs/react-dom.development.js:4277:31)
    at beginWork$1 (/home/alex/projects/fin-model/frontend/node_modules/.pnpm/react-dom@18.3.1_react@18.3.1/node_modules/react-dom/cjs/react-dom.development.js:27490:7)
    at performUnitOfWork (/home/alex/projects/fin-model/frontend/node_modules/.pnpm/react-dom@18.3.1_react@18.3.1/node_modules/react-dom/cjs/react-dom.development.js:26599:12) Error: [vitest] No &quot;ConfirmDialog&quot; export is defined on the &quot;@/components/ui/ConfirmDialog&quot; mock. Did you forget to return it from &quot;vi.mock&quot;?
If you need to partially mock a module, you can use &quot;vi.importActual&quot; inside:

[32mvi.mock(&quot;@/components/ui/ConfirmDialog&quot;, async () =&gt; {
  const actual = await vi.importActual(&quot;@/components/ui/ConfirmDialog&quot;)
  return {
    ...actual,
    // your mocked methods
  },
})[39m

    at VitestMocker.createError [90m(file:///home/alex/projects/fin-model/frontend/[39mnode_modules/[4m.pnpm[24m/vitest@0.34.6_jsdom@22.1.0_playwright@1.54.2/node_modules/[4mvitest[24m/dist/vendor-execute.07d1a420.js:80:12[90m)[39m
    at Object.ConfirmDialog [as get] [90m(file:///home/alex/projects/fin-model/frontend/[39mnode_modules/[4m.pnpm[24m/vitest@0.34.6_jsdom@22.1.0_playwright@1.54.2/node_modules/[4mvitest[24m/dist/vendor-execute.07d1a420.js:153:22[90m)[39m
    at AdminDashboard [90m(/home/alex/projects/fin-model/frontend/[39msrc/pages/AdminDashboard.tsx:1101:8[90m)[39m
    at renderWithHooks [90m(/home/alex/projects/fin-model/frontend/[39mnode_modules/[4m.pnpm[24m/react-dom@18.3.1_react@18.3.1/node_modules/[4mreact-dom[24m/cjs/react-dom.development.js:15486:18[90m)[39m
    at mountIndeterminateComponent [90m(/home/alex/projects/fin-model/frontend/[39mnode_modules/[4m.pnpm[24m/react-dom@18.3.1_react@18.3.1/node_modules/[4mreact-dom[24m/cjs/react-dom.development.js:20103:13[90m)[39m
    at beginWork [90m(/home/alex/projects/fin-model/frontend/[39mnode_modules/[4m.pnpm[24m/react-dom@18.3.1_react@18.3.1/node_modules/[4mreact-dom[24m/cjs/react-dom.development.js:21626:16[90m)[39m
    at HTMLUnknownElement.callCallback [90m(/home/alex/projects/fin-model/frontend/[39mnode_modules/[4m.pnpm[24m/react-dom@18.3.1_react@18.3.1/node_modules/[4mreact-dom[24m/cjs/react-dom.development.js:4164:14[90m)[39m
    at HTMLUnknownElement.callTheUserObjectsOperation [90m(/home/alex/projects/fin-model/frontend/[39mnode_modules/[4m.pnpm[24m/jsdom@22.1.0/node_modules/[4mjsdom[24m/lib/jsdom/living/generated/EventListener.js:26:30[90m)[39m
    at innerInvokeEventListeners [90m(/home/alex/projects/fin-model/frontend/[39mnode_modules/[4m.pnpm[24m/jsdom@22.1.0/node_modules/[4mjsdom[24m/lib/jsdom/living/events/EventTarget-impl.js:350:25[90m)[39m
    at invokeEventListeners [90m(/home/alex/projects/fin-model/frontend/[39mnode_modules/[4m.pnpm[24m/jsdom@22.1.0/node_modules/[4mjsdom[24m/lib/jsdom/living/events/EventTarget-impl.js:286:3[90m)[39m
The above error occurred in the &lt;AdminDashboard&gt; component:

    at AdminDashboard (/home/alex/projects/fin-model/frontend/src/pages/AdminDashboard.tsx:46:79)

Consider adding an error boundary to your tree to customize error handling behavior.
Visit https://reactjs.org/link/error-boundaries to learn more about error boundaries.

            </system-err>
            <failure message="[vitest] No &quot;ConfirmDialog&quot; export is defined on the &quot;@/components/ui/ConfirmDialog&quot; mock. Did you forget to return it from &quot;vi.mock&quot;?
If you need to partially mock a module, you can use &quot;vi.importActual&quot; inside:

[32mvi.mock(&quot;@/components/ui/ConfirmDialog&quot;, async () =&gt; {
  const actual = await vi.importActual(&quot;@/components/ui/ConfirmDialog&quot;)
  return {
    ...actual,
    // your mocked methods
  },
})[39m
" type="Error">
Error: [vitest] No &quot;ConfirmDialog&quot; export is defined on the &quot;@/components/ui/ConfirmDialog&quot; mock. Did you forget to return it from &quot;vi.mock&quot;?
If you need to partially mock a module, you can use &quot;vi.importActual&quot; inside:

[32mvi.mock(&quot;@/components/ui/ConfirmDialog&quot;, async () =&gt; {
  const actual = await vi.importActual(&quot;@/components/ui/ConfirmDialog&quot;)
  return {
    ...actual,
    // your mocked methods
  },
})[39m

 ❯ AdminDashboard src/pages/AdminDashboard.tsx:1101:8
 ❯ renderWithHooks node_modules/.pnpm/react-dom@18.3.1_react@18.3.1/node_modules/react-dom/cjs/react-dom.development.js:15486:18
 ❯ mountIndeterminateComponent node_modules/.pnpm/react-dom@18.3.1_react@18.3.1/node_modules/react-dom/cjs/react-dom.development.js:20103:13
 ❯ beginWork node_modules/.pnpm/react-dom@18.3.1_react@18.3.1/node_modules/react-dom/cjs/react-dom.development.js:21626:16
 ❯ beginWork$1 node_modules/.pnpm/react-dom@18.3.1_react@18.3.1/node_modules/react-dom/cjs/react-dom.development.js:27465:14
 ❯ performUnitOfWork node_modules/.pnpm/react-dom@18.3.1_react@18.3.1/node_modules/react-dom/cjs/react-dom.development.js:26599:12
 ❯ workLoopSync node_modules/.pnpm/react-dom@18.3.1_react@18.3.1/node_modules/react-dom/cjs/react-dom.development.js:26505:5
 ❯ renderRootSync node_modules/.pnpm/react-dom@18.3.1_react@18.3.1/node_modules/react-dom/cjs/react-dom.development.js:26473:7
            </failure>
        </testcase>
    </testsuite>
    <testsuite name="src/pages/__tests__/AdminDashboard.metrics-alerts.test.tsx" timestamp="2025-08-10T11:51:31.831Z" hostname="DESKTOP-CSMHNRS" tests="1" failures="1" errors="0" skipped="0" time="0.509">
        <testcase classname="src/pages/__tests__/AdminDashboard.metrics-alerts.test.tsx" name="AdminDashboard metrics alerts &gt; shows High Memory Usage and Disk Usage alerts in Overview" time="0.493">
            <system-err>
Warning: `ReactDOMTestUtils.act` is deprecated in favor of `React.act`. Import `act` from `react` instead of `react-dom/test-utils`. See https://react.dev/warnings/react-dom-test-utils for more info.
Error: Uncaught [Error: [vitest] No &quot;ConfirmDialog&quot; export is defined on the &quot;@/components/ui/ConfirmDialog&quot; mock. Did you forget to return it from &quot;vi.mock&quot;?
If you need to partially mock a module, you can use &quot;vi.importActual&quot; inside:

[32mvi.mock(&quot;@/components/ui/ConfirmDialog&quot;, async () =&gt; {
  const actual = await vi.importActual(&quot;@/components/ui/ConfirmDialog&quot;)
  return {
    ...actual,
    // your mocked methods
  },
})[39m
]
    at reportException (/home/alex/projects/fin-model/frontend/node_modules/.pnpm/jsdom@22.1.0/node_modules/jsdom/lib/jsdom/living/helpers/runtime-script-errors.js:66:24)
    at innerInvokeEventListeners (/home/alex/projects/fin-model/frontend/node_modules/.pnpm/jsdom@22.1.0/node_modules/jsdom/lib/jsdom/living/events/EventTarget-impl.js:353:9)
    at invokeEventListeners (/home/alex/projects/fin-model/frontend/node_modules/.pnpm/jsdom@22.1.0/node_modules/jsdom/lib/jsdom/living/events/EventTarget-impl.js:286:3)
    at HTMLUnknownElementImpl._dispatch (/home/alex/projects/fin-model/frontend/node_modules/.pnpm/jsdom@22.1.0/node_modules/jsdom/lib/jsdom/living/events/EventTarget-impl.js:233:9)
    at HTMLUnknownElementImpl.dispatchEvent (/home/alex/projects/fin-model/frontend/node_modules/.pnpm/jsdom@22.1.0/node_modules/jsdom/lib/jsdom/living/events/EventTarget-impl.js:104:17)
    at HTMLUnknownElement.dispatchEvent (/home/alex/projects/fin-model/frontend/node_modules/.pnpm/jsdom@22.1.0/node_modules/jsdom/lib/jsdom/living/generated/EventTarget.js:241:34)
    at Object.invokeGuardedCallbackDev (/home/alex/projects/fin-model/frontend/node_modules/.pnpm/react-dom@18.3.1_react@18.3.1/node_modules/react-dom/cjs/react-dom.development.js:4213:16)
    at invokeGuardedCallback (/home/alex/projects/fin-model/frontend/node_modules/.pnpm/react-dom@18.3.1_react@18.3.1/node_modules/react-dom/cjs/react-dom.development.js:4277:31)
    at beginWork$1 (/home/alex/projects/fin-model/frontend/node_modules/.pnpm/react-dom@18.3.1_react@18.3.1/node_modules/react-dom/cjs/react-dom.development.js:27490:7)
    at performUnitOfWork (/home/alex/projects/fin-model/frontend/node_modules/.pnpm/react-dom@18.3.1_react@18.3.1/node_modules/react-dom/cjs/react-dom.development.js:26599:12) Error: [vitest] No &quot;ConfirmDialog&quot; export is defined on the &quot;@/components/ui/ConfirmDialog&quot; mock. Did you forget to return it from &quot;vi.mock&quot;?
If you need to partially mock a module, you can use &quot;vi.importActual&quot; inside:

[32mvi.mock(&quot;@/components/ui/ConfirmDialog&quot;, async () =&gt; {
  const actual = await vi.importActual(&quot;@/components/ui/ConfirmDialog&quot;)
  return {
    ...actual,
    // your mocked methods
  },
})[39m

    at VitestMocker.createError [90m(file:///home/alex/projects/fin-model/frontend/[39mnode_modules/[4m.pnpm[24m/vitest@0.34.6_jsdom@22.1.0_playwright@1.54.2/node_modules/[4mvitest[24m/dist/vendor-execute.07d1a420.js:80:12[90m)[39m
    at Object.ConfirmDialog [as get] [90m(file:///home/alex/projects/fin-model/frontend/[39mnode_modules/[4m.pnpm[24m/vitest@0.34.6_jsdom@22.1.0_playwright@1.54.2/node_modules/[4mvitest[24m/dist/vendor-execute.07d1a420.js:153:22[90m)[39m
    at AdminDashboard [90m(/home/alex/projects/fin-model/frontend/[39msrc/pages/AdminDashboard.tsx:1101:8[90m)[39m
    at renderWithHooks [90m(/home/alex/projects/fin-model/frontend/[39mnode_modules/[4m.pnpm[24m/react-dom@18.3.1_react@18.3.1/node_modules/[4mreact-dom[24m/cjs/react-dom.development.js:15486:18[90m)[39m
    at mountIndeterminateComponent [90m(/home/alex/projects/fin-model/frontend/[39mnode_modules/[4m.pnpm[24m/react-dom@18.3.1_react@18.3.1/node_modules/[4mreact-dom[24m/cjs/react-dom.development.js:20103:13[90m)[39m
    at beginWork [90m(/home/alex/projects/fin-model/frontend/[39mnode_modules/[4m.pnpm[24m/react-dom@18.3.1_react@18.3.1/node_modules/[4mreact-dom[24m/cjs/react-dom.development.js:21626:16[90m)[39m
    at HTMLUnknownElement.callCallback [90m(/home/alex/projects/fin-model/frontend/[39mnode_modules/[4m.pnpm[24m/react-dom@18.3.1_react@18.3.1/node_modules/[4mreact-dom[24m/cjs/react-dom.development.js:4164:14[90m)[39m
    at HTMLUnknownElement.callTheUserObjectsOperation [90m(/home/alex/projects/fin-model/frontend/[39mnode_modules/[4m.pnpm[24m/jsdom@22.1.0/node_modules/[4mjsdom[24m/lib/jsdom/living/generated/EventListener.js:26:30[90m)[39m
    at innerInvokeEventListeners [90m(/home/alex/projects/fin-model/frontend/[39mnode_modules/[4m.pnpm[24m/jsdom@22.1.0/node_modules/[4mjsdom[24m/lib/jsdom/living/events/EventTarget-impl.js:350:25[90m)[39m
    at invokeEventListeners [90m(/home/alex/projects/fin-model/frontend/[39mnode_modules/[4m.pnpm[24m/jsdom@22.1.0/node_modules/[4mjsdom[24m/lib/jsdom/living/events/EventTarget-impl.js:286:3[90m)[39m
Error: Uncaught [Error: [vitest] No &quot;ConfirmDialog&quot; export is defined on the &quot;@/components/ui/ConfirmDialog&quot; mock. Did you forget to return it from &quot;vi.mock&quot;?
If you need to partially mock a module, you can use &quot;vi.importActual&quot; inside:

[32mvi.mock(&quot;@/components/ui/ConfirmDialog&quot;, async () =&gt; {
  const actual = await vi.importActual(&quot;@/components/ui/ConfirmDialog&quot;)
  return {
    ...actual,
    // your mocked methods
  },
})[39m
]
    at reportException (/home/alex/projects/fin-model/frontend/node_modules/.pnpm/jsdom@22.1.0/node_modules/jsdom/lib/jsdom/living/helpers/runtime-script-errors.js:66:24)
    at innerInvokeEventListeners (/home/alex/projects/fin-model/frontend/node_modules/.pnpm/jsdom@22.1.0/node_modules/jsdom/lib/jsdom/living/events/EventTarget-impl.js:353:9)
    at invokeEventListeners (/home/alex/projects/fin-model/frontend/node_modules/.pnpm/jsdom@22.1.0/node_modules/jsdom/lib/jsdom/living/events/EventTarget-impl.js:286:3)
    at HTMLUnknownElementImpl._dispatch (/home/alex/projects/fin-model/frontend/node_modules/.pnpm/jsdom@22.1.0/node_modules/jsdom/lib/jsdom/living/events/EventTarget-impl.js:233:9)
    at HTMLUnknownElementImpl.dispatchEvent (/home/alex/projects/fin-model/frontend/node_modules/.pnpm/jsdom@22.1.0/node_modules/jsdom/lib/jsdom/living/events/EventTarget-impl.js:104:17)
    at HTMLUnknownElement.dispatchEvent (/home/alex/projects/fin-model/frontend/node_modules/.pnpm/jsdom@22.1.0/node_modules/jsdom/lib/jsdom/living/generated/EventTarget.js:241:34)
    at Object.invokeGuardedCallbackDev (/home/alex/projects/fin-model/frontend/node_modules/.pnpm/react-dom@18.3.1_react@18.3.1/node_modules/react-dom/cjs/react-dom.development.js:4213:16)
    at invokeGuardedCallback (/home/alex/projects/fin-model/frontend/node_modules/.pnpm/react-dom@18.3.1_react@18.3.1/node_modules/react-dom/cjs/react-dom.development.js:4277:31)
    at beginWork$1 (/home/alex/projects/fin-model/frontend/node_modules/.pnpm/react-dom@18.3.1_react@18.3.1/node_modules/react-dom/cjs/react-dom.development.js:27490:7)
    at performUnitOfWork (/home/alex/projects/fin-model/frontend/node_modules/.pnpm/react-dom@18.3.1_react@18.3.1/node_modules/react-dom/cjs/react-dom.development.js:26599:12) Error: [vitest] No &quot;ConfirmDialog&quot; export is defined on the &quot;@/components/ui/ConfirmDialog&quot; mock. Did you forget to return it from &quot;vi.mock&quot;?
If you need to partially mock a module, you can use &quot;vi.importActual&quot; inside:

[32mvi.mock(&quot;@/components/ui/ConfirmDialog&quot;, async () =&gt; {
  const actual = await vi.importActual(&quot;@/components/ui/ConfirmDialog&quot;)
  return {
    ...actual,
    // your mocked methods
  },
})[39m

    at VitestMocker.createError [90m(file:///home/alex/projects/fin-model/frontend/[39mnode_modules/[4m.pnpm[24m/vitest@0.34.6_jsdom@22.1.0_playwright@1.54.2/node_modules/[4mvitest[24m/dist/vendor-execute.07d1a420.js:80:12[90m)[39m
    at Object.ConfirmDialog [as get] [90m(file:///home/alex/projects/fin-model/frontend/[39mnode_modules/[4m.pnpm[24m/vitest@0.34.6_jsdom@22.1.0_playwright@1.54.2/node_modules/[4mvitest[24m/dist/vendor-execute.07d1a420.js:153:22[90m)[39m
    at AdminDashboard [90m(/home/alex/projects/fin-model/frontend/[39msrc/pages/AdminDashboard.tsx:1101:8[90m)[39m
    at renderWithHooks [90m(/home/alex/projects/fin-model/frontend/[39mnode_modules/[4m.pnpm[24m/react-dom@18.3.1_react@18.3.1/node_modules/[4mreact-dom[24m/cjs/react-dom.development.js:15486:18[90m)[39m
    at mountIndeterminateComponent [90m(/home/alex/projects/fin-model/frontend/[39mnode_modules/[4m.pnpm[24m/react-dom@18.3.1_react@18.3.1/node_modules/[4mreact-dom[24m/cjs/react-dom.development.js:20103:13[90m)[39m
    at beginWork [90m(/home/alex/projects/fin-model/frontend/[39mnode_modules/[4m.pnpm[24m/react-dom@18.3.1_react@18.3.1/node_modules/[4mreact-dom[24m/cjs/react-dom.development.js:21626:16[90m)[39m
    at HTMLUnknownElement.callCallback [90m(/home/alex/projects/fin-model/frontend/[39mnode_modules/[4m.pnpm[24m/react-dom@18.3.1_react@18.3.1/node_modules/[4mreact-dom[24m/cjs/react-dom.development.js:4164:14[90m)[39m
    at HTMLUnknownElement.callTheUserObjectsOperation [90m(/home/alex/projects/fin-model/frontend/[39mnode_modules/[4m.pnpm[24m/jsdom@22.1.0/node_modules/[4mjsdom[24m/lib/jsdom/living/generated/EventListener.js:26:30[90m)[39m
    at innerInvokeEventListeners [90m(/home/alex/projects/fin-model/frontend/[39mnode_modules/[4m.pnpm[24m/jsdom@22.1.0/node_modules/[4mjsdom[24m/lib/jsdom/living/events/EventTarget-impl.js:350:25[90m)[39m
    at invokeEventListeners [90m(/home/alex/projects/fin-model/frontend/[39mnode_modules/[4m.pnpm[24m/jsdom@22.1.0/node_modules/[4mjsdom[24m/lib/jsdom/living/events/EventTarget-impl.js:286:3[90m)[39m
The above error occurred in the &lt;AdminDashboard&gt; component:

    at AdminDashboard (/home/alex/projects/fin-model/frontend/src/pages/AdminDashboard.tsx:46:79)

Consider adding an error boundary to your tree to customize error handling behavior.
Visit https://reactjs.org/link/error-boundaries to learn more about error boundaries.

            </system-err>
            <failure message="[vitest] No &quot;ConfirmDialog&quot; export is defined on the &quot;@/components/ui/ConfirmDialog&quot; mock. Did you forget to return it from &quot;vi.mock&quot;?
If you need to partially mock a module, you can use &quot;vi.importActual&quot; inside:

[32mvi.mock(&quot;@/components/ui/ConfirmDialog&quot;, async () =&gt; {
  const actual = await vi.importActual(&quot;@/components/ui/ConfirmDialog&quot;)
  return {
    ...actual,
    // your mocked methods
  },
})[39m
" type="Error">
Error: [vitest] No &quot;ConfirmDialog&quot; export is defined on the &quot;@/components/ui/ConfirmDialog&quot; mock. Did you forget to return it from &quot;vi.mock&quot;?
If you need to partially mock a module, you can use &quot;vi.importActual&quot; inside:

[32mvi.mock(&quot;@/components/ui/ConfirmDialog&quot;, async () =&gt; {
  const actual = await vi.importActual(&quot;@/components/ui/ConfirmDialog&quot;)
  return {
    ...actual,
    // your mocked methods
  },
})[39m

 ❯ AdminDashboard src/pages/AdminDashboard.tsx:1101:8
 ❯ renderWithHooks node_modules/.pnpm/react-dom@18.3.1_react@18.3.1/node_modules/react-dom/cjs/react-dom.development.js:15486:18
 ❯ mountIndeterminateComponent node_modules/.pnpm/react-dom@18.3.1_react@18.3.1/node_modules/react-dom/cjs/react-dom.development.js:20103:13
 ❯ beginWork node_modules/.pnpm/react-dom@18.3.1_react@18.3.1/node_modules/react-dom/cjs/react-dom.development.js:21626:16
 ❯ beginWork$1 node_modules/.pnpm/react-dom@18.3.1_react@18.3.1/node_modules/react-dom/cjs/react-dom.development.js:27465:14
 ❯ performUnitOfWork node_modules/.pnpm/react-dom@18.3.1_react@18.3.1/node_modules/react-dom/cjs/react-dom.development.js:26599:12
 ❯ workLoopSync node_modules/.pnpm/react-dom@18.3.1_react@18.3.1/node_modules/react-dom/cjs/react-dom.development.js:26505:5
 ❯ renderRootSync node_modules/.pnpm/react-dom@18.3.1_react@18.3.1/node_modules/react-dom/cjs/react-dom.development.js:26473:7
            </failure>
        </testcase>
    </testsuite>
    <testsuite name="src/pages/__tests__/AdminDashboard.overview-maintenance.test.tsx" timestamp="2025-08-10T11:51:31.854Z" hostname="DESKTOP-CSMHNRS" tests="3" failures="3" errors="0" skipped="0" time="1.027">
        <testcase classname="src/pages/__tests__/AdminDashboard.overview-maintenance.test.tsx" name="AdminDashboard Overview and Maintenance &gt; renders healthy overview with no critical alerts" time="0.747">
            <system-err>
Warning: `ReactDOMTestUtils.act` is deprecated in favor of `React.act`. Import `act` from `react` instead of `react-dom/test-utils`. See https://react.dev/warnings/react-dom-test-utils for more info.
Error: Uncaught [Error: [vitest] No &quot;ConfirmDialog&quot; export is defined on the &quot;@/components/ui/ConfirmDialog&quot; mock. Did you forget to return it from &quot;vi.mock&quot;?
If you need to partially mock a module, you can use &quot;vi.importActual&quot; inside:

[32mvi.mock(&quot;@/components/ui/ConfirmDialog&quot;, async () =&gt; {
  const actual = await vi.importActual(&quot;@/components/ui/ConfirmDialog&quot;)
  return {
    ...actual,
    // your mocked methods
  },
})[39m
]
    at reportException (/home/alex/projects/fin-model/frontend/node_modules/.pnpm/jsdom@22.1.0/node_modules/jsdom/lib/jsdom/living/helpers/runtime-script-errors.js:66:24)
    at innerInvokeEventListeners (/home/alex/projects/fin-model/frontend/node_modules/.pnpm/jsdom@22.1.0/node_modules/jsdom/lib/jsdom/living/events/EventTarget-impl.js:353:9)
    at invokeEventListeners (/home/alex/projects/fin-model/frontend/node_modules/.pnpm/jsdom@22.1.0/node_modules/jsdom/lib/jsdom/living/events/EventTarget-impl.js:286:3)
    at HTMLUnknownElementImpl._dispatch (/home/alex/projects/fin-model/frontend/node_modules/.pnpm/jsdom@22.1.0/node_modules/jsdom/lib/jsdom/living/events/EventTarget-impl.js:233:9)
    at HTMLUnknownElementImpl.dispatchEvent (/home/alex/projects/fin-model/frontend/node_modules/.pnpm/jsdom@22.1.0/node_modules/jsdom/lib/jsdom/living/events/EventTarget-impl.js:104:17)
    at HTMLUnknownElement.dispatchEvent (/home/alex/projects/fin-model/frontend/node_modules/.pnpm/jsdom@22.1.0/node_modules/jsdom/lib/jsdom/living/generated/EventTarget.js:241:34)
    at Object.invokeGuardedCallbackDev (/home/alex/projects/fin-model/frontend/node_modules/.pnpm/react-dom@18.3.1_react@18.3.1/node_modules/react-dom/cjs/react-dom.development.js:4213:16)
    at invokeGuardedCallback (/home/alex/projects/fin-model/frontend/node_modules/.pnpm/react-dom@18.3.1_react@18.3.1/node_modules/react-dom/cjs/react-dom.development.js:4277:31)
    at beginWork$1 (/home/alex/projects/fin-model/frontend/node_modules/.pnpm/react-dom@18.3.1_react@18.3.1/node_modules/react-dom/cjs/react-dom.development.js:27490:7)
    at performUnitOfWork (/home/alex/projects/fin-model/frontend/node_modules/.pnpm/react-dom@18.3.1_react@18.3.1/node_modules/react-dom/cjs/react-dom.development.js:26599:12) Error: [vitest] No &quot;ConfirmDialog&quot; export is defined on the &quot;@/components/ui/ConfirmDialog&quot; mock. Did you forget to return it from &quot;vi.mock&quot;?
If you need to partially mock a module, you can use &quot;vi.importActual&quot; inside:

[32mvi.mock(&quot;@/components/ui/ConfirmDialog&quot;, async () =&gt; {
  const actual = await vi.importActual(&quot;@/components/ui/ConfirmDialog&quot;)
  return {
    ...actual,
    // your mocked methods
  },
})[39m

    at VitestMocker.createError [90m(file:///home/alex/projects/fin-model/frontend/[39mnode_modules/[4m.pnpm[24m/vitest@0.34.6_jsdom@22.1.0_playwright@1.54.2/node_modules/[4mvitest[24m/dist/vendor-execute.07d1a420.js:80:12[90m)[39m
    at Object.ConfirmDialog [as get] [90m(file:///home/alex/projects/fin-model/frontend/[39mnode_modules/[4m.pnpm[24m/vitest@0.34.6_jsdom@22.1.0_playwright@1.54.2/node_modules/[4mvitest[24m/dist/vendor-execute.07d1a420.js:153:22[90m)[39m
    at AdminDashboard [90m(/home/alex/projects/fin-model/frontend/[39msrc/pages/AdminDashboard.tsx:1101:8[90m)[39m
    at renderWithHooks [90m(/home/alex/projects/fin-model/frontend/[39mnode_modules/[4m.pnpm[24m/react-dom@18.3.1_react@18.3.1/node_modules/[4mreact-dom[24m/cjs/react-dom.development.js:15486:18[90m)[39m
    at mountIndeterminateComponent [90m(/home/alex/projects/fin-model/frontend/[39mnode_modules/[4m.pnpm[24m/react-dom@18.3.1_react@18.3.1/node_modules/[4mreact-dom[24m/cjs/react-dom.development.js:20103:13[90m)[39m
    at beginWork [90m(/home/alex/projects/fin-model/frontend/[39mnode_modules/[4m.pnpm[24m/react-dom@18.3.1_react@18.3.1/node_modules/[4mreact-dom[24m/cjs/react-dom.development.js:21626:16[90m)[39m
    at HTMLUnknownElement.callCallback [90m(/home/alex/projects/fin-model/frontend/[39mnode_modules/[4m.pnpm[24m/react-dom@18.3.1_react@18.3.1/node_modules/[4mreact-dom[24m/cjs/react-dom.development.js:4164:14[90m)[39m
    at HTMLUnknownElement.callTheUserObjectsOperation [90m(/home/alex/projects/fin-model/frontend/[39mnode_modules/[4m.pnpm[24m/jsdom@22.1.0/node_modules/[4mjsdom[24m/lib/jsdom/living/generated/EventListener.js:26:30[90m)[39m
    at innerInvokeEventListeners [90m(/home/alex/projects/fin-model/frontend/[39mnode_modules/[4m.pnpm[24m/jsdom@22.1.0/node_modules/[4mjsdom[24m/lib/jsdom/living/events/EventTarget-impl.js:350:25[90m)[39m
    at invokeEventListeners [90m(/home/alex/projects/fin-model/frontend/[39mnode_modules/[4m.pnpm[24m/jsdom@22.1.0/node_modules/[4mjsdom[24m/lib/jsdom/living/events/EventTarget-impl.js:286:3[90m)[39m
Error: Uncaught [Error: [vitest] No &quot;ConfirmDialog&quot; export is defined on the &quot;@/components/ui/ConfirmDialog&quot; mock. Did you forget to return it from &quot;vi.mock&quot;?
If you need to partially mock a module, you can use &quot;vi.importActual&quot; inside:

[32mvi.mock(&quot;@/components/ui/ConfirmDialog&quot;, async () =&gt; {
  const actual = await vi.importActual(&quot;@/components/ui/ConfirmDialog&quot;)
  return {
    ...actual,
    // your mocked methods
  },
})[39m
]
    at reportException (/home/alex/projects/fin-model/frontend/node_modules/.pnpm/jsdom@22.1.0/node_modules/jsdom/lib/jsdom/living/helpers/runtime-script-errors.js:66:24)
    at innerInvokeEventListeners (/home/alex/projects/fin-model/frontend/node_modules/.pnpm/jsdom@22.1.0/node_modules/jsdom/lib/jsdom/living/events/EventTarget-impl.js:353:9)
    at invokeEventListeners (/home/alex/projects/fin-model/frontend/node_modules/.pnpm/jsdom@22.1.0/node_modules/jsdom/lib/jsdom/living/events/EventTarget-impl.js:286:3)
    at HTMLUnknownElementImpl._dispatch (/home/alex/projects/fin-model/frontend/node_modules/.pnpm/jsdom@22.1.0/node_modules/jsdom/lib/jsdom/living/events/EventTarget-impl.js:233:9)
    at HTMLUnknownElementImpl.dispatchEvent (/home/alex/projects/fin-model/frontend/node_modules/.pnpm/jsdom@22.1.0/node_modules/jsdom/lib/jsdom/living/events/EventTarget-impl.js:104:17)
    at HTMLUnknownElement.dispatchEvent (/home/alex/projects/fin-model/frontend/node_modules/.pnpm/jsdom@22.1.0/node_modules/jsdom/lib/jsdom/living/generated/EventTarget.js:241:34)
    at Object.invokeGuardedCallbackDev (/home/alex/projects/fin-model/frontend/node_modules/.pnpm/react-dom@18.3.1_react@18.3.1/node_modules/react-dom/cjs/react-dom.development.js:4213:16)
    at invokeGuardedCallback (/home/alex/projects/fin-model/frontend/node_modules/.pnpm/react-dom@18.3.1_react@18.3.1/node_modules/react-dom/cjs/react-dom.development.js:4277:31)
    at beginWork$1 (/home/alex/projects/fin-model/frontend/node_modules/.pnpm/react-dom@18.3.1_react@18.3.1/node_modules/react-dom/cjs/react-dom.development.js:27490:7)
    at performUnitOfWork (/home/alex/projects/fin-model/frontend/node_modules/.pnpm/react-dom@18.3.1_react@18.3.1/node_modules/react-dom/cjs/react-dom.development.js:26599:12) Error: [vitest] No &quot;ConfirmDialog&quot; export is defined on the &quot;@/components/ui/ConfirmDialog&quot; mock. Did you forget to return it from &quot;vi.mock&quot;?
If you need to partially mock a module, you can use &quot;vi.importActual&quot; inside:

[32mvi.mock(&quot;@/components/ui/ConfirmDialog&quot;, async () =&gt; {
  const actual = await vi.importActual(&quot;@/components/ui/ConfirmDialog&quot;)
  return {
    ...actual,
    // your mocked methods
  },
})[39m

    at VitestMocker.createError [90m(file:///home/alex/projects/fin-model/frontend/[39mnode_modules/[4m.pnpm[24m/vitest@0.34.6_jsdom@22.1.0_playwright@1.54.2/node_modules/[4mvitest[24m/dist/vendor-execute.07d1a420.js:80:12[90m)[39m
    at Object.ConfirmDialog [as get] [90m(file:///home/alex/projects/fin-model/frontend/[39mnode_modules/[4m.pnpm[24m/vitest@0.34.6_jsdom@22.1.0_playwright@1.54.2/node_modules/[4mvitest[24m/dist/vendor-execute.07d1a420.js:153:22[90m)[39m
    at AdminDashboard [90m(/home/alex/projects/fin-model/frontend/[39msrc/pages/AdminDashboard.tsx:1101:8[90m)[39m
    at renderWithHooks [90m(/home/alex/projects/fin-model/frontend/[39mnode_modules/[4m.pnpm[24m/react-dom@18.3.1_react@18.3.1/node_modules/[4mreact-dom[24m/cjs/react-dom.development.js:15486:18[90m)[39m
    at mountIndeterminateComponent [90m(/home/alex/projects/fin-model/frontend/[39mnode_modules/[4m.pnpm[24m/react-dom@18.3.1_react@18.3.1/node_modules/[4mreact-dom[24m/cjs/react-dom.development.js:20103:13[90m)[39m
    at beginWork [90m(/home/alex/projects/fin-model/frontend/[39mnode_modules/[4m.pnpm[24m/react-dom@18.3.1_react@18.3.1/node_modules/[4mreact-dom[24m/cjs/react-dom.development.js:21626:16[90m)[39m
    at HTMLUnknownElement.callCallback [90m(/home/alex/projects/fin-model/frontend/[39mnode_modules/[4m.pnpm[24m/react-dom@18.3.1_react@18.3.1/node_modules/[4mreact-dom[24m/cjs/react-dom.development.js:4164:14[90m)[39m
    at HTMLUnknownElement.callTheUserObjectsOperation [90m(/home/alex/projects/fin-model/frontend/[39mnode_modules/[4m.pnpm[24m/jsdom@22.1.0/node_modules/[4mjsdom[24m/lib/jsdom/living/generated/EventListener.js:26:30[90m)[39m
    at innerInvokeEventListeners [90m(/home/alex/projects/fin-model/frontend/[39mnode_modules/[4m.pnpm[24m/jsdom@22.1.0/node_modules/[4mjsdom[24m/lib/jsdom/living/events/EventTarget-impl.js:350:25[90m)[39m
    at invokeEventListeners [90m(/home/alex/projects/fin-model/frontend/[39mnode_modules/[4m.pnpm[24m/jsdom@22.1.0/node_modules/[4mjsdom[24m/lib/jsdom/living/events/EventTarget-impl.js:286:3[90m)[39m
The above error occurred in the &lt;AdminDashboard&gt; component:

    at AdminDashboard (/home/alex/projects/fin-model/frontend/src/pages/AdminDashboard.tsx:46:79)

Consider adding an error boundary to your tree to customize error handling behavior.
Visit https://reactjs.org/link/error-boundaries to learn more about error boundaries.

            </system-err>
            <failure message="[vitest] No &quot;ConfirmDialog&quot; export is defined on the &quot;@/components/ui/ConfirmDialog&quot; mock. Did you forget to return it from &quot;vi.mock&quot;?
If you need to partially mock a module, you can use &quot;vi.importActual&quot; inside:

[32mvi.mock(&quot;@/components/ui/ConfirmDialog&quot;, async () =&gt; {
  const actual = await vi.importActual(&quot;@/components/ui/ConfirmDialog&quot;)
  return {
    ...actual,
    // your mocked methods
  },
})[39m
" type="Error">
Error: [vitest] No &quot;ConfirmDialog&quot; export is defined on the &quot;@/components/ui/ConfirmDialog&quot; mock. Did you forget to return it from &quot;vi.mock&quot;?
If you need to partially mock a module, you can use &quot;vi.importActual&quot; inside:

[32mvi.mock(&quot;@/components/ui/ConfirmDialog&quot;, async () =&gt; {
  const actual = await vi.importActual(&quot;@/components/ui/ConfirmDialog&quot;)
  return {
    ...actual,
    // your mocked methods
  },
})[39m

 ❯ AdminDashboard src/pages/AdminDashboard.tsx:1101:8
 ❯ renderWithHooks node_modules/.pnpm/react-dom@18.3.1_react@18.3.1/node_modules/react-dom/cjs/react-dom.development.js:15486:18
 ❯ mountIndeterminateComponent node_modules/.pnpm/react-dom@18.3.1_react@18.3.1/node_modules/react-dom/cjs/react-dom.development.js:20103:13
 ❯ beginWork node_modules/.pnpm/react-dom@18.3.1_react@18.3.1/node_modules/react-dom/cjs/react-dom.development.js:21626:16
 ❯ beginWork$1 node_modules/.pnpm/react-dom@18.3.1_react@18.3.1/node_modules/react-dom/cjs/react-dom.development.js:27465:14
 ❯ performUnitOfWork node_modules/.pnpm/react-dom@18.3.1_react@18.3.1/node_modules/react-dom/cjs/react-dom.development.js:26599:12
 ❯ workLoopSync node_modules/.pnpm/react-dom@18.3.1_react@18.3.1/node_modules/react-dom/cjs/react-dom.development.js:26505:5
 ❯ renderRootSync node_modules/.pnpm/react-dom@18.3.1_react@18.3.1/node_modules/react-dom/cjs/react-dom.development.js:26473:7
            </failure>
        </testcase>
        <testcase classname="src/pages/__tests__/AdminDashboard.overview-maintenance.test.tsx" name="AdminDashboard Overview and Maintenance &gt; shows High CPU Usage alert when cpu_usage &gt; 90" time="0.125">
            <system-err>
Error: Uncaught [Error: [vitest] No &quot;ConfirmDialog&quot; export is defined on the &quot;@/components/ui/ConfirmDialog&quot; mock. Did you forget to return it from &quot;vi.mock&quot;?
If you need to partially mock a module, you can use &quot;vi.importActual&quot; inside:

[32mvi.mock(&quot;@/components/ui/ConfirmDialog&quot;, async () =&gt; {
  const actual = await vi.importActual(&quot;@/components/ui/ConfirmDialog&quot;)
  return {
    ...actual,
    // your mocked methods
  },
})[39m
]
    at reportException (/home/alex/projects/fin-model/frontend/node_modules/.pnpm/jsdom@22.1.0/node_modules/jsdom/lib/jsdom/living/helpers/runtime-script-errors.js:66:24)
    at innerInvokeEventListeners (/home/alex/projects/fin-model/frontend/node_modules/.pnpm/jsdom@22.1.0/node_modules/jsdom/lib/jsdom/living/events/EventTarget-impl.js:353:9)
    at invokeEventListeners (/home/alex/projects/fin-model/frontend/node_modules/.pnpm/jsdom@22.1.0/node_modules/jsdom/lib/jsdom/living/events/EventTarget-impl.js:286:3)
    at HTMLUnknownElementImpl._dispatch (/home/alex/projects/fin-model/frontend/node_modules/.pnpm/jsdom@22.1.0/node_modules/jsdom/lib/jsdom/living/events/EventTarget-impl.js:233:9)
    at HTMLUnknownElementImpl.dispatchEvent (/home/alex/projects/fin-model/frontend/node_modules/.pnpm/jsdom@22.1.0/node_modules/jsdom/lib/jsdom/living/events/EventTarget-impl.js:104:17)
    at HTMLUnknownElement.dispatchEvent (/home/alex/projects/fin-model/frontend/node_modules/.pnpm/jsdom@22.1.0/node_modules/jsdom/lib/jsdom/living/generated/EventTarget.js:241:34)
    at Object.invokeGuardedCallbackDev (/home/alex/projects/fin-model/frontend/node_modules/.pnpm/react-dom@18.3.1_react@18.3.1/node_modules/react-dom/cjs/react-dom.development.js:4213:16)
    at invokeGuardedCallback (/home/alex/projects/fin-model/frontend/node_modules/.pnpm/react-dom@18.3.1_react@18.3.1/node_modules/react-dom/cjs/react-dom.development.js:4277:31)
    at beginWork$1 (/home/alex/projects/fin-model/frontend/node_modules/.pnpm/react-dom@18.3.1_react@18.3.1/node_modules/react-dom/cjs/react-dom.development.js:27490:7)
    at performUnitOfWork (/home/alex/projects/fin-model/frontend/node_modules/.pnpm/react-dom@18.3.1_react@18.3.1/node_modules/react-dom/cjs/react-dom.development.js:26599:12) Error: [vitest] No &quot;ConfirmDialog&quot; export is defined on the &quot;@/components/ui/ConfirmDialog&quot; mock. Did you forget to return it from &quot;vi.mock&quot;?
If you need to partially mock a module, you can use &quot;vi.importActual&quot; inside:

[32mvi.mock(&quot;@/components/ui/ConfirmDialog&quot;, async () =&gt; {
  const actual = await vi.importActual(&quot;@/components/ui/ConfirmDialog&quot;)
  return {
    ...actual,
    // your mocked methods
  },
})[39m

    at VitestMocker.createError [90m(file:///home/alex/projects/fin-model/frontend/[39mnode_modules/[4m.pnpm[24m/vitest@0.34.6_jsdom@22.1.0_playwright@1.54.2/node_modules/[4mvitest[24m/dist/vendor-execute.07d1a420.js:80:12[90m)[39m
    at Object.ConfirmDialog [as get] [90m(file:///home/alex/projects/fin-model/frontend/[39mnode_modules/[4m.pnpm[24m/vitest@0.34.6_jsdom@22.1.0_playwright@1.54.2/node_modules/[4mvitest[24m/dist/vendor-execute.07d1a420.js:153:22[90m)[39m
    at AdminDashboard [90m(/home/alex/projects/fin-model/frontend/[39msrc/pages/AdminDashboard.tsx:1101:8[90m)[39m
    at renderWithHooks [90m(/home/alex/projects/fin-model/frontend/[39mnode_modules/[4m.pnpm[24m/react-dom@18.3.1_react@18.3.1/node_modules/[4mreact-dom[24m/cjs/react-dom.development.js:15486:18[90m)[39m
    at mountIndeterminateComponent [90m(/home/alex/projects/fin-model/frontend/[39mnode_modules/[4m.pnpm[24m/react-dom@18.3.1_react@18.3.1/node_modules/[4mreact-dom[24m/cjs/react-dom.development.js:20103:13[90m)[39m
    at beginWork [90m(/home/alex/projects/fin-model/frontend/[39mnode_modules/[4m.pnpm[24m/react-dom@18.3.1_react@18.3.1/node_modules/[4mreact-dom[24m/cjs/react-dom.development.js:21626:16[90m)[39m
    at HTMLUnknownElement.callCallback [90m(/home/alex/projects/fin-model/frontend/[39mnode_modules/[4m.pnpm[24m/react-dom@18.3.1_react@18.3.1/node_modules/[4mreact-dom[24m/cjs/react-dom.development.js:4164:14[90m)[39m
    at HTMLUnknownElement.callTheUserObjectsOperation [90m(/home/alex/projects/fin-model/frontend/[39mnode_modules/[4m.pnpm[24m/jsdom@22.1.0/node_modules/[4mjsdom[24m/lib/jsdom/living/generated/EventListener.js:26:30[90m)[39m
    at innerInvokeEventListeners [90m(/home/alex/projects/fin-model/frontend/[39mnode_modules/[4m.pnpm[24m/jsdom@22.1.0/node_modules/[4mjsdom[24m/lib/jsdom/living/events/EventTarget-impl.js:350:25[90m)[39m
    at invokeEventListeners [90m(/home/alex/projects/fin-model/frontend/[39mnode_modules/[4m.pnpm[24m/jsdom@22.1.0/node_modules/[4mjsdom[24m/lib/jsdom/living/events/EventTarget-impl.js:286:3[90m)[39m
Error: Uncaught [Error: [vitest] No &quot;ConfirmDialog&quot; export is defined on the &quot;@/components/ui/ConfirmDialog&quot; mock. Did you forget to return it from &quot;vi.mock&quot;?
If you need to partially mock a module, you can use &quot;vi.importActual&quot; inside:

[32mvi.mock(&quot;@/components/ui/ConfirmDialog&quot;, async () =&gt; {
  const actual = await vi.importActual(&quot;@/components/ui/ConfirmDialog&quot;)
  return {
    ...actual,
    // your mocked methods
  },
})[39m
]
    at reportException (/home/alex/projects/fin-model/frontend/node_modules/.pnpm/jsdom@22.1.0/node_modules/jsdom/lib/jsdom/living/helpers/runtime-script-errors.js:66:24)
    at innerInvokeEventListeners (/home/alex/projects/fin-model/frontend/node_modules/.pnpm/jsdom@22.1.0/node_modules/jsdom/lib/jsdom/living/events/EventTarget-impl.js:353:9)
    at invokeEventListeners (/home/alex/projects/fin-model/frontend/node_modules/.pnpm/jsdom@22.1.0/node_modules/jsdom/lib/jsdom/living/events/EventTarget-impl.js:286:3)
    at HTMLUnknownElementImpl._dispatch (/home/alex/projects/fin-model/frontend/node_modules/.pnpm/jsdom@22.1.0/node_modules/jsdom/lib/jsdom/living/events/EventTarget-impl.js:233:9)
    at HTMLUnknownElementImpl.dispatchEvent (/home/alex/projects/fin-model/frontend/node_modules/.pnpm/jsdom@22.1.0/node_modules/jsdom/lib/jsdom/living/events/EventTarget-impl.js:104:17)
    at HTMLUnknownElement.dispatchEvent (/home/alex/projects/fin-model/frontend/node_modules/.pnpm/jsdom@22.1.0/node_modules/jsdom/lib/jsdom/living/generated/EventTarget.js:241:34)
    at Object.invokeGuardedCallbackDev (/home/alex/projects/fin-model/frontend/node_modules/.pnpm/react-dom@18.3.1_react@18.3.1/node_modules/react-dom/cjs/react-dom.development.js:4213:16)
    at invokeGuardedCallback (/home/alex/projects/fin-model/frontend/node_modules/.pnpm/react-dom@18.3.1_react@18.3.1/node_modules/react-dom/cjs/react-dom.development.js:4277:31)
    at beginWork$1 (/home/alex/projects/fin-model/frontend/node_modules/.pnpm/react-dom@18.3.1_react@18.3.1/node_modules/react-dom/cjs/react-dom.development.js:27490:7)
    at performUnitOfWork (/home/alex/projects/fin-model/frontend/node_modules/.pnpm/react-dom@18.3.1_react@18.3.1/node_modules/react-dom/cjs/react-dom.development.js:26599:12) Error: [vitest] No &quot;ConfirmDialog&quot; export is defined on the &quot;@/components/ui/ConfirmDialog&quot; mock. Did you forget to return it from &quot;vi.mock&quot;?
If you need to partially mock a module, you can use &quot;vi.importActual&quot; inside:

[32mvi.mock(&quot;@/components/ui/ConfirmDialog&quot;, async () =&gt; {
  const actual = await vi.importActual(&quot;@/components/ui/ConfirmDialog&quot;)
  return {
    ...actual,
    // your mocked methods
  },
})[39m

    at VitestMocker.createError [90m(file:///home/alex/projects/fin-model/frontend/[39mnode_modules/[4m.pnpm[24m/vitest@0.34.6_jsdom@22.1.0_playwright@1.54.2/node_modules/[4mvitest[24m/dist/vendor-execute.07d1a420.js:80:12[90m)[39m
    at Object.ConfirmDialog [as get] [90m(file:///home/alex/projects/fin-model/frontend/[39mnode_modules/[4m.pnpm[24m/vitest@0.34.6_jsdom@22.1.0_playwright@1.54.2/node_modules/[4mvitest[24m/dist/vendor-execute.07d1a420.js:153:22[90m)[39m
    at AdminDashboard [90m(/home/alex/projects/fin-model/frontend/[39msrc/pages/AdminDashboard.tsx:1101:8[90m)[39m
    at renderWithHooks [90m(/home/alex/projects/fin-model/frontend/[39mnode_modules/[4m.pnpm[24m/react-dom@18.3.1_react@18.3.1/node_modules/[4mreact-dom[24m/cjs/react-dom.development.js:15486:18[90m)[39m
    at mountIndeterminateComponent [90m(/home/alex/projects/fin-model/frontend/[39mnode_modules/[4m.pnpm[24m/react-dom@18.3.1_react@18.3.1/node_modules/[4mreact-dom[24m/cjs/react-dom.development.js:20103:13[90m)[39m
    at beginWork [90m(/home/alex/projects/fin-model/frontend/[39mnode_modules/[4m.pnpm[24m/react-dom@18.3.1_react@18.3.1/node_modules/[4mreact-dom[24m/cjs/react-dom.development.js:21626:16[90m)[39m
    at HTMLUnknownElement.callCallback [90m(/home/alex/projects/fin-model/frontend/[39mnode_modules/[4m.pnpm[24m/react-dom@18.3.1_react@18.3.1/node_modules/[4mreact-dom[24m/cjs/react-dom.development.js:4164:14[90m)[39m
    at HTMLUnknownElement.callTheUserObjectsOperation [90m(/home/alex/projects/fin-model/frontend/[39mnode_modules/[4m.pnpm[24m/jsdom@22.1.0/node_modules/[4mjsdom[24m/lib/jsdom/living/generated/EventListener.js:26:30[90m)[39m
    at innerInvokeEventListeners [90m(/home/alex/projects/fin-model/frontend/[39mnode_modules/[4m.pnpm[24m/jsdom@22.1.0/node_modules/[4mjsdom[24m/lib/jsdom/living/events/EventTarget-impl.js:350:25[90m)[39m
    at invokeEventListeners [90m(/home/alex/projects/fin-model/frontend/[39mnode_modules/[4m.pnpm[24m/jsdom@22.1.0/node_modules/[4mjsdom[24m/lib/jsdom/living/events/EventTarget-impl.js:286:3[90m)[39m
The above error occurred in the &lt;AdminDashboard&gt; component:

    at AdminDashboard (/home/alex/projects/fin-model/frontend/src/pages/AdminDashboard.tsx:46:79)

Consider adding an error boundary to your tree to customize error handling behavior.
Visit https://reactjs.org/link/error-boundaries to learn more about error boundaries.

            </system-err>
            <failure message="[vitest] No &quot;ConfirmDialog&quot; export is defined on the &quot;@/components/ui/ConfirmDialog&quot; mock. Did you forget to return it from &quot;vi.mock&quot;?
If you need to partially mock a module, you can use &quot;vi.importActual&quot; inside:

[32mvi.mock(&quot;@/components/ui/ConfirmDialog&quot;, async () =&gt; {
  const actual = await vi.importActual(&quot;@/components/ui/ConfirmDialog&quot;)
  return {
    ...actual,
    // your mocked methods
  },
})[39m
" type="Error">
Error: [vitest] No &quot;ConfirmDialog&quot; export is defined on the &quot;@/components/ui/ConfirmDialog&quot; mock. Did you forget to return it from &quot;vi.mock&quot;?
If you need to partially mock a module, you can use &quot;vi.importActual&quot; inside:

[32mvi.mock(&quot;@/components/ui/ConfirmDialog&quot;, async () =&gt; {
  const actual = await vi.importActual(&quot;@/components/ui/ConfirmDialog&quot;)
  return {
    ...actual,
    // your mocked methods
  },
})[39m

 ❯ AdminDashboard src/pages/AdminDashboard.tsx:1101:8
 ❯ renderWithHooks node_modules/.pnpm/react-dom@18.3.1_react@18.3.1/node_modules/react-dom/cjs/react-dom.development.js:15486:18
 ❯ mountIndeterminateComponent node_modules/.pnpm/react-dom@18.3.1_react@18.3.1/node_modules/react-dom/cjs/react-dom.development.js:20103:13
 ❯ beginWork node_modules/.pnpm/react-dom@18.3.1_react@18.3.1/node_modules/react-dom/cjs/react-dom.development.js:21626:16
 ❯ beginWork$1 node_modules/.pnpm/react-dom@18.3.1_react@18.3.1/node_modules/react-dom/cjs/react-dom.development.js:27465:14
 ❯ performUnitOfWork node_modules/.pnpm/react-dom@18.3.1_react@18.3.1/node_modules/react-dom/cjs/react-dom.development.js:26599:12
 ❯ workLoopSync node_modules/.pnpm/react-dom@18.3.1_react@18.3.1/node_modules/react-dom/cjs/react-dom.development.js:26505:5
 ❯ renderRootSync node_modules/.pnpm/react-dom@18.3.1_react@18.3.1/node_modules/react-dom/cjs/react-dom.development.js:26473:7
            </failure>
        </testcase>
        <testcase classname="src/pages/__tests__/AdminDashboard.overview-maintenance.test.tsx" name="AdminDashboard Overview and Maintenance &gt; runs maintenance: preview cleanup and run cleanup" time="0.121">
            <system-err>
Error: Uncaught [Error: [vitest] No &quot;ConfirmDialog&quot; export is defined on the &quot;@/components/ui/ConfirmDialog&quot; mock. Did you forget to return it from &quot;vi.mock&quot;?
If you need to partially mock a module, you can use &quot;vi.importActual&quot; inside:

[32mvi.mock(&quot;@/components/ui/ConfirmDialog&quot;, async () =&gt; {
  const actual = await vi.importActual(&quot;@/components/ui/ConfirmDialog&quot;)
  return {
    ...actual,
    // your mocked methods
  },
})[39m
]
    at reportException (/home/alex/projects/fin-model/frontend/node_modules/.pnpm/jsdom@22.1.0/node_modules/jsdom/lib/jsdom/living/helpers/runtime-script-errors.js:66:24)
    at innerInvokeEventListeners (/home/alex/projects/fin-model/frontend/node_modules/.pnpm/jsdom@22.1.0/node_modules/jsdom/lib/jsdom/living/events/EventTarget-impl.js:353:9)
    at invokeEventListeners (/home/alex/projects/fin-model/frontend/node_modules/.pnpm/jsdom@22.1.0/node_modules/jsdom/lib/jsdom/living/events/EventTarget-impl.js:286:3)
    at HTMLUnknownElementImpl._dispatch (/home/alex/projects/fin-model/frontend/node_modules/.pnpm/jsdom@22.1.0/node_modules/jsdom/lib/jsdom/living/events/EventTarget-impl.js:233:9)
    at HTMLUnknownElementImpl.dispatchEvent (/home/alex/projects/fin-model/frontend/node_modules/.pnpm/jsdom@22.1.0/node_modules/jsdom/lib/jsdom/living/events/EventTarget-impl.js:104:17)
    at HTMLUnknownElement.dispatchEvent (/home/alex/projects/fin-model/frontend/node_modules/.pnpm/jsdom@22.1.0/node_modules/jsdom/lib/jsdom/living/generated/EventTarget.js:241:34)
    at Object.invokeGuardedCallbackDev (/home/alex/projects/fin-model/frontend/node_modules/.pnpm/react-dom@18.3.1_react@18.3.1/node_modules/react-dom/cjs/react-dom.development.js:4213:16)
    at invokeGuardedCallback (/home/alex/projects/fin-model/frontend/node_modules/.pnpm/react-dom@18.3.1_react@18.3.1/node_modules/react-dom/cjs/react-dom.development.js:4277:31)
    at beginWork$1 (/home/alex/projects/fin-model/frontend/node_modules/.pnpm/react-dom@18.3.1_react@18.3.1/node_modules/react-dom/cjs/react-dom.development.js:27490:7)
    at performUnitOfWork (/home/alex/projects/fin-model/frontend/node_modules/.pnpm/react-dom@18.3.1_react@18.3.1/node_modules/react-dom/cjs/react-dom.development.js:26599:12) Error: [vitest] No &quot;ConfirmDialog&quot; export is defined on the &quot;@/components/ui/ConfirmDialog&quot; mock. Did you forget to return it from &quot;vi.mock&quot;?
If you need to partially mock a module, you can use &quot;vi.importActual&quot; inside:

[32mvi.mock(&quot;@/components/ui/ConfirmDialog&quot;, async () =&gt; {
  const actual = await vi.importActual(&quot;@/components/ui/ConfirmDialog&quot;)
  return {
    ...actual,
    // your mocked methods
  },
})[39m

    at VitestMocker.createError [90m(file:///home/alex/projects/fin-model/frontend/[39mnode_modules/[4m.pnpm[24m/vitest@0.34.6_jsdom@22.1.0_playwright@1.54.2/node_modules/[4mvitest[24m/dist/vendor-execute.07d1a420.js:80:12[90m)[39m
    at Object.ConfirmDialog [as get] [90m(file:///home/alex/projects/fin-model/frontend/[39mnode_modules/[4m.pnpm[24m/vitest@0.34.6_jsdom@22.1.0_playwright@1.54.2/node_modules/[4mvitest[24m/dist/vendor-execute.07d1a420.js:153:22[90m)[39m
    at AdminDashboard [90m(/home/alex/projects/fin-model/frontend/[39msrc/pages/AdminDashboard.tsx:1101:8[90m)[39m
    at renderWithHooks [90m(/home/alex/projects/fin-model/frontend/[39mnode_modules/[4m.pnpm[24m/react-dom@18.3.1_react@18.3.1/node_modules/[4mreact-dom[24m/cjs/react-dom.development.js:15486:18[90m)[39m
    at mountIndeterminateComponent [90m(/home/alex/projects/fin-model/frontend/[39mnode_modules/[4m.pnpm[24m/react-dom@18.3.1_react@18.3.1/node_modules/[4mreact-dom[24m/cjs/react-dom.development.js:20103:13[90m)[39m
    at beginWork [90m(/home/alex/projects/fin-model/frontend/[39mnode_modules/[4m.pnpm[24m/react-dom@18.3.1_react@18.3.1/node_modules/[4mreact-dom[24m/cjs/react-dom.development.js:21626:16[90m)[39m
    at HTMLUnknownElement.callCallback [90m(/home/alex/projects/fin-model/frontend/[39mnode_modules/[4m.pnpm[24m/react-dom@18.3.1_react@18.3.1/node_modules/[4mreact-dom[24m/cjs/react-dom.development.js:4164:14[90m)[39m
    at HTMLUnknownElement.callTheUserObjectsOperation [90m(/home/alex/projects/fin-model/frontend/[39mnode_modules/[4m.pnpm[24m/jsdom@22.1.0/node_modules/[4mjsdom[24m/lib/jsdom/living/generated/EventListener.js:26:30[90m)[39m
    at innerInvokeEventListeners [90m(/home/alex/projects/fin-model/frontend/[39mnode_modules/[4m.pnpm[24m/jsdom@22.1.0/node_modules/[4mjsdom[24m/lib/jsdom/living/events/EventTarget-impl.js:350:25[90m)[39m
    at invokeEventListeners [90m(/home/alex/projects/fin-model/frontend/[39mnode_modules/[4m.pnpm[24m/jsdom@22.1.0/node_modules/[4mjsdom[24m/lib/jsdom/living/events/EventTarget-impl.js:286:3[90m)[39m
Error: Uncaught [Error: [vitest] No &quot;ConfirmDialog&quot; export is defined on the &quot;@/components/ui/ConfirmDialog&quot; mock. Did you forget to return it from &quot;vi.mock&quot;?
If you need to partially mock a module, you can use &quot;vi.importActual&quot; inside:

[32mvi.mock(&quot;@/components/ui/ConfirmDialog&quot;, async () =&gt; {
  const actual = await vi.importActual(&quot;@/components/ui/ConfirmDialog&quot;)
  return {
    ...actual,
    // your mocked methods
  },
})[39m
]
    at reportException (/home/alex/projects/fin-model/frontend/node_modules/.pnpm/jsdom@22.1.0/node_modules/jsdom/lib/jsdom/living/helpers/runtime-script-errors.js:66:24)
    at innerInvokeEventListeners (/home/alex/projects/fin-model/frontend/node_modules/.pnpm/jsdom@22.1.0/node_modules/jsdom/lib/jsdom/living/events/EventTarget-impl.js:353:9)
    at invokeEventListeners (/home/alex/projects/fin-model/frontend/node_modules/.pnpm/jsdom@22.1.0/node_modules/jsdom/lib/jsdom/living/events/EventTarget-impl.js:286:3)
    at HTMLUnknownElementImpl._dispatch (/home/alex/projects/fin-model/frontend/node_modules/.pnpm/jsdom@22.1.0/node_modules/jsdom/lib/jsdom/living/events/EventTarget-impl.js:233:9)
    at HTMLUnknownElementImpl.dispatchEvent (/home/alex/projects/fin-model/frontend/node_modules/.pnpm/jsdom@22.1.0/node_modules/jsdom/lib/jsdom/living/events/EventTarget-impl.js:104:17)
    at HTMLUnknownElement.dispatchEvent (/home/alex/projects/fin-model/frontend/node_modules/.pnpm/jsdom@22.1.0/node_modules/jsdom/lib/jsdom/living/generated/EventTarget.js:241:34)
    at Object.invokeGuardedCallbackDev (/home/alex/projects/fin-model/frontend/node_modules/.pnpm/react-dom@18.3.1_react@18.3.1/node_modules/react-dom/cjs/react-dom.development.js:4213:16)
    at invokeGuardedCallback (/home/alex/projects/fin-model/frontend/node_modules/.pnpm/react-dom@18.3.1_react@18.3.1/node_modules/react-dom/cjs/react-dom.development.js:4277:31)
    at beginWork$1 (/home/alex/projects/fin-model/frontend/node_modules/.pnpm/react-dom@18.3.1_react@18.3.1/node_modules/react-dom/cjs/react-dom.development.js:27490:7)
    at performUnitOfWork (/home/alex/projects/fin-model/frontend/node_modules/.pnpm/react-dom@18.3.1_react@18.3.1/node_modules/react-dom/cjs/react-dom.development.js:26599:12) Error: [vitest] No &quot;ConfirmDialog&quot; export is defined on the &quot;@/components/ui/ConfirmDialog&quot; mock. Did you forget to return it from &quot;vi.mock&quot;?
If you need to partially mock a module, you can use &quot;vi.importActual&quot; inside:

[32mvi.mock(&quot;@/components/ui/ConfirmDialog&quot;, async () =&gt; {
  const actual = await vi.importActual(&quot;@/components/ui/ConfirmDialog&quot;)
  return {
    ...actual,
    // your mocked methods
  },
})[39m

    at VitestMocker.createError [90m(file:///home/alex/projects/fin-model/frontend/[39mnode_modules/[4m.pnpm[24m/vitest@0.34.6_jsdom@22.1.0_playwright@1.54.2/node_modules/[4mvitest[24m/dist/vendor-execute.07d1a420.js:80:12[90m)[39m
    at Object.ConfirmDialog [as get] [90m(file:///home/alex/projects/fin-model/frontend/[39mnode_modules/[4m.pnpm[24m/vitest@0.34.6_jsdom@22.1.0_playwright@1.54.2/node_modules/[4mvitest[24m/dist/vendor-execute.07d1a420.js:153:22[90m)[39m
    at AdminDashboard [90m(/home/alex/projects/fin-model/frontend/[39msrc/pages/AdminDashboard.tsx:1101:8[90m)[39m
    at renderWithHooks [90m(/home/alex/projects/fin-model/frontend/[39mnode_modules/[4m.pnpm[24m/react-dom@18.3.1_react@18.3.1/node_modules/[4mreact-dom[24m/cjs/react-dom.development.js:15486:18[90m)[39m
    at mountIndeterminateComponent [90m(/home/alex/projects/fin-model/frontend/[39mnode_modules/[4m.pnpm[24m/react-dom@18.3.1_react@18.3.1/node_modules/[4mreact-dom[24m/cjs/react-dom.development.js:20103:13[90m)[39m
    at beginWork [90m(/home/alex/projects/fin-model/frontend/[39mnode_modules/[4m.pnpm[24m/react-dom@18.3.1_react@18.3.1/node_modules/[4mreact-dom[24m/cjs/react-dom.development.js:21626:16[90m)[39m
    at HTMLUnknownElement.callCallback [90m(/home/alex/projects/fin-model/frontend/[39mnode_modules/[4m.pnpm[24m/react-dom@18.3.1_react@18.3.1/node_modules/[4mreact-dom[24m/cjs/react-dom.development.js:4164:14[90m)[39m
    at HTMLUnknownElement.callTheUserObjectsOperation [90m(/home/alex/projects/fin-model/frontend/[39mnode_modules/[4m.pnpm[24m/jsdom@22.1.0/node_modules/[4mjsdom[24m/lib/jsdom/living/generated/EventListener.js:26:30[90m)[39m
    at innerInvokeEventListeners [90m(/home/alex/projects/fin-model/frontend/[39mnode_modules/[4m.pnpm[24m/jsdom@22.1.0/node_modules/[4mjsdom[24m/lib/jsdom/living/events/EventTarget-impl.js:350:25[90m)[39m
    at invokeEventListeners [90m(/home/alex/projects/fin-model/frontend/[39mnode_modules/[4m.pnpm[24m/jsdom@22.1.0/node_modules/[4mjsdom[24m/lib/jsdom/living/events/EventTarget-impl.js:286:3[90m)[39m
The above error occurred in the &lt;AdminDashboard&gt; component:

    at AdminDashboard (/home/alex/projects/fin-model/frontend/src/pages/AdminDashboard.tsx:46:79)

Consider adding an error boundary to your tree to customize error handling behavior.
Visit https://reactjs.org/link/error-boundaries to learn more about error boundaries.

            </system-err>
            <failure message="[vitest] No &quot;ConfirmDialog&quot; export is defined on the &quot;@/components/ui/ConfirmDialog&quot; mock. Did you forget to return it from &quot;vi.mock&quot;?
If you need to partially mock a module, you can use &quot;vi.importActual&quot; inside:

[32mvi.mock(&quot;@/components/ui/ConfirmDialog&quot;, async () =&gt; {
  const actual = await vi.importActual(&quot;@/components/ui/ConfirmDialog&quot;)
  return {
    ...actual,
    // your mocked methods
  },
})[39m
" type="Error">
Error: [vitest] No &quot;ConfirmDialog&quot; export is defined on the &quot;@/components/ui/ConfirmDialog&quot; mock. Did you forget to return it from &quot;vi.mock&quot;?
If you need to partially mock a module, you can use &quot;vi.importActual&quot; inside:

[32mvi.mock(&quot;@/components/ui/ConfirmDialog&quot;, async () =&gt; {
  const actual = await vi.importActual(&quot;@/components/ui/ConfirmDialog&quot;)
  return {
    ...actual,
    // your mocked methods
  },
})[39m

 ❯ AdminDashboard src/pages/AdminDashboard.tsx:1101:8
 ❯ renderWithHooks node_modules/.pnpm/react-dom@18.3.1_react@18.3.1/node_modules/react-dom/cjs/react-dom.development.js:15486:18
 ❯ mountIndeterminateComponent node_modules/.pnpm/react-dom@18.3.1_react@18.3.1/node_modules/react-dom/cjs/react-dom.development.js:20103:13
 ❯ beginWork node_modules/.pnpm/react-dom@18.3.1_react@18.3.1/node_modules/react-dom/cjs/react-dom.development.js:21626:16
 ❯ beginWork$1 node_modules/.pnpm/react-dom@18.3.1_react@18.3.1/node_modules/react-dom/cjs/react-dom.development.js:27465:14
 ❯ performUnitOfWork node_modules/.pnpm/react-dom@18.3.1_react@18.3.1/node_modules/react-dom/cjs/react-dom.development.js:26599:12
 ❯ workLoopSync node_modules/.pnpm/react-dom@18.3.1_react@18.3.1/node_modules/react-dom/cjs/react-dom.development.js:26505:5
 ❯ renderRootSync node_modules/.pnpm/react-dom@18.3.1_react@18.3.1/node_modules/react-dom/cjs/react-dom.development.js:26473:7
            </failure>
        </testcase>
    </testsuite>
    <testsuite name="src/pages/__tests__/AdminDashboard.robustness.test.tsx" timestamp="2025-08-10T11:51:31.928Z" hostname="DESKTOP-CSMHNRS" tests="2" failures="2" errors="0" skipped="0" time="0.864">
        <testcase classname="src/pages/__tests__/AdminDashboard.robustness.test.tsx" name="AdminDashboard robustness to API failures &gt; shows warning toast when some sections fail" time="0.667">
            <system-err>
Warning: `ReactDOMTestUtils.act` is deprecated in favor of `React.act`. Import `act` from `react` instead of `react-dom/test-utils`. See https://react.dev/warnings/react-dom-test-utils for more info.
Error: Uncaught [Error: [vitest] No &quot;ConfirmDialog&quot; export is defined on the &quot;@/components/ui/ConfirmDialog&quot; mock. Did you forget to return it from &quot;vi.mock&quot;?
If you need to partially mock a module, you can use &quot;vi.importActual&quot; inside:

[32mvi.mock(&quot;@/components/ui/ConfirmDialog&quot;, async () =&gt; {
  const actual = await vi.importActual(&quot;@/components/ui/ConfirmDialog&quot;)
  return {
    ...actual,
    // your mocked methods
  },
})[39m
]
    at reportException (/home/alex/projects/fin-model/frontend/node_modules/.pnpm/jsdom@22.1.0/node_modules/jsdom/lib/jsdom/living/helpers/runtime-script-errors.js:66:24)
    at innerInvokeEventListeners (/home/alex/projects/fin-model/frontend/node_modules/.pnpm/jsdom@22.1.0/node_modules/jsdom/lib/jsdom/living/events/EventTarget-impl.js:353:9)
    at invokeEventListeners (/home/alex/projects/fin-model/frontend/node_modules/.pnpm/jsdom@22.1.0/node_modules/jsdom/lib/jsdom/living/events/EventTarget-impl.js:286:3)
    at HTMLUnknownElementImpl._dispatch (/home/alex/projects/fin-model/frontend/node_modules/.pnpm/jsdom@22.1.0/node_modules/jsdom/lib/jsdom/living/events/EventTarget-impl.js:233:9)
    at HTMLUnknownElementImpl.dispatchEvent (/home/alex/projects/fin-model/frontend/node_modules/.pnpm/jsdom@22.1.0/node_modules/jsdom/lib/jsdom/living/events/EventTarget-impl.js:104:17)
    at HTMLUnknownElement.dispatchEvent (/home/alex/projects/fin-model/frontend/node_modules/.pnpm/jsdom@22.1.0/node_modules/jsdom/lib/jsdom/living/generated/EventTarget.js:241:34)
    at Object.invokeGuardedCallbackDev (/home/alex/projects/fin-model/frontend/node_modules/.pnpm/react-dom@18.3.1_react@18.3.1/node_modules/react-dom/cjs/react-dom.development.js:4213:16)
    at invokeGuardedCallback (/home/alex/projects/fin-model/frontend/node_modules/.pnpm/react-dom@18.3.1_react@18.3.1/node_modules/react-dom/cjs/react-dom.development.js:4277:31)
    at beginWork$1 (/home/alex/projects/fin-model/frontend/node_modules/.pnpm/react-dom@18.3.1_react@18.3.1/node_modules/react-dom/cjs/react-dom.development.js:27490:7)
    at performUnitOfWork (/home/alex/projects/fin-model/frontend/node_modules/.pnpm/react-dom@18.3.1_react@18.3.1/node_modules/react-dom/cjs/react-dom.development.js:26599:12) Error: [vitest] No &quot;ConfirmDialog&quot; export is defined on the &quot;@/components/ui/ConfirmDialog&quot; mock. Did you forget to return it from &quot;vi.mock&quot;?
If you need to partially mock a module, you can use &quot;vi.importActual&quot; inside:

[32mvi.mock(&quot;@/components/ui/ConfirmDialog&quot;, async () =&gt; {
  const actual = await vi.importActual(&quot;@/components/ui/ConfirmDialog&quot;)
  return {
    ...actual,
    // your mocked methods
  },
})[39m

    at VitestMocker.createError [90m(file:///home/alex/projects/fin-model/frontend/[39mnode_modules/[4m.pnpm[24m/vitest@0.34.6_jsdom@22.1.0_playwright@1.54.2/node_modules/[4mvitest[24m/dist/vendor-execute.07d1a420.js:80:12[90m)[39m
    at Object.ConfirmDialog [as get] [90m(file:///home/alex/projects/fin-model/frontend/[39mnode_modules/[4m.pnpm[24m/vitest@0.34.6_jsdom@22.1.0_playwright@1.54.2/node_modules/[4mvitest[24m/dist/vendor-execute.07d1a420.js:153:22[90m)[39m
    at AdminDashboard [90m(/home/alex/projects/fin-model/frontend/[39msrc/pages/AdminDashboard.tsx:1101:8[90m)[39m
    at renderWithHooks [90m(/home/alex/projects/fin-model/frontend/[39mnode_modules/[4m.pnpm[24m/react-dom@18.3.1_react@18.3.1/node_modules/[4mreact-dom[24m/cjs/react-dom.development.js:15486:18[90m)[39m
    at mountIndeterminateComponent [90m(/home/alex/projects/fin-model/frontend/[39mnode_modules/[4m.pnpm[24m/react-dom@18.3.1_react@18.3.1/node_modules/[4mreact-dom[24m/cjs/react-dom.development.js:20103:13[90m)[39m
    at beginWork [90m(/home/alex/projects/fin-model/frontend/[39mnode_modules/[4m.pnpm[24m/react-dom@18.3.1_react@18.3.1/node_modules/[4mreact-dom[24m/cjs/react-dom.development.js:21626:16[90m)[39m
    at HTMLUnknownElement.callCallback [90m(/home/alex/projects/fin-model/frontend/[39mnode_modules/[4m.pnpm[24m/react-dom@18.3.1_react@18.3.1/node_modules/[4mreact-dom[24m/cjs/react-dom.development.js:4164:14[90m)[39m
    at HTMLUnknownElement.callTheUserObjectsOperation [90m(/home/alex/projects/fin-model/frontend/[39mnode_modules/[4m.pnpm[24m/jsdom@22.1.0/node_modules/[4mjsdom[24m/lib/jsdom/living/generated/EventListener.js:26:30[90m)[39m
    at innerInvokeEventListeners [90m(/home/alex/projects/fin-model/frontend/[39mnode_modules/[4m.pnpm[24m/jsdom@22.1.0/node_modules/[4mjsdom[24m/lib/jsdom/living/events/EventTarget-impl.js:350:25[90m)[39m
    at invokeEventListeners [90m(/home/alex/projects/fin-model/frontend/[39mnode_modules/[4m.pnpm[24m/jsdom@22.1.0/node_modules/[4mjsdom[24m/lib/jsdom/living/events/EventTarget-impl.js:286:3[90m)[39m
Error: Uncaught [Error: [vitest] No &quot;ConfirmDialog&quot; export is defined on the &quot;@/components/ui/ConfirmDialog&quot; mock. Did you forget to return it from &quot;vi.mock&quot;?
If you need to partially mock a module, you can use &quot;vi.importActual&quot; inside:

[32mvi.mock(&quot;@/components/ui/ConfirmDialog&quot;, async () =&gt; {
  const actual = await vi.importActual(&quot;@/components/ui/ConfirmDialog&quot;)
  return {
    ...actual,
    // your mocked methods
  },
})[39m
]
    at reportException (/home/alex/projects/fin-model/frontend/node_modules/.pnpm/jsdom@22.1.0/node_modules/jsdom/lib/jsdom/living/helpers/runtime-script-errors.js:66:24)
    at innerInvokeEventListeners (/home/alex/projects/fin-model/frontend/node_modules/.pnpm/jsdom@22.1.0/node_modules/jsdom/lib/jsdom/living/events/EventTarget-impl.js:353:9)
    at invokeEventListeners (/home/alex/projects/fin-model/frontend/node_modules/.pnpm/jsdom@22.1.0/node_modules/jsdom/lib/jsdom/living/events/EventTarget-impl.js:286:3)
    at HTMLUnknownElementImpl._dispatch (/home/alex/projects/fin-model/frontend/node_modules/.pnpm/jsdom@22.1.0/node_modules/jsdom/lib/jsdom/living/events/EventTarget-impl.js:233:9)
    at HTMLUnknownElementImpl.dispatchEvent (/home/alex/projects/fin-model/frontend/node_modules/.pnpm/jsdom@22.1.0/node_modules/jsdom/lib/jsdom/living/events/EventTarget-impl.js:104:17)
    at HTMLUnknownElement.dispatchEvent (/home/alex/projects/fin-model/frontend/node_modules/.pnpm/jsdom@22.1.0/node_modules/jsdom/lib/jsdom/living/generated/EventTarget.js:241:34)
    at Object.invokeGuardedCallbackDev (/home/alex/projects/fin-model/frontend/node_modules/.pnpm/react-dom@18.3.1_react@18.3.1/node_modules/react-dom/cjs/react-dom.development.js:4213:16)
    at invokeGuardedCallback (/home/alex/projects/fin-model/frontend/node_modules/.pnpm/react-dom@18.3.1_react@18.3.1/node_modules/react-dom/cjs/react-dom.development.js:4277:31)
    at beginWork$1 (/home/alex/projects/fin-model/frontend/node_modules/.pnpm/react-dom@18.3.1_react@18.3.1/node_modules/react-dom/cjs/react-dom.development.js:27490:7)
    at performUnitOfWork (/home/alex/projects/fin-model/frontend/node_modules/.pnpm/react-dom@18.3.1_react@18.3.1/node_modules/react-dom/cjs/react-dom.development.js:26599:12) Error: [vitest] No &quot;ConfirmDialog&quot; export is defined on the &quot;@/components/ui/ConfirmDialog&quot; mock. Did you forget to return it from &quot;vi.mock&quot;?
If you need to partially mock a module, you can use &quot;vi.importActual&quot; inside:

[32mvi.mock(&quot;@/components/ui/ConfirmDialog&quot;, async () =&gt; {
  const actual = await vi.importActual(&quot;@/components/ui/ConfirmDialog&quot;)
  return {
    ...actual,
    // your mocked methods
  },
})[39m

    at VitestMocker.createError [90m(file:///home/alex/projects/fin-model/frontend/[39mnode_modules/[4m.pnpm[24m/vitest@0.34.6_jsdom@22.1.0_playwright@1.54.2/node_modules/[4mvitest[24m/dist/vendor-execute.07d1a420.js:80:12[90m)[39m
    at Object.ConfirmDialog [as get] [90m(file:///home/alex/projects/fin-model/frontend/[39mnode_modules/[4m.pnpm[24m/vitest@0.34.6_jsdom@22.1.0_playwright@1.54.2/node_modules/[4mvitest[24m/dist/vendor-execute.07d1a420.js:153:22[90m)[39m
    at AdminDashboard [90m(/home/alex/projects/fin-model/frontend/[39msrc/pages/AdminDashboard.tsx:1101:8[90m)[39m
    at renderWithHooks [90m(/home/alex/projects/fin-model/frontend/[39mnode_modules/[4m.pnpm[24m/react-dom@18.3.1_react@18.3.1/node_modules/[4mreact-dom[24m/cjs/react-dom.development.js:15486:18[90m)[39m
    at mountIndeterminateComponent [90m(/home/alex/projects/fin-model/frontend/[39mnode_modules/[4m.pnpm[24m/react-dom@18.3.1_react@18.3.1/node_modules/[4mreact-dom[24m/cjs/react-dom.development.js:20103:13[90m)[39m
    at beginWork [90m(/home/alex/projects/fin-model/frontend/[39mnode_modules/[4m.pnpm[24m/react-dom@18.3.1_react@18.3.1/node_modules/[4mreact-dom[24m/cjs/react-dom.development.js:21626:16[90m)[39m
    at HTMLUnknownElement.callCallback [90m(/home/alex/projects/fin-model/frontend/[39mnode_modules/[4m.pnpm[24m/react-dom@18.3.1_react@18.3.1/node_modules/[4mreact-dom[24m/cjs/react-dom.development.js:4164:14[90m)[39m
    at HTMLUnknownElement.callTheUserObjectsOperation [90m(/home/alex/projects/fin-model/frontend/[39mnode_modules/[4m.pnpm[24m/jsdom@22.1.0/node_modules/[4mjsdom[24m/lib/jsdom/living/generated/EventListener.js:26:30[90m)[39m
    at innerInvokeEventListeners [90m(/home/alex/projects/fin-model/frontend/[39mnode_modules/[4m.pnpm[24m/jsdom@22.1.0/node_modules/[4mjsdom[24m/lib/jsdom/living/events/EventTarget-impl.js:350:25[90m)[39m
    at invokeEventListeners [90m(/home/alex/projects/fin-model/frontend/[39mnode_modules/[4m.pnpm[24m/jsdom@22.1.0/node_modules/[4mjsdom[24m/lib/jsdom/living/events/EventTarget-impl.js:286:3[90m)[39m
The above error occurred in the &lt;AdminDashboard&gt; component:

    at AdminDashboard (/home/alex/projects/fin-model/frontend/src/pages/AdminDashboard.tsx:46:79)

Consider adding an error boundary to your tree to customize error handling behavior.
Visit https://reactjs.org/link/error-boundaries to learn more about error boundaries.

            </system-err>
            <failure message="[vitest] No &quot;ConfirmDialog&quot; export is defined on the &quot;@/components/ui/ConfirmDialog&quot; mock. Did you forget to return it from &quot;vi.mock&quot;?
If you need to partially mock a module, you can use &quot;vi.importActual&quot; inside:

[32mvi.mock(&quot;@/components/ui/ConfirmDialog&quot;, async () =&gt; {
  const actual = await vi.importActual(&quot;@/components/ui/ConfirmDialog&quot;)
  return {
    ...actual,
    // your mocked methods
  },
})[39m
" type="Error">
Error: [vitest] No &quot;ConfirmDialog&quot; export is defined on the &quot;@/components/ui/ConfirmDialog&quot; mock. Did you forget to return it from &quot;vi.mock&quot;?
If you need to partially mock a module, you can use &quot;vi.importActual&quot; inside:

[32mvi.mock(&quot;@/components/ui/ConfirmDialog&quot;, async () =&gt; {
  const actual = await vi.importActual(&quot;@/components/ui/ConfirmDialog&quot;)
  return {
    ...actual,
    // your mocked methods
  },
})[39m

 ❯ AdminDashboard src/pages/AdminDashboard.tsx:1101:8
 ❯ renderWithHooks node_modules/.pnpm/react-dom@18.3.1_react@18.3.1/node_modules/react-dom/cjs/react-dom.development.js:15486:18
 ❯ mountIndeterminateComponent node_modules/.pnpm/react-dom@18.3.1_react@18.3.1/node_modules/react-dom/cjs/react-dom.development.js:20103:13
 ❯ beginWork node_modules/.pnpm/react-dom@18.3.1_react@18.3.1/node_modules/react-dom/cjs/react-dom.development.js:21626:16
 ❯ beginWork$1 node_modules/.pnpm/react-dom@18.3.1_react@18.3.1/node_modules/react-dom/cjs/react-dom.development.js:27465:14
 ❯ performUnitOfWork node_modules/.pnpm/react-dom@18.3.1_react@18.3.1/node_modules/react-dom/cjs/react-dom.development.js:26599:12
 ❯ workLoopSync node_modules/.pnpm/react-dom@18.3.1_react@18.3.1/node_modules/react-dom/cjs/react-dom.development.js:26505:5
 ❯ renderRootSync node_modules/.pnpm/react-dom@18.3.1_react@18.3.1/node_modules/react-dom/cjs/react-dom.development.js:26473:7
            </failure>
        </testcase>
        <testcase classname="src/pages/__tests__/AdminDashboard.robustness.test.tsx" name="AdminDashboard robustness to API failures &gt; shows error toast when all sections fail" time="0.164">
            <system-err>
Error: Uncaught [Error: [vitest] No &quot;ConfirmDialog&quot; export is defined on the &quot;@/components/ui/ConfirmDialog&quot; mock. Did you forget to return it from &quot;vi.mock&quot;?
If you need to partially mock a module, you can use &quot;vi.importActual&quot; inside:

[32mvi.mock(&quot;@/components/ui/ConfirmDialog&quot;, async () =&gt; {
  const actual = await vi.importActual(&quot;@/components/ui/ConfirmDialog&quot;)
  return {
    ...actual,
    // your mocked methods
  },
})[39m
]
    at reportException (/home/alex/projects/fin-model/frontend/node_modules/.pnpm/jsdom@22.1.0/node_modules/jsdom/lib/jsdom/living/helpers/runtime-script-errors.js:66:24)
    at innerInvokeEventListeners (/home/alex/projects/fin-model/frontend/node_modules/.pnpm/jsdom@22.1.0/node_modules/jsdom/lib/jsdom/living/events/EventTarget-impl.js:353:9)
    at invokeEventListeners (/home/alex/projects/fin-model/frontend/node_modules/.pnpm/jsdom@22.1.0/node_modules/jsdom/lib/jsdom/living/events/EventTarget-impl.js:286:3)
    at HTMLUnknownElementImpl._dispatch (/home/alex/projects/fin-model/frontend/node_modules/.pnpm/jsdom@22.1.0/node_modules/jsdom/lib/jsdom/living/events/EventTarget-impl.js:233:9)
    at HTMLUnknownElementImpl.dispatchEvent (/home/alex/projects/fin-model/frontend/node_modules/.pnpm/jsdom@22.1.0/node_modules/jsdom/lib/jsdom/living/events/EventTarget-impl.js:104:17)
    at HTMLUnknownElement.dispatchEvent (/home/alex/projects/fin-model/frontend/node_modules/.pnpm/jsdom@22.1.0/node_modules/jsdom/lib/jsdom/living/generated/EventTarget.js:241:34)
    at Object.invokeGuardedCallbackDev (/home/alex/projects/fin-model/frontend/node_modules/.pnpm/react-dom@18.3.1_react@18.3.1/node_modules/react-dom/cjs/react-dom.development.js:4213:16)
    at invokeGuardedCallback (/home/alex/projects/fin-model/frontend/node_modules/.pnpm/react-dom@18.3.1_react@18.3.1/node_modules/react-dom/cjs/react-dom.development.js:4277:31)
    at beginWork$1 (/home/alex/projects/fin-model/frontend/node_modules/.pnpm/react-dom@18.3.1_react@18.3.1/node_modules/react-dom/cjs/react-dom.development.js:27490:7)
    at performUnitOfWork (/home/alex/projects/fin-model/frontend/node_modules/.pnpm/react-dom@18.3.1_react@18.3.1/node_modules/react-dom/cjs/react-dom.development.js:26599:12) Error: [vitest] No &quot;ConfirmDialog&quot; export is defined on the &quot;@/components/ui/ConfirmDialog&quot; mock. Did you forget to return it from &quot;vi.mock&quot;?
If you need to partially mock a module, you can use &quot;vi.importActual&quot; inside:

[32mvi.mock(&quot;@/components/ui/ConfirmDialog&quot;, async () =&gt; {
  const actual = await vi.importActual(&quot;@/components/ui/ConfirmDialog&quot;)
  return {
    ...actual,
    // your mocked methods
  },
})[39m

    at VitestMocker.createError [90m(file:///home/alex/projects/fin-model/frontend/[39mnode_modules/[4m.pnpm[24m/vitest@0.34.6_jsdom@22.1.0_playwright@1.54.2/node_modules/[4mvitest[24m/dist/vendor-execute.07d1a420.js:80:12[90m)[39m
    at Object.ConfirmDialog [as get] [90m(file:///home/alex/projects/fin-model/frontend/[39mnode_modules/[4m.pnpm[24m/vitest@0.34.6_jsdom@22.1.0_playwright@1.54.2/node_modules/[4mvitest[24m/dist/vendor-execute.07d1a420.js:153:22[90m)[39m
    at AdminDashboard [90m(/home/alex/projects/fin-model/frontend/[39msrc/pages/AdminDashboard.tsx:1101:8[90m)[39m
    at renderWithHooks [90m(/home/alex/projects/fin-model/frontend/[39mnode_modules/[4m.pnpm[24m/react-dom@18.3.1_react@18.3.1/node_modules/[4mreact-dom[24m/cjs/react-dom.development.js:15486:18[90m)[39m
    at mountIndeterminateComponent [90m(/home/alex/projects/fin-model/frontend/[39mnode_modules/[4m.pnpm[24m/react-dom@18.3.1_react@18.3.1/node_modules/[4mreact-dom[24m/cjs/react-dom.development.js:20103:13[90m)[39m
    at beginWork [90m(/home/alex/projects/fin-model/frontend/[39mnode_modules/[4m.pnpm[24m/react-dom@18.3.1_react@18.3.1/node_modules/[4mreact-dom[24m/cjs/react-dom.development.js:21626:16[90m)[39m
    at HTMLUnknownElement.callCallback [90m(/home/alex/projects/fin-model/frontend/[39mnode_modules/[4m.pnpm[24m/react-dom@18.3.1_react@18.3.1/node_modules/[4mreact-dom[24m/cjs/react-dom.development.js:4164:14[90m)[39m
    at HTMLUnknownElement.callTheUserObjectsOperation [90m(/home/alex/projects/fin-model/frontend/[39mnode_modules/[4m.pnpm[24m/jsdom@22.1.0/node_modules/[4mjsdom[24m/lib/jsdom/living/generated/EventListener.js:26:30[90m)[39m
    at innerInvokeEventListeners [90m(/home/alex/projects/fin-model/frontend/[39mnode_modules/[4m.pnpm[24m/jsdom@22.1.0/node_modules/[4mjsdom[24m/lib/jsdom/living/events/EventTarget-impl.js:350:25[90m)[39m
    at invokeEventListeners [90m(/home/alex/projects/fin-model/frontend/[39mnode_modules/[4m.pnpm[24m/jsdom@22.1.0/node_modules/[4mjsdom[24m/lib/jsdom/living/events/EventTarget-impl.js:286:3[90m)[39m
Error: Uncaught [Error: [vitest] No &quot;ConfirmDialog&quot; export is defined on the &quot;@/components/ui/ConfirmDialog&quot; mock. Did you forget to return it from &quot;vi.mock&quot;?
If you need to partially mock a module, you can use &quot;vi.importActual&quot; inside:

[32mvi.mock(&quot;@/components/ui/ConfirmDialog&quot;, async () =&gt; {
  const actual = await vi.importActual(&quot;@/components/ui/ConfirmDialog&quot;)
  return {
    ...actual,
    // your mocked methods
  },
})[39m
]
    at reportException (/home/alex/projects/fin-model/frontend/node_modules/.pnpm/jsdom@22.1.0/node_modules/jsdom/lib/jsdom/living/helpers/runtime-script-errors.js:66:24)
    at innerInvokeEventListeners (/home/alex/projects/fin-model/frontend/node_modules/.pnpm/jsdom@22.1.0/node_modules/jsdom/lib/jsdom/living/events/EventTarget-impl.js:353:9)
    at invokeEventListeners (/home/alex/projects/fin-model/frontend/node_modules/.pnpm/jsdom@22.1.0/node_modules/jsdom/lib/jsdom/living/events/EventTarget-impl.js:286:3)
    at HTMLUnknownElementImpl._dispatch (/home/alex/projects/fin-model/frontend/node_modules/.pnpm/jsdom@22.1.0/node_modules/jsdom/lib/jsdom/living/events/EventTarget-impl.js:233:9)
    at HTMLUnknownElementImpl.dispatchEvent (/home/alex/projects/fin-model/frontend/node_modules/.pnpm/jsdom@22.1.0/node_modules/jsdom/lib/jsdom/living/events/EventTarget-impl.js:104:17)
    at HTMLUnknownElement.dispatchEvent (/home/alex/projects/fin-model/frontend/node_modules/.pnpm/jsdom@22.1.0/node_modules/jsdom/lib/jsdom/living/generated/EventTarget.js:241:34)
    at Object.invokeGuardedCallbackDev (/home/alex/projects/fin-model/frontend/node_modules/.pnpm/react-dom@18.3.1_react@18.3.1/node_modules/react-dom/cjs/react-dom.development.js:4213:16)
    at invokeGuardedCallback (/home/alex/projects/fin-model/frontend/node_modules/.pnpm/react-dom@18.3.1_react@18.3.1/node_modules/react-dom/cjs/react-dom.development.js:4277:31)
    at beginWork$1 (/home/alex/projects/fin-model/frontend/node_modules/.pnpm/react-dom@18.3.1_react@18.3.1/node_modules/react-dom/cjs/react-dom.development.js:27490:7)
    at performUnitOfWork (/home/alex/projects/fin-model/frontend/node_modules/.pnpm/react-dom@18.3.1_react@18.3.1/node_modules/react-dom/cjs/react-dom.development.js:26599:12) Error: [vitest] No &quot;ConfirmDialog&quot; export is defined on the &quot;@/components/ui/ConfirmDialog&quot; mock. Did you forget to return it from &quot;vi.mock&quot;?
If you need to partially mock a module, you can use &quot;vi.importActual&quot; inside:

[32mvi.mock(&quot;@/components/ui/ConfirmDialog&quot;, async () =&gt; {
  const actual = await vi.importActual(&quot;@/components/ui/ConfirmDialog&quot;)
  return {
    ...actual,
    // your mocked methods
  },
})[39m

    at VitestMocker.createError [90m(file:///home/alex/projects/fin-model/frontend/[39mnode_modules/[4m.pnpm[24m/vitest@0.34.6_jsdom@22.1.0_playwright@1.54.2/node_modules/[4mvitest[24m/dist/vendor-execute.07d1a420.js:80:12[90m)[39m
    at Object.ConfirmDialog [as get] [90m(file:///home/alex/projects/fin-model/frontend/[39mnode_modules/[4m.pnpm[24m/vitest@0.34.6_jsdom@22.1.0_playwright@1.54.2/node_modules/[4mvitest[24m/dist/vendor-execute.07d1a420.js:153:22[90m)[39m
    at AdminDashboard [90m(/home/alex/projects/fin-model/frontend/[39msrc/pages/AdminDashboard.tsx:1101:8[90m)[39m
    at renderWithHooks [90m(/home/alex/projects/fin-model/frontend/[39mnode_modules/[4m.pnpm[24m/react-dom@18.3.1_react@18.3.1/node_modules/[4mreact-dom[24m/cjs/react-dom.development.js:15486:18[90m)[39m
    at mountIndeterminateComponent [90m(/home/alex/projects/fin-model/frontend/[39mnode_modules/[4m.pnpm[24m/react-dom@18.3.1_react@18.3.1/node_modules/[4mreact-dom[24m/cjs/react-dom.development.js:20103:13[90m)[39m
    at beginWork [90m(/home/alex/projects/fin-model/frontend/[39mnode_modules/[4m.pnpm[24m/react-dom@18.3.1_react@18.3.1/node_modules/[4mreact-dom[24m/cjs/react-dom.development.js:21626:16[90m)[39m
    at HTMLUnknownElement.callCallback [90m(/home/alex/projects/fin-model/frontend/[39mnode_modules/[4m.pnpm[24m/react-dom@18.3.1_react@18.3.1/node_modules/[4mreact-dom[24m/cjs/react-dom.development.js:4164:14[90m)[39m
    at HTMLUnknownElement.callTheUserObjectsOperation [90m(/home/alex/projects/fin-model/frontend/[39mnode_modules/[4m.pnpm[24m/jsdom@22.1.0/node_modules/[4mjsdom[24m/lib/jsdom/living/generated/EventListener.js:26:30[90m)[39m
    at innerInvokeEventListeners [90m(/home/alex/projects/fin-model/frontend/[39mnode_modules/[4m.pnpm[24m/jsdom@22.1.0/node_modules/[4mjsdom[24m/lib/jsdom/living/events/EventTarget-impl.js:350:25[90m)[39m
    at invokeEventListeners [90m(/home/alex/projects/fin-model/frontend/[39mnode_modules/[4m.pnpm[24m/jsdom@22.1.0/node_modules/[4mjsdom[24m/lib/jsdom/living/events/EventTarget-impl.js:286:3[90m)[39m
The above error occurred in the &lt;AdminDashboard&gt; component:

    at AdminDashboard (/home/alex/projects/fin-model/frontend/src/pages/AdminDashboard.tsx:46:79)

Consider adding an error boundary to your tree to customize error handling behavior.
Visit https://reactjs.org/link/error-boundaries to learn more about error boundaries.

            </system-err>
            <failure message="[vitest] No &quot;ConfirmDialog&quot; export is defined on the &quot;@/components/ui/ConfirmDialog&quot; mock. Did you forget to return it from &quot;vi.mock&quot;?
If you need to partially mock a module, you can use &quot;vi.importActual&quot; inside:

[32mvi.mock(&quot;@/components/ui/ConfirmDialog&quot;, async () =&gt; {
  const actual = await vi.importActual(&quot;@/components/ui/ConfirmDialog&quot;)
  return {
    ...actual,
    // your mocked methods
  },
})[39m
" type="Error">
Error: [vitest] No &quot;ConfirmDialog&quot; export is defined on the &quot;@/components/ui/ConfirmDialog&quot; mock. Did you forget to return it from &quot;vi.mock&quot;?
If you need to partially mock a module, you can use &quot;vi.importActual&quot; inside:

[32mvi.mock(&quot;@/components/ui/ConfirmDialog&quot;, async () =&gt; {
  const actual = await vi.importActual(&quot;@/components/ui/ConfirmDialog&quot;)
  return {
    ...actual,
    // your mocked methods
  },
})[39m

 ❯ AdminDashboard src/pages/AdminDashboard.tsx:1101:8
 ❯ renderWithHooks node_modules/.pnpm/react-dom@18.3.1_react@18.3.1/node_modules/react-dom/cjs/react-dom.development.js:15486:18
 ❯ mountIndeterminateComponent node_modules/.pnpm/react-dom@18.3.1_react@18.3.1/node_modules/react-dom/cjs/react-dom.development.js:20103:13
 ❯ beginWork node_modules/.pnpm/react-dom@18.3.1_react@18.3.1/node_modules/react-dom/cjs/react-dom.development.js:21626:16
 ❯ beginWork$1 node_modules/.pnpm/react-dom@18.3.1_react@18.3.1/node_modules/react-dom/cjs/react-dom.development.js:27465:14
 ❯ performUnitOfWork node_modules/.pnpm/react-dom@18.3.1_react@18.3.1/node_modules/react-dom/cjs/react-dom.development.js:26599:12
 ❯ workLoopSync node_modules/.pnpm/react-dom@18.3.1_react@18.3.1/node_modules/react-dom/cjs/react-dom.development.js:26505:5
 ❯ renderRootSync node_modules/.pnpm/react-dom@18.3.1_react@18.3.1/node_modules/react-dom/cjs/react-dom.development.js:26473:7
            </failure>
        </testcase>
    </testsuite>
    <testsuite name="src/stores/__tests__/utils.test.ts" timestamp="2025-08-10T11:51:31.956Z" hostname="DESKTOP-CSMHNRS" tests="2" failures="0" errors="0" skipped="0" time="0.174">
        <testcase classname="src/stores/__tests__/utils.test.ts" name="createAsyncResource &gt; updates state on success" time="0.017">
        </testcase>
        <testcase classname="src/stores/__tests__/utils.test.ts" name="createAsyncResource &gt; handles errors" time="0.007">
        </testcase>
    </testsuite>
    <testsuite name="src/components/Admin/__tests__/OverviewSection.test.tsx" timestamp="2025-08-10T11:51:31.963Z" hostname="DESKTOP-CSMHNRS" tests="22" failures="0" errors="0" skipped="0" time="5.648">
        <testcase classname="src/components/Admin/__tests__/OverviewSection.test.tsx" name="OverviewSection &gt; Loading States &gt; should show loading skeleton when data is loading" time="0.384">
            <system-err>
Warning: `ReactDOMTestUtils.act` is deprecated in favor of `React.act`. Import `act` from `react` instead of `react-dom/test-utils`. See https://react.dev/warnings/react-dom-test-utils for more info.

            </system-err>
        </testcase>
        <testcase classname="src/components/Admin/__tests__/OverviewSection.test.tsx" name="OverviewSection &gt; Loading States &gt; should not show loading skeleton when data exists" time="0.67">
        </testcase>
        <testcase classname="src/components/Admin/__tests__/OverviewSection.test.tsx" name="OverviewSection &gt; System Statistics Display &gt; should display system statistics correctly" time="0.595">
        </testcase>
        <testcase classname="src/components/Admin/__tests__/OverviewSection.test.tsx" name="OverviewSection &gt; System Statistics Display &gt; should handle missing data gracefully" time="0.22">
        </testcase>
        <testcase classname="src/components/Admin/__tests__/OverviewSection.test.tsx" name="OverviewSection &gt; System Statistics Display &gt; should display progress bars with correct percentages" time="0.291">
        </testcase>
        <testcase classname="src/components/Admin/__tests__/OverviewSection.test.tsx" name="OverviewSection &gt; System Health Indicators &gt; should show green indicators for healthy metrics" time="0.312">
        </testcase>
        <testcase classname="src/components/Admin/__tests__/OverviewSection.test.tsx" name="OverviewSection &gt; System Health Indicators &gt; should show warning indicators for medium usage" time="0.146">
        </testcase>
        <testcase classname="src/components/Admin/__tests__/OverviewSection.test.tsx" name="OverviewSection &gt; System Health Indicators &gt; should show critical indicators for high usage" time="0.324">
        </testcase>
        <testcase classname="src/components/Admin/__tests__/OverviewSection.test.tsx" name="OverviewSection &gt; Performance Metrics &gt; should display performance metrics correctly" time="0.134">
        </testcase>
        <testcase classname="src/components/Admin/__tests__/OverviewSection.test.tsx" name="OverviewSection &gt; Performance Metrics &gt; should handle null values in metrics" time="0.099">
        </testcase>
        <testcase classname="src/components/Admin/__tests__/OverviewSection.test.tsx" name="OverviewSection &gt; User Activity Section &gt; should display user activity when data is available" time="0.204">
        </testcase>
        <testcase classname="src/components/Admin/__tests__/OverviewSection.test.tsx" name="OverviewSection &gt; User Activity Section &gt; should not show user activity section when no data" time="0.049">
        </testcase>
        <testcase classname="src/components/Admin/__tests__/OverviewSection.test.tsx" name="OverviewSection &gt; User Activity Section &gt; should display activity summary correctly" time="0.255">
        </testcase>
        <testcase classname="src/components/Admin/__tests__/OverviewSection.test.tsx" name="OverviewSection &gt; User Activity Section &gt; should limit displayed users to 6" time="0.272">
        </testcase>
        <testcase classname="src/components/Admin/__tests__/OverviewSection.test.tsx" name="OverviewSection &gt; Error States &gt; should show unavailable message when no data is present" time="0.051">
        </testcase>
        <testcase classname="src/components/Admin/__tests__/OverviewSection.test.tsx" name="OverviewSection &gt; Error Boundary Integration &gt; should wrap content in error boundary" time="0.163">
        </testcase>
        <testcase classname="src/components/Admin/__tests__/OverviewSection.test.tsx" name="OverviewSection &gt; Error Boundary Integration &gt; should call fetchOverviewData when retry is clicked" time="0.45">
        </testcase>
        <testcase classname="src/components/Admin/__tests__/OverviewSection.test.tsx" name="OverviewSection &gt; Accessibility &gt; should have proper ARIA labels and roles" time="0.429">
        </testcase>
        <testcase classname="src/components/Admin/__tests__/OverviewSection.test.tsx" name="OverviewSection &gt; Accessibility &gt; should have keyboard accessible buttons" time="0.142">
        </testcase>
        <testcase classname="src/components/Admin/__tests__/OverviewSection.test.tsx" name="OverviewSection &gt; Data Formatting &gt; should format numbers with commas" time="0.108">
        </testcase>
        <testcase classname="src/components/Admin/__tests__/OverviewSection.test.tsx" name="OverviewSection &gt; Data Formatting &gt; should handle zero values correctly" time="0.203">
        </testcase>
        <testcase classname="src/components/Admin/__tests__/OverviewSection.test.tsx" name="OverviewSection &gt; Data Formatting &gt; should handle null/undefined values gracefully" time="0.121">
        </testcase>
    </testsuite>
    <testsuite name="src/components/ui/__tests__/ConfirmDialog.test.tsx" timestamp="2025-08-10T11:51:31.996Z" hostname="DESKTOP-CSMHNRS" tests="1" failures="1" errors="0" skipped="0" time="0.162">
        <testcase classname="src/components/ui/__tests__/ConfirmDialog.test.tsx" name="ConfirmDialog &gt; is accessible and handles confirmation" time="0.12">
            <failure message="[vitest] No &quot;ConfirmDialog&quot; export is defined on the &quot;@/components/ui/ConfirmDialog&quot; mock. Did you forget to return it from &quot;vi.mock&quot;?
If you need to partially mock a module, you can use &quot;vi.importActual&quot; inside:

[32mvi.mock(&quot;@/components/ui/ConfirmDialog&quot;, async () =&gt; {
  const actual = await vi.importActual(&quot;@/components/ui/ConfirmDialog&quot;)
  return {
    ...actual,
    // your mocked methods
  },
})[39m
" type="Error">
Error: [vitest] No &quot;ConfirmDialog&quot; export is defined on the &quot;@/components/ui/ConfirmDialog&quot; mock. Did you forget to return it from &quot;vi.mock&quot;?
If you need to partially mock a module, you can use &quot;vi.importActual&quot; inside:

[32mvi.mock(&quot;@/components/ui/ConfirmDialog&quot;, async () =&gt; {
  const actual = await vi.importActual(&quot;@/components/ui/ConfirmDialog&quot;)
  return {
    ...actual,
    // your mocked methods
  },
})[39m

 ❯ src/components/ui/__tests__/ConfirmDialog.test.tsx:14:8
            </failure>
        </testcase>
    </testsuite>
    <testsuite name="src/components/AdminDashboard/__tests__/HealthTab.test.tsx" timestamp="2025-08-10T11:51:32.001Z" hostname="DESKTOP-CSMHNRS" tests="2" failures="0" errors="0" skipped="0" time="0.314">
        <testcase classname="src/components/AdminDashboard/__tests__/HealthTab.test.tsx" name="HealthTab &gt; shows system and database health when present" time="0.201">
            <system-err>
Warning: `ReactDOMTestUtils.act` is deprecated in favor of `React.act`. Import `act` from `react` instead of `react-dom/test-utils`. See https://react.dev/warnings/react-dom-test-utils for more info.

            </system-err>
        </testcase>
        <testcase classname="src/components/AdminDashboard/__tests__/HealthTab.test.tsx" name="HealthTab &gt; shows absent messages when health not available" time="0.043">
        </testcase>
    </testsuite>
    <testsuite name="src/components/AdminDashboard/__tests__/LogFilterForm.test.tsx" timestamp="2025-08-10T11:51:32.006Z" hostname="DESKTOP-CSMHNRS" tests="1" failures="0" errors="0" skipped="0" time="1.109">
        <testcase classname="src/components/AdminDashboard/__tests__/LogFilterForm.test.tsx" name="LogFilterForm &gt; triggers callbacks on user interactions" time="1.102">
            <system-err>
Warning: `ReactDOMTestUtils.act` is deprecated in favor of `React.act`. Import `act` from `react` instead of `react-dom/test-utils`. See https://react.dev/warnings/react-dom-test-utils for more info.

            </system-err>
        </testcase>
    </testsuite>
    <testsuite name="src/components/AdminDashboard/__tests__/LogsTab.filters.test.tsx" timestamp="2025-08-10T11:51:32.011Z" hostname="DESKTOP-CSMHNRS" tests="1" failures="1" errors="0" skipped="0" time="1.818">
        <testcase classname="src/components/AdminDashboard/__tests__/LogsTab.filters.test.tsx" name="LogsTab filters &gt; applies filters and refreshes logs" time="1.801">
            <system-err>
Warning: `ReactDOMTestUtils.act` is deprecated in favor of `React.act`. Import `act` from `react` instead of `react-dom/test-utils`. See https://react.dev/warnings/react-dom-test-utils for more info.

            </system-err>
            <failure message="expected last &quot;spy&quot; call to have been called with [ { search: &apos;timeout&apos;, …(5) } ]" type="AssertionError">
AssertionError: expected last &quot;spy&quot; call to have been called with [ { search: &apos;timeout&apos;, …(5) } ]
 ❯ src/components/AdminDashboard/__tests__/LogsTab.filters.test.tsx:57:31
            </failure>
        </testcase>
    </testsuite>
    <testsuite name="src/components/AdminDashboard/__tests__/LogsTab.test.tsx" timestamp="2025-08-10T11:51:32.020Z" hostname="DESKTOP-CSMHNRS" tests="1" failures="0" errors="0" skipped="0" time="0.827">
        <testcase classname="src/components/AdminDashboard/__tests__/LogsTab.test.tsx" name="LogsTab &gt; renders logs and paging controls" time="0.817">
            <system-err>
Warning: `ReactDOMTestUtils.act` is deprecated in favor of `React.act`. Import `act` from `react` instead of `react-dom/test-utils`. See https://react.dev/warnings/react-dom-test-utils for more info.

            </system-err>
        </testcase>
    </testsuite>
    <testsuite name="src/components/AdminDashboard/__tests__/OverviewTab.metrics-alerts.test.tsx" timestamp="2025-08-10T11:51:32.024Z" hostname="DESKTOP-CSMHNRS" tests="1" failures="0" errors="0" skipped="0" time="0.401">
        <testcase classname="src/components/AdminDashboard/__tests__/OverviewTab.metrics-alerts.test.tsx" name="OverviewTab metrics alerts &gt; shows High Memory Usage and Disk Usage alerts" time="0.355">
            <system-err>
Warning: `ReactDOMTestUtils.act` is deprecated in favor of `React.act`. Import `act` from `react` instead of `react-dom/test-utils`. See https://react.dev/warnings/react-dom-test-utils for more info.

            </system-err>
        </testcase>
    </testsuite>
</testsuites>
